[?1h=[?25l[H[2J(B[mtop - 10:08:38 up 8 min,  1 user,  load average: 2.53, 2.68, 1.57(B[m[39;49m(B[m[39;49m[K
Tasks:(B[m[39;49m[1m   0 (B[m[39;49mtotal,(B[m[39;49m[1m   0 (B[m[39;49mrunning,(B[m[39;49m[1m   0 (B[m[39;49msleeping,(B[m[39;49m[1m   0 (B[m[39;49mstopped,(B[m[39;49m[1m   0 (B[m[39;49mzombie(B[m[39;49m(B[m[39;49m[K
%Cpu(s):(B[m[39;49m[1m 21.6 (B[m[39;49mus,(B[m[39;49m[1m  5.8 (B[m[39;49msy,(B[m[39;49m[1m  3.0 (B[m[39;49mni,(B[m[39;49m[1m 51.1 (B[m[39;49mid,(B[m[39;49m[1m 18.1 (B[m[39;49mwa,(B[m[39;49m[1m  0.0 (B[m[39;49mhi,(B[m[39;49m[1m  0.4 (B[m[39;49msi,(B[m[39;49m[1m  0.0 (B[m[39;49mst(B[m[39;49m(B[m[39;49m[K
KiB Mem :(B[m[39;49m[1m 12185132 (B[m[39;49mtotal,(B[m[39;49m[1m  6502584 (B[m[39;49mfree,(B[m[39;49m[1m  1307860 (B[m[39;49mused,(B[m[39;49m[1m  4374688 (B[m[39;49mbuff/cache(B[m[39;49m(B[m[39;49m[K
KiB Swap:(B[m[39;49m[1m        0 (B[m[39;49mtotal,(B[m[39;49m[1m        0 (B[m[39;49mfree,(B[m[39;49m[1m        0 (B[m[39;49mused.(B[m[39;49m[1m 10246700 (B[m[39;49mavail Mem (B[m[39;49m(B[m[39;49m[K
[K
[7m  PID USER      PR  NI    VIRT    RES    SHR S  %CPU %MEM     TIME+ COMMAND     (B[m[39;49m[K
[J[H(B[mtop - 10:08:41 up 9 min,  1 user,  load average: 2.40, 2.65, 1.56(B[m[39;49m(B[m[39;49m[K
Tasks:(B[m[39;49m[1m   0 (B[m[39;49mtotal,(B[m[39;49m[1m   0 (B[m[39;49mrunning,(B[m[39;49m[1m   0 (B[m[39;49msleeping,(B[m[39;49m[1m   0 (B[m[39;49mstopped,(B[m[39;49m[1m   0 (B[m[39;49mzombie(B[m[39;49m(B[m[39;49m[K
%Cpu(s):(B[m[39;49m[1m 12.0 (B[m[39;49mus,(B[m[39;49m[1m  6.9 (B[m[39;49msy,(B[m[39;49m[1m  0.0 (B[m[39;49mni,(B[m[39;49m[1m 74.1 (B[m[39;49mid,(B[m[39;49m[1m  7.0 (B[m[39;49mwa,(B[m[39;49m[1m  0.0 (B[m[39;49mhi,(B[m[39;49m[1m  0.0 (B[m[39;49msi,(B[m[39;49m[1m  0.0 (B[m[39;49mst(B[m[39;49m(B[m[39;49m[K
KiB Mem :(B[m[39;49m[1m 12185132 (B[m[39;49mtotal,(B[m[39;49m[1m  6474404 (B[m[39;49mfree,(B[m[39;49m[1m  1310028 (B[m[39;49mused,(B[m[39;49m[1m  4400700 (B[m[39;49mbuff/cache(B[m[39;49m(B[m[39;49m[K
KiB Swap:(B[m[39;49m[1m        0 (B[m[39;49mtotal,(B[m[39;49m[1m        0 (B[m[39;49mfree,(B[m[39;49m[1m        0 (B[m[39;49mused.(B[m[39;49m[1m 10243616 (B[m[39;49mavail Mem (B[m[39;49m(B[m[39;49m[K
[K

[J[H(B[mtop - 10:08:44 up 9 min,  1 user,  load average: 2.40, 2.65, 1.56(B[m[39;49m(B[m[39;49m[K

%Cpu(s):(B[m[39;49m[1m  8.1 (B[m[39;49mus,(B[m[39;49m[1m 18.7 (B[m[39;49msy,(B[m[39;49m[1m  0.0 (B[m[39;49mni,(B[m[39;49m[1m 72.6 (B[m[39;49mid,(B[m[39;49m[1m  0.5 (B[m[39;49mwa,(B[m[39;49m[1m  0.0 (B[m[39;49mhi,(B[m[39;49m[1m  0.1 (B[m[39;49msi,(B[m[39;49m[1m  0.0 (B[m[39;49mst(B[m[39;49m(B[m[39;49m[K
KiB Mem :(B[m[39;49m[1m 12185132 (B[m[39;49mtotal,(B[m[39;49m[1m  6341416 (B[m[39;49mfree,(B[m[39;49m[1m  1310536 (B[m[39;49mused,(B[m[39;49m[1m  4533180 (B[m[39;49mbuff/cache(B[m[39;49m(B[m[39;49m[K
KiB Swap:(B[m[39;49m[1m        0 (B[m[39;49mtotal,(B[m[39;49m[1m        0 (B[m[39;49mfree,(B[m[39;49m[1m        0 (B[m[39;49mused.(B[m[39;49m[1m 10242772 (B[m[39;49mavail Mem (B[m[39;49m(B[m[39;49m[K
[K

[J[H(B[mtop - 10:08:47 up 9 min,  1 user,  load average: 2.29, 2.62, 1.56(B[m[39;49m(B[m[39;49m[K

%Cpu(s):(B[m[39;49m[1m 21.9 (B[m[39;49mus,(B[m[39;49m[1m  5.5 (B[m[39;49msy,(B[m[39;49m[1m  0.0 (B[m[39;49mni,(B[m[39;49m[1m 71.3 (B[m[39;49mid,(B[m[39;49m[1m  1.1 (B[m[39;49mwa,(B[m[39;49m[1m  0.0 (B[m[39;49mhi,(B[m[39;49m[1m  0.2 (B[m[39;49msi,(B[m[39;49m[1m  0.0 (B[m[39;49mst(B[m[39;49m(B[m[39;49m[K
KiB Mem :(B[m[39;49m[1m 12185132 (B[m[39;49mtotal,(B[m[39;49m[1m  6314564 (B[m[39;49mfree,(B[m[39;49m[1m  1313648 (B[m[39;49mused,(B[m[39;49m[1m  4556920 (B[m[39;49mbuff/cache(B[m[39;49m(B[m[39;49m[K
KiB Swap:(B[m[39;49m[1m        0 (B[m[39;49mtotal,(B[m[39;49m[1m        0 (B[m[39;49mfree,(B[m[39;49m[1m        0 (B[m[39;49mused.(B[m[39;49m[1m 10239632 (B[m[39;49mavail Mem (B[m[39;49m(B[m[39;49m[K
[K

[J[H(B[mtop - 10:08:50 up 9 min,  1 user,  load average: 2.29, 2.62, 1.56(B[m[39;49m(B[m[39;49m[K

%Cpu(s):(B[m[39;49m[1m 25.4 (B[m[39;49mus,(B[m[39;49m[1m  2.2 (B[m[39;49msy,(B[m[39;49m[1m  0.0 (B[m[39;49mni,(B[m[39;49m[1m 71.8 (B[m[39;49mid,(B[m[39;49m[1m  0.5 (B[m[39;49mwa,(B[m[39;49m[1m  0.0 (B[m[39;49mhi,(B[m[39;49m[1m  0.2 (B[m[39;49msi,(B[m[39;49m[1m  0.0 (B[m[39;49mst(B[m[39;49m(B[m[39;49m[K
KiB Mem :(B[m[39;49m[1m 12185132 (B[m[39;49mtotal,(B[m[39;49m[1m  6293352 (B[m[39;49mfree,(B[m[39;49m[1m  1309368 (B[m[39;49mused,(B[m[39;49m[1m  4582412 (B[m[39;49mbuff/cache(B[m[39;49m(B[m[39;49m[K
KiB Swap:(B[m[39;49m[1m        0 (B[m[39;49mtotal,(B[m[39;49m[1m        0 (B[m[39;49mfree,(B[m[39;49m[1m        0 (B[m[39;49mused.(B[m[39;49m[1m 10244068 (B[m[39;49mavail Mem (B[m[39;49m(B[m[39;49m[K
[K

[J[H(B[mtop - 10:08:53 up 9 min,  1 user,  load average: 2.19, 2.59, 1.56(B[m[39;49m(B[m[39;49m[K

%Cpu(s):(B[m[39;49m[1m 11.2 (B[m[39;49mus,(B[m[39;49m[1m  2.6 (B[m[39;49msy,(B[m[39;49m[1m  0.8 (B[m[39;49mni,(B[m[39;49m[1m 62.0 (B[m[39;49mid,(B[m[39;49m[1m 23.2 (B[m[39;49mwa,(B[m[39;49m[1m  0.0 (B[m[39;49mhi,(B[m[39;49m[1m  0.2 (B[m[39;49msi,(B[m[39;49m[1m  0.0 (B[m[39;49mst(B[m[39;49m(B[m[39;49m[K
KiB Mem :(B[m[39;49m[1m 12185132 (B[m[39;49mtotal,(B[m[39;49m[1m  6414632 (B[m[39;49mfree,(B[m[39;49m[1m  1327708 (B[m[39;49mused,(B[m[39;49m[1m  4442792 (B[m[39;49mbuff/cache(B[m[39;49m(B[m[39;49m[K
KiB Swap:(B[m[39;49m[1m        0 (B[m[39;49mtotal,(B[m[39;49m[1m        0 (B[m[39;49mfree,(B[m[39;49m[1m        0 (B[m[39;49mused.(B[m[39;49m[1m 10225552 (B[m[39;49mavail Mem (B[m[39;49m(B[m[39;49m[K
[K

[J[H(B[mtop - 10:08:56 up 9 min,  1 user,  load average: 2.25, 2.60, 1.56(B[m[39;49m(B[m[39;49m[K

%Cpu(s):(B[m[39;49m[1m 16.6 (B[m[39;49mus,(B[m[39;49m[1m  2.4 (B[m[39;49msy,(B[m[39;49m[1m 12.4 (B[m[39;49mni,(B[m[39;49m[1m 66.1 (B[m[39;49mid,(B[m[39;49m[1m  2.0 (B[m[39;49mwa,(B[m[39;49m[1m  0.0 (B[m[39;49mhi,(B[m[39;49m[1m  0.5 (B[m[39;49msi,(B[m[39;49m[1m  0.0 (B[m[39;49mst(B[m[39;49m(B[m[39;49m[K
KiB Mem :(B[m[39;49m[1m 12185132 (B[m[39;49mtotal,(B[m[39;49m[1m  6369104 (B[m[39;49mfree,(B[m[39;49m[1m  1369740 (B[m[39;49mused,(B[m[39;49m[1m  4446288 (B[m[39;49mbuff/cache(B[m[39;49m(B[m[39;49m[K
KiB Swap:(B[m[39;49m[1m        0 (B[m[39;49mtotal,(B[m[39;49m[1m        0 (B[m[39;49mfree,(B[m[39;49m[1m        0 (B[m[39;49mused.(B[m[39;49m[1m 10182508 (B[m[39;49mavail Mem (B[m[39;49m(B[m[39;49m[K
[K

[J[H(B[mtop - 10:08:59 up 9 min,  1 user,  load average: 2.25, 2.60, 1.56(B[m[39;49m(B[m[39;49m[K

%Cpu(s):(B[m[39;49m[1m 15.3 (B[m[39;49mus,(B[m[39;49m[1m 11.6 (B[m[39;49msy,(B[m[39;49m[1m  9.9 (B[m[39;49mni,(B[m[39;49m[1m 49.1 (B[m[39;49mid,(B[m[39;49m[1m 13.8 (B[m[39;49mwa,(B[m[39;49m[1m  0.0 (B[m[39;49mhi,(B[m[39;49m[1m  0.3 (B[m[39;49msi,(B[m[39;49m[1m  0.0 (B[m[39;49mst(B[m[39;49m(B[m[39;49m[K
KiB Mem :(B[m[39;49m[1m 12185132 (B[m[39;49mtotal,(B[m[39;49m[1m  6508292 (B[m[39;49mfree,(B[m[39;49m[1m  1323124 (B[m[39;49mused,(B[m[39;49m[1m  4353716 (B[m[39;49mbuff/cache(B[m[39;49m(B[m[39;49m[K
KiB Swap:(B[m[39;49m[1m        0 (B[m[39;49mtotal,(B[m[39;49m[1m        0 (B[m[39;49mfree,(B[m[39;49m[1m        0 (B[m[39;49mused.(B[m[39;49m[1m 10226892 (B[m[39;49mavail Mem (B[m[39;49m(B[m[39;49m[K
[K

[J[H(B[mtop - 10:09:02 up 9 min,  1 user,  load average: 2.15, 2.57, 1.56(B[m[39;49m(B[m[39;49m[K

%Cpu(s):(B[m[39;49m[1m  5.6 (B[m[39;49mus,(B[m[39;49m[1m  5.3 (B[m[39;49msy,(B[m[39;49m[1m  5.5 (B[m[39;49mni,(B[m[39;49m[1m 60.6 (B[m[39;49mid,(B[m[39;49m[1m 22.8 (B[m[39;49mwa,(B[m[39;49m[1m  0.0 (B[m[39;49mhi,(B[m[39;49m[1m  0.3 (B[m[39;49msi,(B[m[39;49m[1m  0.0 (B[m[39;49mst(B[m[39;49m(B[m[39;49m[K
KiB Mem :(B[m[39;49m[1m 12185132 (B[m[39;49mtotal,(B[m[39;49m[1m  6481860 (B[m[39;49mfree,(B[m[39;49m[1m  1302376 (B[m[39;49mused,(B[m[39;49m[1m  4400896 (B[m[39;49mbuff/cache(B[m[39;49m(B[m[39;49m[K
KiB Swap:(B[m[39;49m[1m        0 (B[m[39;49mtotal,(B[m[39;49m[1m        0 (B[m[39;49mfree,(B[m[39;49m[1m        0 (B[m[39;49mused.(B[m[39;49m[1m 10250476 (B[m[39;49mavail Mem (B[m[39;49m(B[m[39;49m[K
[K

[J[H(B[mtop - 10:09:05 up 9 min,  1 user,  load average: 2.15, 2.57, 1.56(B[m[39;49m(B[m[39;49m[K

%Cpu(s):(B[m[39;49m[1m  2.9 (B[m[39;49mus,(B[m[39;49m[1m  2.1 (B[m[39;49msy,(B[m[39;49m[1m 10.7 (B[m[39;49mni,(B[m[39;49m[1m 59.5 (B[m[39;49mid,(B[m[39;49m[1m 24.5 (B[m[39;49mwa,(B[m[39;49m[1m  0.0 (B[m[39;49mhi,(B[m[39;49m[1m  0.3 (B[m[39;49msi,(B[m[39;49m[1m  0.0 (B[m[39;49mst(B[m[39;49m(B[m[39;49m[K
KiB Mem :(B[m[39;49m[1m 12185132 (B[m[39;49mtotal,(B[m[39;49m[1m  6411208 (B[m[39;49mfree,(B[m[39;49m[1m  1345184 (B[m[39;49mused,(B[m[39;49m[1m  4428740 (B[m[39;49mbuff/cache(B[m[39;49m(B[m[39;49m[K
KiB Swap:(B[m[39;49m[1m        0 (B[m[39;49mtotal,(B[m[39;49m[1m        0 (B[m[39;49mfree,(B[m[39;49m[1m        0 (B[m[39;49mused.(B[m[39;49m[1m 10207360 (B[m[39;49mavail Mem (B[m[39;49m(B[m[39;49m[K
[K

[J[H(B[mtop - 10:09:08 up 9 min,  1 user,  load average: 2.14, 2.56, 1.56(B[m[39;49m(B[m[39;49m[K

%Cpu(s):(B[m[39;49m[1m  6.1 (B[m[39;49mus,(B[m[39;49m[1m  7.1 (B[m[39;49msy,(B[m[39;49m[1m 14.3 (B[m[39;49mni,(B[m[39;49m[1m 52.5 (B[m[39;49mid,(B[m[39;49m[1m 19.5 (B[m[39;49mwa,(B[m[39;49m[1m  0.0 (B[m[39;49mhi,(B[m[39;49m[1m  0.4 (B[m[39;49msi,(B[m[39;49m[1m  0.0 (B[m[39;49mst(B[m[39;49m(B[m[39;49m[K
KiB Mem :(B[m[39;49m[1m 12185132 (B[m[39;49mtotal,(B[m[39;49m[1m  6353520 (B[m[39;49mfree,(B[m[39;49m[1m  1406820 (B[m[39;49mused,(B[m[39;49m[1m  4424792 (B[m[39;49mbuff/cache(B[m[39;49m(B[m[39;49m[K
KiB Swap:(B[m[39;49m[1m        0 (B[m[39;49mtotal,(B[m[39;49m[1m        0 (B[m[39;49mfree,(B[m[39;49m[1m        0 (B[m[39;49mused.(B[m[39;49m[1m 10145088 (B[m[39;49mavail Mem (B[m[39;49m(B[m[39;49m[K
[K

[J[H(B[mtop - 10:09:11 up 9 min,  1 user,  load average: 2.05, 2.54, 1.56(B[m[39;49m(B[m[39;49m[K

%Cpu(s):(B[m[39;49m[1m  5.0 (B[m[39;49mus,(B[m[39;49m[1m  2.6 (B[m[39;49msy,(B[m[39;49m[1m  0.0 (B[m[39;49mni,(B[m[39;49m[1m 74.9 (B[m[39;49mid,(B[m[39;49m[1m 17.2 (B[m[39;49mwa,(B[m[39;49m[1m  0.0 (B[m[39;49mhi,(B[m[39;49m[1m  0.3 (B[m[39;49msi,(B[m[39;49m[1m  0.0 (B[m[39;49mst(B[m[39;49m(B[m[39;49m[K
KiB Mem :(B[m[39;49m[1m 12185132 (B[m[39;49mtotal,(B[m[39;49m[1m  6325140 (B[m[39;49mfree,(B[m[39;49m[1m  1415848 (B[m[39;49mused,(B[m[39;49m[1m  4444144 (B[m[39;49mbuff/cache(B[m[39;49m(B[m[39;49m[K
KiB Swap:(B[m[39;49m[1m        0 (B[m[39;49mtotal,(B[m[39;49m[1m        0 (B[m[39;49mfree,(B[m[39;49m[1m        0 (B[m[39;49mused.(B[m[39;49m[1m 10138084 (B[m[39;49mavail Mem (B[m[39;49m(B[m[39;49m[K
[K

[J[H(B[mtop - 10:09:14 up 9 min,  1 user,  load average: 2.05, 2.54, 1.56(B[m[39;49m(B[m[39;49m[K

%Cpu(s):(B[m[39;49m[1m  5.1 (B[m[39;49mus,(B[m[39;49m[1m  2.1 (B[m[39;49msy,(B[m[39;49m[1m  0.0 (B[m[39;49mni,(B[m[39;49m[1m 76.4 (B[m[39;49mid,(B[m[39;49m[1m 16.1 (B[m[39;49mwa,(B[m[39;49m[1m  0.0 (B[m[39;49mhi,(B[m[39;49m[1m  0.3 (B[m[39;49msi,(B[m[39;49m[1m  0.0 (B[m[39;49mst(B[m[39;49m(B[m[39;49m[K
KiB Mem :(B[m[39;49m[1m 12185132 (B[m[39;49mtotal,(B[m[39;49m[1m  6280020 (B[m[39;49mfree,(B[m[39;49m[1m  1433720 (B[m[39;49mused,(B[m[39;49m[1m  4471392 (B[m[39;49mbuff/cache(B[m[39;49m(B[m[39;49m[K
KiB Swap:(B[m[39;49m[1m        0 (B[m[39;49mtotal,(B[m[39;49m[1m        0 (B[m[39;49mfree,(B[m[39;49m[1m        0 (B[m[39;49mused.(B[m[39;49m[1m 10118812 (B[m[39;49mavail Mem (B[m[39;49m(B[m[39;49m[K
[K

[J[H(B[mtop - 10:09:17 up 9 min,  1 user,  load average: 1.96, 2.51, 1.56(B[m[39;49m(B[m[39;49m[K

%Cpu(s):(B[m[39;49m[1m  7.8 (B[m[39;49mus,(B[m[39;49m[1m  2.2 (B[m[39;49msy,(B[m[39;49m[1m  0.0 (B[m[39;49mni,(B[m[39;49m[1m 76.3 (B[m[39;49mid,(B[m[39;49m[1m 13.4 (B[m[39;49mwa,(B[m[39;49m[1m  0.0 (B[m[39;49mhi,(B[m[39;49m[1m  0.3 (B[m[39;49msi,(B[m[39;49m[1m  0.0 (B[m[39;49mst(B[m[39;49m(B[m[39;49m[K
KiB Mem :(B[m[39;49m[1m 12185132 (B[m[39;49mtotal,(B[m[39;49m[1m  6227824 (B[m[39;49mfree,(B[m[39;49m[1m  1463492 (B[m[39;49mused,(B[m[39;49m[1m  4493816 (B[m[39;49mbuff/cache(B[m[39;49m(B[m[39;49m[K
KiB Swap:(B[m[39;49m[1m        0 (B[m[39;49mtotal,(B[m[39;49m[1m        0 (B[m[39;49mfree,(B[m[39;49m[1m        0 (B[m[39;49mused.(B[m[39;49m[1m 10089068 (B[m[39;49mavail Mem (B[m[39;49m(B[m[39;49m[K
[K

[J[H(B[mtop - 10:09:20 up 9 min,  1 user,  load average: 1.96, 2.51, 1.56(B[m[39;49m(B[m[39;49m[K

%Cpu(s):(B[m[39;49m[1m 19.2 (B[m[39;49mus,(B[m[39;49m[1m 11.0 (B[m[39;49msy,(B[m[39;49m[1m  0.0 (B[m[39;49mni,(B[m[39;49m[1m 60.1 (B[m[39;49mid,(B[m[39;49m[1m  9.5 (B[m[39;49mwa,(B[m[39;49m[1m  0.0 (B[m[39;49mhi,(B[m[39;49m[1m  0.3 (B[m[39;49msi,(B[m[39;49m[1m  0.0 (B[m[39;49mst(B[m[39;49m(B[m[39;49m[K
KiB Mem :(B[m[39;49m[1m 12185132 (B[m[39;49mtotal,(B[m[39;49m[1m  6167520 (B[m[39;49mfree,(B[m[39;49m[1m  1511500 (B[m[39;49mused,(B[m[39;49m[1m  4506112 (B[m[39;49mbuff/cache(B[m[39;49m(B[m[39;49m[K
KiB Swap:(B[m[39;49m[1m        0 (B[m[39;49mtotal,(B[m[39;49m[1m        0 (B[m[39;49mfree,(B[m[39;49m[1m        0 (B[m[39;49mused.(B[m[39;49m[1m 10042580 (B[m[39;49mavail Mem (B[m[39;49m(B[m[39;49m[K
[K

[J[H(B[mtop - 10:09:23 up 9 min,  1 user,  load average: 1.89, 2.49, 1.55(B[m[39;49m(B[m[39;49m[K

%Cpu(s):(B[m[39;49m[1m 22.5 (B[m[39;49mus,(B[m[39;49m[1m  1.3 (B[m[39;49msy,(B[m[39;49m[1m  0.0 (B[m[39;49mni,(B[m[39;49m[1m 66.2 (B[m[39;49mid,(B[m[39;49m[1m  9.7 (B[m[39;49mwa,(B[m[39;49m[1m  0.0 (B[m[39;49mhi,(B[m[39;49m[1m  0.3 (B[m[39;49msi,(B[m[39;49m[1m  0.0 (B[m[39;49mst(B[m[39;49m(B[m[39;49m[K
KiB Mem :(B[m[39;49m[1m 12185132 (B[m[39;49mtotal,(B[m[39;49m[1m  6122124 (B[m[39;49mfree,(B[m[39;49m[1m  1549444 (B[m[39;49mused,(B[m[39;49m[1m  4513564 (B[m[39;49mbuff/cache(B[m[39;49m(B[m[39;49m[K
KiB Swap:(B[m[39;49m[1m        0 (B[m[39;49mtotal,(B[m[39;49m[1m        0 (B[m[39;49mfree,(B[m[39;49m[1m        0 (B[m[39;49mused.(B[m[39;49m[1m 10002464 (B[m[39;49mavail Mem (B[m[39;49m(B[m[39;49m[K
[K

[J[H(B[mtop - 10:09:26 up 9 min,  1 user,  load average: 1.82, 2.46, 1.55(B[m[39;49m(B[m[39;49m[K

%Cpu(s):(B[m[39;49m[1m 31.0 (B[m[39;49mus,(B[m[39;49m[1m  2.0 (B[m[39;49msy,(B[m[39;49m[1m  0.0 (B[m[39;49mni,(B[m[39;49m[1m 49.7 (B[m[39;49mid,(B[m[39;49m[1m 16.5 (B[m[39;49mwa,(B[m[39;49m[1m  0.0 (B[m[39;49mhi,(B[m[39;49m[1m  0.8 (B[m[39;49msi,(B[m[39;49m[1m  0.0 (B[m[39;49mst(B[m[39;49m(B[m[39;49m[K
KiB Mem :(B[m[39;49m[1m 12185132 (B[m[39;49mtotal,(B[m[39;49m[1m  6024600 (B[m[39;49mfree,(B[m[39;49m[1m  1630284 (B[m[39;49mused,(B[m[39;49m[1m  4530248 (B[m[39;49mbuff/cache(B[m[39;49m(B[m[39;49m[K
KiB Swap:(B[m[39;49m[1m        0 (B[m[39;49mtotal,(B[m[39;49m[1m        0 (B[m[39;49mfree,(B[m[39;49m[1m        0 (B[m[39;49mused.(B[m[39;49m[1m  9915152 (B[m[39;49mavail Mem (B[m[39;49m(B[m[39;49m[K
[K

[J[H(B[mtop - 10:09:29 up 9 min,  1 user,  load average: 1.82, 2.46, 1.55(B[m[39;49m(B[m[39;49m[K

%Cpu(s):(B[m[39;49m[1m  6.8 (B[m[39;49mus,(B[m[39;49m[1m  2.9 (B[m[39;49msy,(B[m[39;49m[1m  0.0 (B[m[39;49mni,(B[m[39;49m[1m 88.5 (B[m[39;49mid,(B[m[39;49m[1m  1.3 (B[m[39;49mwa,(B[m[39;49m[1m  0.0 (B[m[39;49mhi,(B[m[39;49m[1m  0.4 (B[m[39;49msi,(B[m[39;49m[1m  0.0 (B[m[39;49mst(B[m[39;49m(B[m[39;49m[K
KiB Mem :(B[m[39;49m[1m 12185132 (B[m[39;49mtotal,(B[m[39;49m[1m  6024104 (B[m[39;49mfree,(B[m[39;49m[1m  1631160 (B[m[39;49mused,(B[m[39;49m[1m  4529868 (B[m[39;49mbuff/cache(B[m[39;49m(B[m[39;49m[K
KiB Swap:(B[m[39;49m[1m        0 (B[m[39;49mtotal,(B[m[39;49m[1m        0 (B[m[39;49mfree,(B[m[39;49m[1m        0 (B[m[39;49mused.(B[m[39;49m[1m  9914632 (B[m[39;49mavail Mem (B[m[39;49m(B[m[39;49m[K
[K

[J[H(B[mtop - 10:09:32 up 9 min,  1 user,  load average: 1.75, 2.44, 1.55(B[m[39;49m(B[m[39;49m[K

%Cpu(s):(B[m[39;49m[1m  3.6 (B[m[39;49mus,(B[m[39;49m[1m  1.4 (B[m[39;49msy,(B[m[39;49m[1m  0.0 (B[m[39;49mni,(B[m[39;49m[1m 93.9 (B[m[39;49mid,(B[m[39;49m[1m  0.8 (B[m[39;49mwa,(B[m[39;49m[1m  0.0 (B[m[39;49mhi,(B[m[39;49m[1m  0.3 (B[m[39;49msi,(B[m[39;49m[1m  0.0 (B[m[39;49mst(B[m[39;49m(B[m[39;49m[K
KiB Mem :(B[m[39;49m[1m 12185132 (B[m[39;49mtotal,(B[m[39;49m[1m  6029428 (B[m[39;49mfree,(B[m[39;49m[1m  1627928 (B[m[39;49mused,(B[m[39;49m[1m  4527776 (B[m[39;49mbuff/cache(B[m[39;49m(B[m[39;49m[K
KiB Swap:(B[m[39;49m[1m        0 (B[m[39;49mtotal,(B[m[39;49m[1m        0 (B[m[39;49mfree,(B[m[39;49m[1m        0 (B[m[39;49mused.(B[m[39;49m[1m  9919988 (B[m[39;49mavail Mem (B[m[39;49m(B[m[39;49m[K
[K

[J[H(B[mtop - 10:09:35 up 9 min,  1 user,  load average: 1.75, 2.44, 1.55(B[m[39;49m(B[m[39;49m[K

%Cpu(s):(B[m[39;49m[1m  2.5 (B[m[39;49mus,(B[m[39;49m[1m  1.6 (B[m[39;49msy,(B[m[39;49m[1m  0.0 (B[m[39;49mni,(B[m[39;49m[1m 95.6 (B[m[39;49mid,(B[m[39;49m[1m  0.3 (B[m[39;49mwa,(B[m[39;49m[1m  0.0 (B[m[39;49mhi,(B[m[39;49m[1m  0.1 (B[m[39;49msi,(B[m[39;49m[1m  0.0 (B[m[39;49mst(B[m[39;49m(B[m[39;49m[K
KiB Mem :(B[m[39;49m[1m 12185132 (B[m[39;49mtotal,(B[m[39;49m[1m  6020756 (B[m[39;49mfree,(B[m[39;49m[1m  1627784 (B[m[39;49mused,(B[m[39;49m[1m  4536592 (B[m[39;49mbuff/cache(B[m[39;49m(B[m[39;49m[K
KiB Swap:(B[m[39;49m[1m        0 (B[m[39;49mtotal,(B[m[39;49m[1m        0 (B[m[39;49mfree,(B[m[39;49m[1m        0 (B[m[39;49mused.(B[m[39;49m[1m  9911396 (B[m[39;49mavail Mem (B[m[39;49m(B[m[39;49m[K
[K

[J[H(B[mtop - 10:09:38 up 9 min,  1 user,  load average: 1.69, 2.41, 1.54(B[m[39;49m(B[m[39;49m[K

%Cpu(s):(B[m[39;49m[1m  5.4 (B[m[39;49mus,(B[m[39;49m[1m  2.1 (B[m[39;49msy,(B[m[39;49m[1m  0.0 (B[m[39;49mni,(B[m[39;49m[1m 91.6 (B[m[39;49mid,(B[m[39;49m[1m  0.7 (B[m[39;49mwa,(B[m[39;49m[1m  0.0 (B[m[39;49mhi,(B[m[39;49m[1m  0.3 (B[m[39;49msi,(B[m[39;49m[1m  0.0 (B[m[39;49mst(B[m[39;49m(B[m[39;49m[K
KiB Mem :(B[m[39;49m[1m 12185132 (B[m[39;49mtotal,(B[m[39;49m[1m  6016640 (B[m[39;49mfree,(B[m[39;49m[1m  1627656 (B[m[39;49mused,(B[m[39;49m[1m  4540836 (B[m[39;49mbuff/cache(B[m[39;49m(B[m[39;49m[K
KiB Swap:(B[m[39;49m[1m        0 (B[m[39;49mtotal,(B[m[39;49m[1m        0 (B[m[39;49mfree,(B[m[39;49m[1m        0 (B[m[39;49mused.(B[m[39;49m[1m  9907296 (B[m[39;49mavail Mem (B[m[39;49m(B[m[39;49m[K
[K

[J[H(B[mtop - 10:09:41 up 10 min,  1 user,  load average: 1.55, 2.37, 1.54(B[m[39;49m(B[m[39;49m[K

%Cpu(s):(B[m[39;49m[1m  3.7 (B[m[39;49mus,(B[m[39;49m[1m  2.0 (B[m[39;49msy,(B[m[39;49m[1m  0.0 (B[m[39;49mni,(B[m[39;49m[1m 93.6 (B[m[39;49mid,(B[m[39;49m[1m  0.4 (B[m[39;49mwa,(B[m[39;49m[1m  0.0 (B[m[39;49mhi,(B[m[39;49m[1m  0.3 (B[m[39;49msi,(B[m[39;49m[1m  0.0 (B[m[39;49mst(B[m[39;49m(B[m[39;49m[K
KiB Mem :(B[m[39;49m[1m 12185132 (B[m[39;49mtotal,(B[m[39;49m[1m  6028068 (B[m[39;49mfree,(B[m[39;49m[1m  1629332 (B[m[39;49mused,(B[m[39;49m[1m  4527732 (B[m[39;49mbuff/cache(B[m[39;49m(B[m[39;49m[K
KiB Swap:(B[m[39;49m[1m        0 (B[m[39;49mtotal,(B[m[39;49m[1m        0 (B[m[39;49mfree,(B[m[39;49m[1m        0 (B[m[39;49mused.(B[m[39;49m[1m  9918776 (B[m[39;49mavail Mem (B[m[39;49m(B[m[39;49m[K
[K

[J[H(B[mtop - 10:09:44 up 10 min,  1 user,  load average: 1.55, 2.37, 1.54(B[m[39;49m(B[m[39;49m[K

%Cpu(s):(B[m[39;49m[1m  2.9 (B[m[39;49mus,(B[m[39;49m[1m  1.7 (B[m[39;49msy,(B[m[39;49m[1m  0.0 (B[m[39;49mni,(B[m[39;49m[1m 94.8 (B[m[39;49mid,(B[m[39;49m[1m  0.4 (B[m[39;49mwa,(B[m[39;49m[1m  0.0 (B[m[39;49mhi,(B[m[39;49m[1m  0.2 (B[m[39;49msi,(B[m[39;49m[1m  0.0 (B[m[39;49mst(B[m[39;49m(B[m[39;49m[K
KiB Mem :(B[m[39;49m[1m 12185132 (B[m[39;49mtotal,(B[m[39;49m[1m  6029540 (B[m[39;49mfree,(B[m[39;49m[1m  1629736 (B[m[39;49mused,(B[m[39;49m[1m  4525856 (B[m[39;49mbuff/cache(B[m[39;49m(B[m[39;49m[K
KiB Swap:(B[m[39;49m[1m        0 (B[m[39;49mtotal,(B[m[39;49m[1m        0 (B[m[39;49mfree,(B[m[39;49m[1m        0 (B[m[39;49mused.(B[m[39;49m[1m  9920272 (B[m[39;49mavail Mem (B[m[39;49m(B[m[39;49m[K
[K

[J[H(B[mtop - 10:09:47 up 10 min,  1 user,  load average: 1.43, 2.33, 1.53(B[m[39;49m(B[m[39;49m[K

%Cpu(s):(B[m[39;49m[1m  2.0 (B[m[39;49mus,(B[m[39;49m[1m  1.3 (B[m[39;49msy,(B[m[39;49m[1m  0.1 (B[m[39;49mni,(B[m[39;49m[1m 96.2 (B[m[39;49mid,(B[m[39;49m[1m  0.3 (B[m[39;49mwa,(B[m[39;49m[1m  0.0 (B[m[39;49mhi,(B[m[39;49m[1m  0.1 (B[m[39;49msi,(B[m[39;49m[1m  0.0 (B[m[39;49mst(B[m[39;49m(B[m[39;49m[K
KiB Mem :(B[m[39;49m[1m 12185132 (B[m[39;49mtotal,(B[m[39;49m[1m  6029044 (B[m[39;49mfree,(B[m[39;49m[1m  1629988 (B[m[39;49mused,(B[m[39;49m[1m  4526100 (B[m[39;49mbuff/cache(B[m[39;49m(B[m[39;49m[K
KiB Swap:(B[m[39;49m[1m        0 (B[m[39;49mtotal,(B[m[39;49m[1m        0 (B[m[39;49mfree,(B[m[39;49m[1m        0 (B[m[39;49mused.(B[m[39;49m[1m  9919820 (B[m[39;49mavail Mem (B[m[39;49m(B[m[39;49m[K
[K

[J[H(B[mtop - 10:09:50 up 10 min,  1 user,  load average: 1.43, 2.33, 1.53(B[m[39;49m(B[m[39;49m[K

%Cpu(s):(B[m[39;49m[1m  3.7 (B[m[39;49mus,(B[m[39;49m[1m  1.5 (B[m[39;49msy,(B[m[39;49m[1m  0.0 (B[m[39;49mni,(B[m[39;49m[1m 83.7 (B[m[39;49mid,(B[m[39;49m[1m 11.0 (B[m[39;49mwa,(B[m[39;49m[1m  0.0 (B[m[39;49mhi,(B[m[39;49m[1m  0.2 (B[m[39;49msi,(B[m[39;49m[1m  0.0 (B[m[39;49mst(B[m[39;49m(B[m[39;49m[K
KiB Mem :(B[m[39;49m[1m 12185132 (B[m[39;49mtotal,(B[m[39;49m[1m  6002836 (B[m[39;49mfree,(B[m[39;49m[1m  1637964 (B[m[39;49mused,(B[m[39;49m[1m  4544332 (B[m[39;49mbuff/cache(B[m[39;49m(B[m[39;49m[K
KiB Swap:(B[m[39;49m[1m        0 (B[m[39;49mtotal,(B[m[39;49m[1m        0 (B[m[39;49mfree,(B[m[39;49m[1m        0 (B[m[39;49mused.(B[m[39;49m[1m  9911712 (B[m[39;49mavail Mem (B[m[39;49m(B[m[39;49m[K
[K

[J[H(B[mtop - 10:09:53 up 10 min,  1 user,  load average: 1.56, 2.34, 1.54(B[m[39;49m(B[m[39;49m[K

%Cpu(s):(B[m[39;49m[1m 17.7 (B[m[39;49mus,(B[m[39;49m[1m  1.9 (B[m[39;49msy,(B[m[39;49m[1m  0.0 (B[m[39;49mni,(B[m[39;49m[1m 68.2 (B[m[39;49mid,(B[m[39;49m[1m 11.9 (B[m[39;49mwa,(B[m[39;49m[1m  0.0 (B[m[39;49mhi,(B[m[39;49m[1m  0.3 (B[m[39;49msi,(B[m[39;49m[1m  0.0 (B[m[39;49mst(B[m[39;49m(B[m[39;49m[K
KiB Mem :(B[m[39;49m[1m 12185132 (B[m[39;49mtotal,(B[m[39;49m[1m  5998068 (B[m[39;49mfree,(B[m[39;49m[1m  1630352 (B[m[39;49mused,(B[m[39;49m[1m  4556712 (B[m[39;49mbuff/cache(B[m[39;49m(B[m[39;49m[K
KiB Swap:(B[m[39;49m[1m        0 (B[m[39;49mtotal,(B[m[39;49m[1m        0 (B[m[39;49mfree,(B[m[39;49m[1m        0 (B[m[39;49mused.(B[m[39;49m[1m  9919528 (B[m[39;49mavail Mem (B[m[39;49m(B[m[39;49m[K
[K

[J[H(B[mtop - 10:09:56 up 10 min,  1 user,  load average: 1.51, 2.32, 1.53(B[m[39;49m(B[m[39;49m[K

%Cpu(s):(B[m[39;49m[1m  2.5 (B[m[39;49mus,(B[m[39;49m[1m  1.7 (B[m[39;49msy,(B[m[39;49m[1m  0.0 (B[m[39;49mni,(B[m[39;49m[1m 95.1 (B[m[39;49mid,(B[m[39;49m[1m  0.7 (B[m[39;49mwa,(B[m[39;49m[1m  0.0 (B[m[39;49mhi,(B[m[39;49m[1m  0.0 (B[m[39;49msi,(B[m[39;49m[1m  0.0 (B[m[39;49mst(B[m[39;49m(B[m[39;49m[K
KiB Mem :(B[m[39;49m[1m 12185132 (B[m[39;49mtotal,(B[m[39;49m[1m  5998504 (B[m[39;49mfree,(B[m[39;49m[1m  1629952 (B[m[39;49mused,(B[m[39;49m[1m  4556676 (B[m[39;49mbuff/cache(B[m[39;49m(B[m[39;49m[K
KiB Swap:(B[m[39;49m[1m        0 (B[m[39;49mtotal,(B[m[39;49m[1m        0 (B[m[39;49mfree,(B[m[39;49m[1m        0 (B[m[39;49mused.(B[m[39;49m[1m  9919940 (B[m[39;49mavail Mem (B[m[39;49m(B[m[39;49m[K
[K

[J[H(B[mtop - 10:09:59 up 10 min,  1 user,  load average: 1.51, 2.32, 1.53(B[m[39;49m(B[m[39;49m[K

%Cpu(s):(B[m[39;49m[1m  6.7 (B[m[39;49mus,(B[m[39;49m[1m  1.6 (B[m[39;49msy,(B[m[39;49m[1m  0.0 (B[m[39;49mni,(B[m[39;49m[1m 85.5 (B[m[39;49mid,(B[m[39;49m[1m  6.1 (B[m[39;49mwa,(B[m[39;49m[1m  0.0 (B[m[39;49mhi,(B[m[39;49m[1m  0.1 (B[m[39;49msi,(B[m[39;49m[1m  0.0 (B[m[39;49mst(B[m[39;49m(B[m[39;49m[K
KiB Mem :(B[m[39;49m[1m 12185132 (B[m[39;49mtotal,(B[m[39;49m[1m  5932704 (B[m[39;49mfree,(B[m[39;49m[1m  1676240 (B[m[39;49mused,(B[m[39;49m[1m  4576188 (B[m[39;49mbuff/cache(B[m[39;49m(B[m[39;49m[K
KiB Swap:(B[m[39;49m[1m        0 (B[m[39;49mtotal,(B[m[39;49m[1m        0 (B[m[39;49mfree,(B[m[39;49m[1m        0 (B[m[39;49mused.(B[m[39;49m[1m  9873400 (B[m[39;49mavail Mem (B[m[39;49m(B[m[39;49m[K
[K

[J[H(B[mtop - 10:10:02 up 10 min,  1 user,  load average: 1.47, 2.30, 1.53(B[m[39;49m(B[m[39;49m[K

%Cpu(s):(B[m[39;49m[1m 34.2 (B[m[39;49mus,(B[m[39;49m[1m  4.4 (B[m[39;49msy,(B[m[39;49m[1m  0.0 (B[m[39;49mni,(B[m[39;49m[1m 51.5 (B[m[39;49mid,(B[m[39;49m[1m  9.7 (B[m[39;49mwa,(B[m[39;49m[1m  0.0 (B[m[39;49mhi,(B[m[39;49m[1m  0.2 (B[m[39;49msi,(B[m[39;49m[1m  0.0 (B[m[39;49mst(B[m[39;49m(B[m[39;49m[K
KiB Mem :(B[m[39;49m[1m 12185132 (B[m[39;49mtotal,(B[m[39;49m[1m  5286524 (B[m[39;49mfree,(B[m[39;49m[1m  2317192 (B[m[39;49mused,(B[m[39;49m[1m  4581416 (B[m[39;49mbuff/cache(B[m[39;49m(B[m[39;49m[K
KiB Swap:(B[m[39;49m[1m        0 (B[m[39;49mtotal,(B[m[39;49m[1m        0 (B[m[39;49mfree,(B[m[39;49m[1m        0 (B[m[39;49mused.(B[m[39;49m[1m  9233292 (B[m[39;49mavail Mem (B[m[39;49m(B[m[39;49m[K
[K

[J[H(B[mtop - 10:10:05 up 10 min,  1 user,  load average: 1.47, 2.30, 1.53(B[m[39;49m(B[m[39;49m[K

%Cpu(s):(B[m[39;49m[1m 73.0 (B[m[39;49mus,(B[m[39;49m[1m  6.2 (B[m[39;49msy,(B[m[39;49m[1m  0.0 (B[m[39;49mni,(B[m[39;49m[1m 20.3 (B[m[39;49mid,(B[m[39;49m[1m  0.2 (B[m[39;49mwa,(B[m[39;49m[1m  0.0 (B[m[39;49mhi,(B[m[39;49m[1m  0.3 (B[m[39;49msi,(B[m[39;49m[1m  0.0 (B[m[39;49mst(B[m[39;49m(B[m[39;49m[K
KiB Mem :(B[m[39;49m[1m 12185132 (B[m[39;49mtotal,(B[m[39;49m[1m  5271132 (B[m[39;49mfree,(B[m[39;49m[1m  2321940 (B[m[39;49mused,(B[m[39;49m[1m  4592060 (B[m[39;49mbuff/cache(B[m[39;49m(B[m[39;49m[K
KiB Swap:(B[m[39;49m[1m        0 (B[m[39;49mtotal,(B[m[39;49m[1m        0 (B[m[39;49mfree,(B[m[39;49m[1m        0 (B[m[39;49mused.(B[m[39;49m[1m  9217928 (B[m[39;49mavail Mem (B[m[39;49m(B[m[39;49m[K
[K

[J[H(B[mtop - 10:10:08 up 10 min,  1 user,  load average: 1.67, 2.33, 1.54(B[m[39;49m(B[m[39;49m[K

%Cpu(s):(B[m[39;49m[1m 72.9 (B[m[39;49mus,(B[m[39;49m[1m  7.1 (B[m[39;49msy,(B[m[39;49m[1m  0.0 (B[m[39;49mni,(B[m[39;49m[1m 18.3 (B[m[39;49mid,(B[m[39;49m[1m  0.9 (B[m[39;49mwa,(B[m[39;49m[1m  0.0 (B[m[39;49mhi,(B[m[39;49m[1m  0.9 (B[m[39;49msi,(B[m[39;49m[1m  0.0 (B[m[39;49mst(B[m[39;49m(B[m[39;49m[K
KiB Mem :(B[m[39;49m[1m 12185132 (B[m[39;49mtotal,(B[m[39;49m[1m  5239356 (B[m[39;49mfree,(B[m[39;49m[1m  2322476 (B[m[39;49mused,(B[m[39;49m[1m  4623300 (B[m[39;49mbuff/cache(B[m[39;49m(B[m[39;49m[K
KiB Swap:(B[m[39;49m[1m        0 (B[m[39;49mtotal,(B[m[39;49m[1m        0 (B[m[39;49mfree,(B[m[39;49m[1m        0 (B[m[39;49mused.(B[m[39;49m[1m  9186336 (B[m[39;49mavail Mem (B[m[39;49m(B[m[39;49m[K
[K

[J[H(B[mtop - 10:10:11 up 10 min,  1 user,  load average: 1.86, 2.35, 1.56(B[m[39;49m(B[m[39;49m[K

%Cpu(s):(B[m[39;49m[1m 72.4 (B[m[39;49mus,(B[m[39;49m[1m  7.2 (B[m[39;49msy,(B[m[39;49m[1m  0.0 (B[m[39;49mni,(B[m[39;49m[1m 18.9 (B[m[39;49mid,(B[m[39;49m[1m  0.1 (B[m[39;49mwa,(B[m[39;49m[1m  0.0 (B[m[39;49mhi,(B[m[39;49m[1m  1.4 (B[m[39;49msi,(B[m[39;49m[1m  0.0 (B[m[39;49mst(B[m[39;49m(B[m[39;49m[K
KiB Mem :(B[m[39;49m[1m 12185132 (B[m[39;49mtotal,(B[m[39;49m[1m  5246408 (B[m[39;49mfree,(B[m[39;49m[1m  2322836 (B[m[39;49mused,(B[m[39;49m[1m  4615888 (B[m[39;49mbuff/cache(B[m[39;49m(B[m[39;49m[K
KiB Swap:(B[m[39;49m[1m        0 (B[m[39;49mtotal,(B[m[39;49m[1m        0 (B[m[39;49mfree,(B[m[39;49m[1m        0 (B[m[39;49mused.(B[m[39;49m[1m  9193420 (B[m[39;49mavail Mem (B[m[39;49m(B[m[39;49m[K
[K

[J[H(B[mtop - 10:10:14 up 10 min,  1 user,  load average: 1.86, 2.35, 1.56(B[m[39;49m(B[m[39;49m[K

%Cpu(s):(B[m[39;49m[1m 73.1 (B[m[39;49mus,(B[m[39;49m[1m  6.5 (B[m[39;49msy,(B[m[39;49m[1m  0.0 (B[m[39;49mni,(B[m[39;49m[1m 19.0 (B[m[39;49mid,(B[m[39;49m[1m  0.3 (B[m[39;49mwa,(B[m[39;49m[1m  0.0 (B[m[39;49mhi,(B[m[39;49m[1m  1.0 (B[m[39;49msi,(B[m[39;49m[1m  0.0 (B[m[39;49mst(B[m[39;49m(B[m[39;49m[K
KiB Mem :(B[m[39;49m[1m 12185132 (B[m[39;49mtotal,(B[m[39;49m[1m  5254592 (B[m[39;49mfree,(B[m[39;49m[1m  2326276 (B[m[39;49mused,(B[m[39;49m[1m  4604264 (B[m[39;49mbuff/cache(B[m[39;49m(B[m[39;49m[K
KiB Swap:(B[m[39;49m[1m        0 (B[m[39;49mtotal,(B[m[39;49m[1m        0 (B[m[39;49mfree,(B[m[39;49m[1m        0 (B[m[39;49mused.(B[m[39;49m[1m  9201624 (B[m[39;49mavail Mem (B[m[39;49m(B[m[39;49m[K
[K

[J[H(B[mtop - 10:10:17 up 10 min,  1 user,  load average: 2.19, 2.42, 1.58(B[m[39;49m(B[m[39;49m[K

%Cpu(s):(B[m[39;49m[1m 72.2 (B[m[39;49mus,(B[m[39;49m[1m  6.2 (B[m[39;49msy,(B[m[39;49m[1m  0.0 (B[m[39;49mni,(B[m[39;49m[1m 20.8 (B[m[39;49mid,(B[m[39;49m[1m  0.1 (B[m[39;49mwa,(B[m[39;49m[1m  0.0 (B[m[39;49mhi,(B[m[39;49m[1m  0.8 (B[m[39;49msi,(B[m[39;49m[1m  0.0 (B[m[39;49mst(B[m[39;49m(B[m[39;49m[K
KiB Mem :(B[m[39;49m[1m 12185132 (B[m[39;49mtotal,(B[m[39;49m[1m  5252044 (B[m[39;49mfree,(B[m[39;49m[1m  2324216 (B[m[39;49mused,(B[m[39;49m[1m  4608872 (B[m[39;49mbuff/cache(B[m[39;49m(B[m[39;49m[K
KiB Swap:(B[m[39;49m[1m        0 (B[m[39;49mtotal,(B[m[39;49m[1m        0 (B[m[39;49mfree,(B[m[39;49m[1m        0 (B[m[39;49mused.(B[m[39;49m[1m  9199084 (B[m[39;49mavail Mem (B[m[39;49m(B[m[39;49m[K
[K

[J[H(B[mtop - 10:10:20 up 10 min,  1 user,  load average: 2.19, 2.42, 1.58(B[m[39;49m(B[m[39;49m[K

%Cpu(s):(B[m[39;49m[1m 72.4 (B[m[39;49mus,(B[m[39;49m[1m  7.5 (B[m[39;49msy,(B[m[39;49m[1m  0.0 (B[m[39;49mni,(B[m[39;49m[1m 18.8 (B[m[39;49mid,(B[m[39;49m[1m  0.7 (B[m[39;49mwa,(B[m[39;49m[1m  0.0 (B[m[39;49mhi,(B[m[39;49m[1m  0.6 (B[m[39;49msi,(B[m[39;49m[1m  0.0 (B[m[39;49mst(B[m[39;49m(B[m[39;49m[K
KiB Mem :(B[m[39;49m[1m 12185132 (B[m[39;49mtotal,(B[m[39;49m[1m  5244592 (B[m[39;49mfree,(B[m[39;49m[1m  2323312 (B[m[39;49mused,(B[m[39;49m[1m  4617228 (B[m[39;49mbuff/cache(B[m[39;49m(B[m[39;49m[K
KiB Swap:(B[m[39;49m[1m        0 (B[m[39;49mtotal,(B[m[39;49m[1m        0 (B[m[39;49mfree,(B[m[39;49m[1m        0 (B[m[39;49mused.(B[m[39;49m[1m  9191728 (B[m[39;49mavail Mem (B[m[39;49m(B[m[39;49m[K
[K

[J[H(B[mtop - 10:10:23 up 10 min,  1 user,  load average: 2.82, 2.54, 1.63(B[m[39;49m(B[m[39;49m[K

%Cpu(s):(B[m[39;49m[1m 73.4 (B[m[39;49mus,(B[m[39;49m[1m  6.4 (B[m[39;49msy,(B[m[39;49m[1m  0.0 (B[m[39;49mni,(B[m[39;49m[1m 18.0 (B[m[39;49mid,(B[m[39;49m[1m  1.2 (B[m[39;49mwa,(B[m[39;49m[1m  0.0 (B[m[39;49mhi,(B[m[39;49m[1m  1.0 (B[m[39;49msi,(B[m[39;49m[1m  0.0 (B[m[39;49mst(B[m[39;49m(B[m[39;49m[K
KiB Mem :(B[m[39;49m[1m 12185132 (B[m[39;49mtotal,(B[m[39;49m[1m  5251244 (B[m[39;49mfree,(B[m[39;49m[1m  2323112 (B[m[39;49mused,(B[m[39;49m[1m  4610776 (B[m[39;49mbuff/cache(B[m[39;49m(B[m[39;49m[K
KiB Swap:(B[m[39;49m[1m        0 (B[m[39;49mtotal,(B[m[39;49m[1m        0 (B[m[39;49mfree,(B[m[39;49m[1m        0 (B[m[39;49mused.(B[m[39;49m[1m  9198572 (B[m[39;49mavail Mem (B[m[39;49m(B[m[39;49m[K
[K

[J[H(B[mtop - 10:10:26 up 10 min,  1 user,  load average: 2.91, 2.57, 1.64(B[m[39;49m(B[m[39;49m[K

%Cpu(s):(B[m[39;49m[1m 72.0 (B[m[39;49mus,(B[m[39;49m[1m  7.9 (B[m[39;49msy,(B[m[39;49m[1m  0.0 (B[m[39;49mni,(B[m[39;49m[1m 17.2 (B[m[39;49mid,(B[m[39;49m[1m  1.7 (B[m[39;49mwa,(B[m[39;49m[1m  0.0 (B[m[39;49mhi,(B[m[39;49m[1m  1.2 (B[m[39;49msi,(B[m[39;49m[1m  0.0 (B[m[39;49mst(B[m[39;49m(B[m[39;49m[K
KiB Mem :(B[m[39;49m[1m 12185132 (B[m[39;49mtotal,(B[m[39;49m[1m  5250172 (B[m[39;49mfree,(B[m[39;49m[1m  2322544 (B[m[39;49mused,(B[m[39;49m[1m  4612416 (B[m[39;49mbuff/cache(B[m[39;49m(B[m[39;49m[K
KiB Swap:(B[m[39;49m[1m        0 (B[m[39;49mtotal,(B[m[39;49m[1m        0 (B[m[39;49mfree,(B[m[39;49m[1m        0 (B[m[39;49mused.(B[m[39;49m[1m  9197716 (B[m[39;49mavail Mem (B[m[39;49m(B[m[39;49m[K
[K

[J[H(B[mtop - 10:10:29 up 10 min,  1 user,  load average: 2.91, 2.57, 1.64(B[m[39;49m(B[m[39;49m[K

%Cpu(s):(B[m[39;49m[1m 72.7 (B[m[39;49mus,(B[m[39;49m[1m  7.2 (B[m[39;49msy,(B[m[39;49m[1m  0.0 (B[m[39;49mni,(B[m[39;49m[1m 19.3 (B[m[39;49mid,(B[m[39;49m[1m  0.3 (B[m[39;49mwa,(B[m[39;49m[1m  0.0 (B[m[39;49mhi,(B[m[39;49m[1m  0.5 (B[m[39;49msi,(B[m[39;49m[1m  0.0 (B[m[39;49mst(B[m[39;49m(B[m[39;49m[K
KiB Mem :(B[m[39;49m[1m 12185132 (B[m[39;49mtotal,(B[m[39;49m[1m  5275044 (B[m[39;49mfree,(B[m[39;49m[1m  2315740 (B[m[39;49mused,(B[m[39;49m[1m  4594348 (B[m[39;49mbuff/cache(B[m[39;49m(B[m[39;49m[K
KiB Swap:(B[m[39;49m[1m        0 (B[m[39;49mtotal,(B[m[39;49m[1m        0 (B[m[39;49mfree,(B[m[39;49m[1m        0 (B[m[39;49mused.(B[m[39;49m[1m  9222664 (B[m[39;49mavail Mem (B[m[39;49m(B[m[39;49m[K
[K

[J[H(B[mtop - 10:10:32 up 10 min,  1 user,  load average: 3.32, 2.66, 1.67(B[m[39;49m(B[m[39;49m[K

%Cpu(s):(B[m[39;49m[1m 70.9 (B[m[39;49mus,(B[m[39;49m[1m  7.1 (B[m[39;49msy,(B[m[39;49m[1m  3.4 (B[m[39;49mni,(B[m[39;49m[1m 15.9 (B[m[39;49mid,(B[m[39;49m[1m  1.9 (B[m[39;49mwa,(B[m[39;49m[1m  0.0 (B[m[39;49mhi,(B[m[39;49m[1m  0.8 (B[m[39;49msi,(B[m[39;49m[1m  0.0 (B[m[39;49mst(B[m[39;49m(B[m[39;49m[K
KiB Mem :(B[m[39;49m[1m 12185132 (B[m[39;49mtotal,(B[m[39;49m[1m  5228412 (B[m[39;49mfree,(B[m[39;49m[1m  2337496 (B[m[39;49mused,(B[m[39;49m[1m  4619224 (B[m[39;49mbuff/cache(B[m[39;49m(B[m[39;49m[K
KiB Swap:(B[m[39;49m[1m        0 (B[m[39;49mtotal,(B[m[39;49m[1m        0 (B[m[39;49mfree,(B[m[39;49m[1m        0 (B[m[39;49mused.(B[m[39;49m[1m  9176316 (B[m[39;49mavail Mem (B[m[39;49m(B[m[39;49m[K
[K

[J[H(B[mtop - 10:10:35 up 10 min,  1 user,  load average: 3.32, 2.66, 1.67(B[m[39;49m(B[m[39;49m[K

%Cpu(s):(B[m[39;49m[1m 33.1 (B[m[39;49mus,(B[m[39;49m[1m  6.2 (B[m[39;49msy,(B[m[39;49m[1m 10.3 (B[m[39;49mni,(B[m[39;49m[1m 39.7 (B[m[39;49mid,(B[m[39;49m[1m 10.2 (B[m[39;49mwa,(B[m[39;49m[1m  0.0 (B[m[39;49mhi,(B[m[39;49m[1m  0.4 (B[m[39;49msi,(B[m[39;49m[1m  0.0 (B[m[39;49mst(B[m[39;49m(B[m[39;49m[K
KiB Mem :(B[m[39;49m[1m 12185132 (B[m[39;49mtotal,(B[m[39;49m[1m  5561688 (B[m[39;49mfree,(B[m[39;49m[1m  2036716 (B[m[39;49mused,(B[m[39;49m[1m  4586728 (B[m[39;49mbuff/cache(B[m[39;49m(B[m[39;49m[K
KiB Swap:(B[m[39;49m[1m        0 (B[m[39;49mtotal,(B[m[39;49m[1m        0 (B[m[39;49mfree,(B[m[39;49m[1m        0 (B[m[39;49mused.(B[m[39;49m[1m  9512356 (B[m[39;49mavail Mem (B[m[39;49m(B[m[39;49m[K
[K

[J[H(B[mtop - 10:10:38 up 10 min,  1 user,  load average: 3.05, 2.61, 1.66(B[m[39;49m(B[m[39;49m[K

%Cpu(s):(B[m[39;49m[1m  7.8 (B[m[39;49mus,(B[m[39;49m[1m  2.6 (B[m[39;49msy,(B[m[39;49m[1m  0.1 (B[m[39;49mni,(B[m[39;49m[1m 88.7 (B[m[39;49mid,(B[m[39;49m[1m  0.7 (B[m[39;49mwa,(B[m[39;49m[1m  0.0 (B[m[39;49mhi,(B[m[39;49m[1m  0.2 (B[m[39;49msi,(B[m[39;49m[1m  0.0 (B[m[39;49mst(B[m[39;49m(B[m[39;49m[K
KiB Mem :(B[m[39;49m[1m 12185132 (B[m[39;49mtotal,(B[m[39;49m[1m  5902960 (B[m[39;49mfree,(B[m[39;49m[1m  1698248 (B[m[39;49mused,(B[m[39;49m[1m  4583924 (B[m[39;49mbuff/cache(B[m[39;49m(B[m[39;49m[K
KiB Swap:(B[m[39;49m[1m        0 (B[m[39;49mtotal,(B[m[39;49m[1m        0 (B[m[39;49mfree,(B[m[39;49m[1m        0 (B[m[39;49mused.(B[m[39;49m[1m  9853644 (B[m[39;49mavail Mem (B[m[39;49m(B[m[39;49m[K
[K

[J[H(B[mtop - 10:10:41 up 11 min,  1 user,  load average: 2.81, 2.57, 1.65(B[m[39;49m(B[m[39;49m[K

%Cpu(s):(B[m[39;49m[1m  3.7 (B[m[39;49mus,(B[m[39;49m[1m  1.4 (B[m[39;49msy,(B[m[39;49m[1m  0.0 (B[m[39;49mni,(B[m[39;49m[1m 93.4 (B[m[39;49mid,(B[m[39;49m[1m  1.3 (B[m[39;49mwa,(B[m[39;49m[1m  0.0 (B[m[39;49mhi,(B[m[39;49m[1m  0.2 (B[m[39;49msi,(B[m[39;49m[1m  0.0 (B[m[39;49mst(B[m[39;49m(B[m[39;49m[K
KiB Mem :(B[m[39;49m[1m 12185132 (B[m[39;49mtotal,(B[m[39;49m[1m  5905936 (B[m[39;49mfree,(B[m[39;49m[1m  1697000 (B[m[39;49mused,(B[m[39;49m[1m  4582196 (B[m[39;49mbuff/cache(B[m[39;49m(B[m[39;49m[K
KiB Swap:(B[m[39;49m[1m        0 (B[m[39;49mtotal,(B[m[39;49m[1m        0 (B[m[39;49mfree,(B[m[39;49m[1m        0 (B[m[39;49mused.(B[m[39;49m[1m  9856652 (B[m[39;49mavail Mem (B[m[39;49m(B[m[39;49m[K
[K

[J[H(B[mtop - 10:10:44 up 11 min,  1 user,  load average: 2.81, 2.57, 1.65(B[m[39;49m(B[m[39;49m[K

%Cpu(s):(B[m[39;49m[1m  2.9 (B[m[39;49mus,(B[m[39;49m[1m  1.7 (B[m[39;49msy,(B[m[39;49m[1m  0.0 (B[m[39;49mni,(B[m[39;49m[1m 95.3 (B[m[39;49mid,(B[m[39;49m[1m  0.0 (B[m[39;49mwa,(B[m[39;49m[1m  0.0 (B[m[39;49mhi,(B[m[39;49m[1m  0.1 (B[m[39;49msi,(B[m[39;49m[1m  0.0 (B[m[39;49mst(B[m[39;49m(B[m[39;49m[K
KiB Mem :(B[m[39;49m[1m 12185132 (B[m[39;49mtotal,(B[m[39;49m[1m  5916200 (B[m[39;49mfree,(B[m[39;49m[1m  1687180 (B[m[39;49mused,(B[m[39;49m[1m  4581752 (B[m[39;49mbuff/cache(B[m[39;49m(B[m[39;49m[K
KiB Swap:(B[m[39;49m[1m        0 (B[m[39;49mtotal,(B[m[39;49m[1m        0 (B[m[39;49mfree,(B[m[39;49m[1m        0 (B[m[39;49mused.(B[m[39;49m[1m  9866816 (B[m[39;49mavail Mem (B[m[39;49m(B[m[39;49m[K
[K

[J[H(B[mtop - 10:10:47 up 11 min,  1 user,  load average: 2.58, 2.53, 1.65(B[m[39;49m(B[m[39;49m[K

%Cpu(s):(B[m[39;49m[1m  1.7 (B[m[39;49mus,(B[m[39;49m[1m  1.1 (B[m[39;49msy,(B[m[39;49m[1m  0.0 (B[m[39;49mni,(B[m[39;49m[1m 96.6 (B[m[39;49mid,(B[m[39;49m[1m  0.6 (B[m[39;49mwa,(B[m[39;49m[1m  0.0 (B[m[39;49mhi,(B[m[39;49m[1m  0.0 (B[m[39;49msi,(B[m[39;49m[1m  0.0 (B[m[39;49mst(B[m[39;49m(B[m[39;49m[K
KiB Mem :(B[m[39;49m[1m 12185132 (B[m[39;49mtotal,(B[m[39;49m[1m  5917936 (B[m[39;49mfree,(B[m[39;49m[1m  1687008 (B[m[39;49mused,(B[m[39;49m[1m  4580188 (B[m[39;49mbuff/cache(B[m[39;49m(B[m[39;49m[K
KiB Swap:(B[m[39;49m[1m        0 (B[m[39;49mtotal,(B[m[39;49m[1m        0 (B[m[39;49mfree,(B[m[39;49m[1m        0 (B[m[39;49mused.(B[m[39;49m[1m  9868572 (B[m[39;49mavail Mem (B[m[39;49m(B[m[39;49m[K
[K

[J[H(B[mtop - 10:10:50 up 11 min,  1 user,  load average: 2.58, 2.53, 1.65(B[m[39;49m(B[m[39;49m[K

%Cpu(s):(B[m[39;49m[1m  2.3 (B[m[39;49mus,(B[m[39;49m[1m  1.8 (B[m[39;49msy,(B[m[39;49m[1m  0.0 (B[m[39;49mni,(B[m[39;49m[1m 95.9 (B[m[39;49mid,(B[m[39;49m[1m  0.0 (B[m[39;49mwa,(B[m[39;49m[1m  0.0 (B[m[39;49mhi,(B[m[39;49m[1m  0.1 (B[m[39;49msi,(B[m[39;49m[1m  0.0 (B[m[39;49mst(B[m[39;49m(B[m[39;49m[K
KiB Mem :(B[m[39;49m[1m 12185132 (B[m[39;49mtotal,(B[m[39;49m[1m  5916068 (B[m[39;49mfree,(B[m[39;49m[1m  1687176 (B[m[39;49mused,(B[m[39;49m[1m  4581888 (B[m[39;49mbuff/cache(B[m[39;49m(B[m[39;49m[K
KiB Swap:(B[m[39;49m[1m        0 (B[m[39;49mtotal,(B[m[39;49m[1m        0 (B[m[39;49mfree,(B[m[39;49m[1m        0 (B[m[39;49mused.(B[m[39;49m[1m  9866720 (B[m[39;49mavail Mem (B[m[39;49m(B[m[39;49m[K
[K

[J[H(B[mtop - 10:10:53 up 11 min,  1 user,  load average: 2.46, 2.50, 1.64(B[m[39;49m(B[m[39;49m[K

%Cpu(s):(B[m[39;49m[1m  1.8 (B[m[39;49mus,(B[m[39;49m[1m  1.3 (B[m[39;49msy,(B[m[39;49m[1m  0.1 (B[m[39;49mni,(B[m[39;49m[1m 96.1 (B[m[39;49mid,(B[m[39;49m[1m  0.8 (B[m[39;49mwa,(B[m[39;49m[1m  0.0 (B[m[39;49mhi,(B[m[39;49m[1m  0.0 (B[m[39;49msi,(B[m[39;49m[1m  0.0 (B[m[39;49mst(B[m[39;49m(B[m[39;49m[K
KiB Mem :(B[m[39;49m[1m 12185132 (B[m[39;49mtotal,(B[m[39;49m[1m  5914836 (B[m[39;49mfree,(B[m[39;49m[1m  1687716 (B[m[39;49mused,(B[m[39;49m[1m  4582580 (B[m[39;49mbuff/cache(B[m[39;49m(B[m[39;49m[K
KiB Swap:(B[m[39;49m[1m        0 (B[m[39;49mtotal,(B[m[39;49m[1m        0 (B[m[39;49mfree,(B[m[39;49m[1m        0 (B[m[39;49mused.(B[m[39;49m[1m  9865516 (B[m[39;49mavail Mem (B[m[39;49m(B[m[39;49m[K
[K

[J[H(B[mtop - 10:10:56 up 11 min,  1 user,  load average: 2.26, 2.46, 1.63(B[m[39;49m(B[m[39;49m[K

%Cpu(s):(B[m[39;49m[1m  1.6 (B[m[39;49mus,(B[m[39;49m[1m  0.6 (B[m[39;49msy,(B[m[39;49m[1m  0.0 (B[m[39;49mni,(B[m[39;49m[1m 97.2 (B[m[39;49mid,(B[m[39;49m[1m  0.6 (B[m[39;49mwa,(B[m[39;49m[1m  0.0 (B[m[39;49mhi,(B[m[39;49m[1m  0.0 (B[m[39;49msi,(B[m[39;49m[1m  0.0 (B[m[39;49mst(B[m[39;49m(B[m[39;49m[K
KiB Mem :(B[m[39;49m[1m 12185132 (B[m[39;49mtotal,(B[m[39;49m[1m  5916688 (B[m[39;49mfree,(B[m[39;49m[1m  1687764 (B[m[39;49mused,(B[m[39;49m[1m  4580680 (B[m[39;49mbuff/cache(B[m[39;49m(B[m[39;49m[K
KiB Swap:(B[m[39;49m[1m        0 (B[m[39;49mtotal,(B[m[39;49m[1m        0 (B[m[39;49mfree,(B[m[39;49m[1m        0 (B[m[39;49mused.(B[m[39;49m[1m  9867176 (B[m[39;49mavail Mem (B[m[39;49m(B[m[39;49m[K
[K

[J[H(B[mtop - 10:10:59 up 11 min,  1 user,  load average: 2.26, 2.46, 1.63(B[m[39;49m(B[m[39;49m[K

%Cpu(s):(B[m[39;49m[1m  1.2 (B[m[39;49mus,(B[m[39;49m[1m  1.0 (B[m[39;49msy,(B[m[39;49m[1m  0.0 (B[m[39;49mni,(B[m[39;49m[1m 97.1 (B[m[39;49mid,(B[m[39;49m[1m  0.6 (B[m[39;49mwa,(B[m[39;49m[1m  0.0 (B[m[39;49mhi,(B[m[39;49m[1m  0.1 (B[m[39;49msi,(B[m[39;49m[1m  0.0 (B[m[39;49mst(B[m[39;49m(B[m[39;49m[K
KiB Mem :(B[m[39;49m[1m 12185132 (B[m[39;49mtotal,(B[m[39;49m[1m  5917192 (B[m[39;49mfree,(B[m[39;49m[1m  1687436 (B[m[39;49mused,(B[m[39;49m[1m  4580504 (B[m[39;49mbuff/cache(B[m[39;49m(B[m[39;49m[K
KiB Swap:(B[m[39;49m[1m        0 (B[m[39;49mtotal,(B[m[39;49m[1m        0 (B[m[39;49mfree,(B[m[39;49m[1m        0 (B[m[39;49mused.(B[m[39;49m[1m  9867616 (B[m[39;49mavail Mem (B[m[39;49m(B[m[39;49m[K
[K

[J[H(B[mtop - 10:11:02 up 11 min,  1 user,  load average: 2.08, 2.42, 1.62(B[m[39;49m(B[m[39;49m[K

%Cpu(s):(B[m[39;49m[1m  2.4 (B[m[39;49mus,(B[m[39;49m[1m  1.2 (B[m[39;49msy,(B[m[39;49m[1m  0.0 (B[m[39;49mni,(B[m[39;49m[1m 96.1 (B[m[39;49mid,(B[m[39;49m[1m  0.3 (B[m[39;49mwa,(B[m[39;49m[1m  0.0 (B[m[39;49mhi,(B[m[39;49m[1m  0.0 (B[m[39;49msi,(B[m[39;49m[1m  0.0 (B[m[39;49mst(B[m[39;49m(B[m[39;49m[K
KiB Mem :(B[m[39;49m[1m 12185132 (B[m[39;49mtotal,(B[m[39;49m[1m  5915944 (B[m[39;49mfree,(B[m[39;49m[1m  1688616 (B[m[39;49mused,(B[m[39;49m[1m  4580572 (B[m[39;49mbuff/cache(B[m[39;49m(B[m[39;49m[K
KiB Swap:(B[m[39;49m[1m        0 (B[m[39;49mtotal,(B[m[39;49m[1m        0 (B[m[39;49mfree,(B[m[39;49m[1m        0 (B[m[39;49mused.(B[m[39;49m[1m  9866304 (B[m[39;49mavail Mem (B[m[39;49m(B[m[39;49m[K
[K

[J[H(B[mtop - 10:11:05 up 11 min,  1 user,  load average: 2.08, 2.42, 1.62(B[m[39;49m(B[m[39;49m[K

%Cpu(s):(B[m[39;49m[1m  2.0 (B[m[39;49mus,(B[m[39;49m[1m  1.2 (B[m[39;49msy,(B[m[39;49m[1m  0.0 (B[m[39;49mni,(B[m[39;49m[1m 95.8 (B[m[39;49mid,(B[m[39;49m[1m  0.8 (B[m[39;49mwa,(B[m[39;49m[1m  0.0 (B[m[39;49mhi,(B[m[39;49m[1m  0.2 (B[m[39;49msi,(B[m[39;49m[1m  0.0 (B[m[39;49mst(B[m[39;49m(B[m[39;49m[K
KiB Mem :(B[m[39;49m[1m 12185132 (B[m[39;49mtotal,(B[m[39;49m[1m  5915896 (B[m[39;49mfree,(B[m[39;49m[1m  1688420 (B[m[39;49mused,(B[m[39;49m[1m  4580816 (B[m[39;49mbuff/cache(B[m[39;49m(B[m[39;49m[K
KiB Swap:(B[m[39;49m[1m        0 (B[m[39;49mtotal,(B[m[39;49m[1m        0 (B[m[39;49mfree,(B[m[39;49m[1m        0 (B[m[39;49mused.(B[m[39;49m[1m  9866316 (B[m[39;49mavail Mem (B[m[39;49m(B[m[39;49m[K
[K

[J[H(B[mtop - 10:11:08 up 11 min,  1 user,  load average: 1.91, 2.38, 1.61(B[m[39;49m(B[m[39;49m[K

%Cpu(s):(B[m[39;49m[1m  1.9 (B[m[39;49mus,(B[m[39;49m[1m  1.0 (B[m[39;49msy,(B[m[39;49m[1m  0.0 (B[m[39;49mni,(B[m[39;49m[1m 96.8 (B[m[39;49mid,(B[m[39;49m[1m  0.2 (B[m[39;49mwa,(B[m[39;49m[1m  0.0 (B[m[39;49mhi,(B[m[39;49m[1m  0.2 (B[m[39;49msi,(B[m[39;49m[1m  0.0 (B[m[39;49mst(B[m[39;49m(B[m[39;49m[K
KiB Mem :(B[m[39;49m[1m 12185132 (B[m[39;49mtotal,(B[m[39;49m[1m  5915896 (B[m[39;49mfree,(B[m[39;49m[1m  1688252 (B[m[39;49mused,(B[m[39;49m[1m  4580984 (B[m[39;49mbuff/cache(B[m[39;49m(B[m[39;49m[K
KiB Swap:(B[m[39;49m[1m        0 (B[m[39;49mtotal,(B[m[39;49m[1m        0 (B[m[39;49mfree,(B[m[39;49m[1m        0 (B[m[39;49mused.(B[m[39;49m[1m  9866324 (B[m[39;49mavail Mem (B[m[39;49m(B[m[39;49m[K
[K

[J[H(B[mtop - 10:11:11 up 11 min,  1 user,  load average: 1.76, 2.34, 1.61(B[m[39;49m(B[m[39;49m[K

%Cpu(s):(B[m[39;49m[1m  5.3 (B[m[39;49mus,(B[m[39;49m[1m  2.4 (B[m[39;49msy,(B[m[39;49m[1m  0.1 (B[m[39;49mni,(B[m[39;49m[1m 91.0 (B[m[39;49mid,(B[m[39;49m[1m  0.9 (B[m[39;49mwa,(B[m[39;49m[1m  0.0 (B[m[39;49mhi,(B[m[39;49m[1m  0.3 (B[m[39;49msi,(B[m[39;49m[1m  0.0 (B[m[39;49mst(B[m[39;49m(B[m[39;49m[K
KiB Mem :(B[m[39;49m[1m 12185132 (B[m[39;49mtotal,(B[m[39;49m[1m  5912600 (B[m[39;49mfree,(B[m[39;49m[1m  1688220 (B[m[39;49mused,(B[m[39;49m[1m  4584312 (B[m[39;49mbuff/cache(B[m[39;49m(B[m[39;49m[K
KiB Swap:(B[m[39;49m[1m        0 (B[m[39;49mtotal,(B[m[39;49m[1m        0 (B[m[39;49mfree,(B[m[39;49m[1m        0 (B[m[39;49mused.(B[m[39;49m[1m  9863040 (B[m[39;49mavail Mem (B[m[39;49m(B[m[39;49m[K
[K

[J[H(B[mtop - 10:11:14 up 11 min,  1 user,  load average: 1.76, 2.34, 1.61(B[m[39;49m(B[m[39;49m[K

%Cpu(s):(B[m[39;49m[1m  2.7 (B[m[39;49mus,(B[m[39;49m[1m  1.9 (B[m[39;49msy,(B[m[39;49m[1m  0.0 (B[m[39;49mni,(B[m[39;49m[1m 94.7 (B[m[39;49mid,(B[m[39;49m[1m  0.5 (B[m[39;49mwa,(B[m[39;49m[1m  0.0 (B[m[39;49mhi,(B[m[39;49m[1m  0.2 (B[m[39;49msi,(B[m[39;49m[1m  0.0 (B[m[39;49mst(B[m[39;49m(B[m[39;49m[K
KiB Mem :(B[m[39;49m[1m 12185132 (B[m[39;49mtotal,(B[m[39;49m[1m  6273220 (B[m[39;49mfree,(B[m[39;49m[1m  1330452 (B[m[39;49mused,(B[m[39;49m[1m  4581460 (B[m[39;49mbuff/cache(B[m[39;49m(B[m[39;49m[K
KiB Swap:(B[m[39;49m[1m        0 (B[m[39;49mtotal,(B[m[39;49m[1m        0 (B[m[39;49mfree,(B[m[39;49m[1m        0 (B[m[39;49mused.(B[m[39;49m[1m 10223692 (B[m[39;49mavail Mem (B[m[39;49m(B[m[39;49m[K
[K

[J[H(B[mtop - 10:11:17 up 11 min,  1 user,  load average: 1.62, 2.30, 1.60(B[m[39;49m(B[m[39;49m[K

%Cpu(s):(B[m[39;49m[1m  2.8 (B[m[39;49mus,(B[m[39;49m[1m  1.4 (B[m[39;49msy,(B[m[39;49m[1m  0.0 (B[m[39;49mni,(B[m[39;49m[1m 95.6 (B[m[39;49mid,(B[m[39;49m[1m  0.1 (B[m[39;49mwa,(B[m[39;49m[1m  0.0 (B[m[39;49mhi,(B[m[39;49m[1m  0.1 (B[m[39;49msi,(B[m[39;49m[1m  0.0 (B[m[39;49mst(B[m[39;49m(B[m[39;49m[K
KiB Mem :(B[m[39;49m[1m 12185132 (B[m[39;49mtotal,(B[m[39;49m[1m  6275956 (B[m[39;49mfree,(B[m[39;49m[1m  1330164 (B[m[39;49mused,(B[m[39;49m[1m  4579012 (B[m[39;49mbuff/cache(B[m[39;49m(B[m[39;49m[K
KiB Swap:(B[m[39;49m[1m        0 (B[m[39;49mtotal,(B[m[39;49m[1m        0 (B[m[39;49mfree,(B[m[39;49m[1m        0 (B[m[39;49mused.(B[m[39;49m[1m 10226468 (B[m[39;49mavail Mem (B[m[39;49m(B[m[39;49m[K
[K

[J[H(B[mtop - 10:11:20 up 11 min,  1 user,  load average: 1.62, 2.30, 1.60(B[m[39;49m(B[m[39;49m[K

%Cpu(s):(B[m[39;49m[1m  3.8 (B[m[39;49mus,(B[m[39;49m[1m  2.6 (B[m[39;49msy,(B[m[39;49m[1m  0.0 (B[m[39;49mni,(B[m[39;49m[1m 92.6 (B[m[39;49mid,(B[m[39;49m[1m  0.7 (B[m[39;49mwa,(B[m[39;49m[1m  0.0 (B[m[39;49mhi,(B[m[39;49m[1m  0.4 (B[m[39;49msi,(B[m[39;49m[1m  0.0 (B[m[39;49mst(B[m[39;49m(B[m[39;49m[K
KiB Mem :(B[m[39;49m[1m 12185132 (B[m[39;49mtotal,(B[m[39;49m[1m  6276008 (B[m[39;49mfree,(B[m[39;49m[1m  1330000 (B[m[39;49mused,(B[m[39;49m[1m  4579124 (B[m[39;49mbuff/cache(B[m[39;49m(B[m[39;49m[K
KiB Swap:(B[m[39;49m[1m        0 (B[m[39;49mtotal,(B[m[39;49m[1m        0 (B[m[39;49mfree,(B[m[39;49m[1m        0 (B[m[39;49mused.(B[m[39;49m[1m 10226560 (B[m[39;49mavail Mem (B[m[39;49m(B[m[39;49m[K
[K

[J[H(B[mtop - 10:11:23 up 11 min,  1 user,  load average: 2.05, 2.38, 1.63(B[m[39;49m(B[m[39;49m[K

%Cpu(s):(B[m[39;49m[1m 14.5 (B[m[39;49mus,(B[m[39;49m[1m  3.7 (B[m[39;49msy,(B[m[39;49m[1m  0.0 (B[m[39;49mni,(B[m[39;49m[1m 73.9 (B[m[39;49mid,(B[m[39;49m[1m  6.9 (B[m[39;49mwa,(B[m[39;49m[1m  0.0 (B[m[39;49mhi,(B[m[39;49m[1m  0.9 (B[m[39;49msi,(B[m[39;49m[1m  0.0 (B[m[39;49mst(B[m[39;49m(B[m[39;49m[K
KiB Mem :(B[m[39;49m[1m 12185132 (B[m[39;49mtotal,(B[m[39;49m[1m  6216920 (B[m[39;49mfree,(B[m[39;49m[1m  1340084 (B[m[39;49mused,(B[m[39;49m[1m  4628128 (B[m[39;49mbuff/cache(B[m[39;49m(B[m[39;49m[K
KiB Swap:(B[m[39;49m[1m        0 (B[m[39;49mtotal,(B[m[39;49m[1m        0 (B[m[39;49mfree,(B[m[39;49m[1m        0 (B[m[39;49mused.(B[m[39;49m[1m 10167752 (B[m[39;49mavail Mem (B[m[39;49m(B[m[39;49m[K
[K

[J[H(B[mtop - 10:11:26 up 11 min,  1 user,  load average: 1.88, 2.34, 1.62(B[m[39;49m(B[m[39;49m[K

%Cpu(s):(B[m[39;49m[1m 13.5 (B[m[39;49mus,(B[m[39;49m[1m  3.4 (B[m[39;49msy,(B[m[39;49m[1m  0.0 (B[m[39;49mni,(B[m[39;49m[1m 78.4 (B[m[39;49mid,(B[m[39;49m[1m  4.0 (B[m[39;49mwa,(B[m[39;49m[1m  0.0 (B[m[39;49mhi,(B[m[39;49m[1m  0.8 (B[m[39;49msi,(B[m[39;49m[1m  0.0 (B[m[39;49mst(B[m[39;49m(B[m[39;49m[K
KiB Mem :(B[m[39;49m[1m 12185132 (B[m[39;49mtotal,(B[m[39;49m[1m  6237952 (B[m[39;49mfree,(B[m[39;49m[1m  1340552 (B[m[39;49mused,(B[m[39;49m[1m  4606628 (B[m[39;49mbuff/cache(B[m[39;49m(B[m[39;49m[K
KiB Swap:(B[m[39;49m[1m        0 (B[m[39;49mtotal,(B[m[39;49m[1m        0 (B[m[39;49mfree,(B[m[39;49m[1m        0 (B[m[39;49mused.(B[m[39;49m[1m 10188920 (B[m[39;49mavail Mem (B[m[39;49m(B[m[39;49m[K
[K

[J[H(B[mtop - 10:11:29 up 11 min,  1 user,  load average: 1.88, 2.34, 1.62(B[m[39;49m(B[m[39;49m[K

%Cpu(s):(B[m[39;49m[1m  9.7 (B[m[39;49mus,(B[m[39;49m[1m  4.1 (B[m[39;49msy,(B[m[39;49m[1m  0.0 (B[m[39;49mni,(B[m[39;49m[1m 84.1 (B[m[39;49mid,(B[m[39;49m[1m  0.4 (B[m[39;49mwa,(B[m[39;49m[1m  0.0 (B[m[39;49mhi,(B[m[39;49m[1m  1.7 (B[m[39;49msi,(B[m[39;49m[1m  0.0 (B[m[39;49mst(B[m[39;49m(B[m[39;49m[K
KiB Mem :(B[m[39;49m[1m 12185132 (B[m[39;49mtotal,(B[m[39;49m[1m  6246468 (B[m[39;49mfree,(B[m[39;49m[1m  1342800 (B[m[39;49mused,(B[m[39;49m[1m  4595864 (B[m[39;49mbuff/cache(B[m[39;49m(B[m[39;49m[K
KiB Swap:(B[m[39;49m[1m        0 (B[m[39;49mtotal,(B[m[39;49m[1m        0 (B[m[39;49mfree,(B[m[39;49m[1m        0 (B[m[39;49mused.(B[m[39;49m[1m 10197548 (B[m[39;49mavail Mem (B[m[39;49m(B[m[39;49m[K
[K

[J[H(B[mtop - 10:11:32 up 11 min,  1 user,  load average: 1.73, 2.30, 1.61(B[m[39;49m(B[m[39;49m[K

%Cpu(s):(B[m[39;49m[1m  4.3 (B[m[39;49mus,(B[m[39;49m[1m  1.9 (B[m[39;49msy,(B[m[39;49m[1m  0.0 (B[m[39;49mni,(B[m[39;49m[1m 92.8 (B[m[39;49mid,(B[m[39;49m[1m  0.3 (B[m[39;49mwa,(B[m[39;49m[1m  0.0 (B[m[39;49mhi,(B[m[39;49m[1m  0.7 (B[m[39;49msi,(B[m[39;49m[1m  0.0 (B[m[39;49mst(B[m[39;49m(B[m[39;49m[K
KiB Mem :(B[m[39;49m[1m 12185132 (B[m[39;49mtotal,(B[m[39;49m[1m  6247272 (B[m[39;49mfree,(B[m[39;49m[1m  1342688 (B[m[39;49mused,(B[m[39;49m[1m  4595172 (B[m[39;49mbuff/cache(B[m[39;49m(B[m[39;49m[K
KiB Swap:(B[m[39;49m[1m        0 (B[m[39;49mtotal,(B[m[39;49m[1m        0 (B[m[39;49mfree,(B[m[39;49m[1m        0 (B[m[39;49mused.(B[m[39;49m[1m 10198408 (B[m[39;49mavail Mem (B[m[39;49m(B[m[39;49m[K
[K

[J[H(B[mtop - 10:11:35 up 11 min,  1 user,  load average: 1.73, 2.30, 1.61(B[m[39;49m(B[m[39;49m[K

%Cpu(s):(B[m[39;49m[1m 24.3 (B[m[39;49mus,(B[m[39;49m[1m 12.0 (B[m[39;49msy,(B[m[39;49m[1m  0.0 (B[m[39;49mni,(B[m[39;49m[1m 62.5 (B[m[39;49mid,(B[m[39;49m[1m  0.9 (B[m[39;49mwa,(B[m[39;49m[1m  0.0 (B[m[39;49mhi,(B[m[39;49m[1m  0.3 (B[m[39;49msi,(B[m[39;49m[1m  0.0 (B[m[39;49mst(B[m[39;49m(B[m[39;49m[K
KiB Mem :(B[m[39;49m[1m 12185132 (B[m[39;49mtotal,(B[m[39;49m[1m  6073436 (B[m[39;49mfree,(B[m[39;49m[1m  1514200 (B[m[39;49mused,(B[m[39;49m[1m  4597496 (B[m[39;49mbuff/cache(B[m[39;49m(B[m[39;49m[K
KiB Swap:(B[m[39;49m[1m        0 (B[m[39;49mtotal,(B[m[39;49m[1m        0 (B[m[39;49mfree,(B[m[39;49m[1m        0 (B[m[39;49mused.(B[m[39;49m[1m 10024528 (B[m[39;49mavail Mem (B[m[39;49m(B[m[39;49m[K
[K

[J[H(B[mtop - 10:11:38 up 11 min,  1 user,  load average: 1.67, 2.28, 1.61(B[m[39;49m(B[m[39;49m[K

%Cpu(s):(B[m[39;49m[1m 26.5 (B[m[39;49mus,(B[m[39;49m[1m  0.8 (B[m[39;49msy,(B[m[39;49m[1m  0.0 (B[m[39;49mni,(B[m[39;49m[1m 71.8 (B[m[39;49mid,(B[m[39;49m[1m  0.5 (B[m[39;49mwa,(B[m[39;49m[1m  0.0 (B[m[39;49mhi,(B[m[39;49m[1m  0.4 (B[m[39;49msi,(B[m[39;49m[1m  0.0 (B[m[39;49mst(B[m[39;49m(B[m[39;49m[K
KiB Mem :(B[m[39;49m[1m 12185132 (B[m[39;49mtotal,(B[m[39;49m[1m  6027680 (B[m[39;49mfree,(B[m[39;49m[1m  1561848 (B[m[39;49mused,(B[m[39;49m[1m  4595604 (B[m[39;49mbuff/cache(B[m[39;49m(B[m[39;49m[K
KiB Swap:(B[m[39;49m[1m        0 (B[m[39;49mtotal,(B[m[39;49m[1m        0 (B[m[39;49mfree,(B[m[39;49m[1m        0 (B[m[39;49mused.(B[m[39;49m[1m  9978832 (B[m[39;49mavail Mem (B[m[39;49m(B[m[39;49m[K
[K

[J[H(B[mtop - 10:11:41 up 12 min,  1 user,  load average: 1.62, 2.25, 1.60(B[m[39;49m(B[m[39;49m[K

%Cpu(s):(B[m[39;49m[1m 16.6 (B[m[39;49mus,(B[m[39;49m[1m  1.1 (B[m[39;49msy,(B[m[39;49m[1m  0.0 (B[m[39;49mni,(B[m[39;49m[1m 81.6 (B[m[39;49mid,(B[m[39;49m[1m  0.6 (B[m[39;49mwa,(B[m[39;49m[1m  0.0 (B[m[39;49mhi,(B[m[39;49m[1m  0.2 (B[m[39;49msi,(B[m[39;49m[1m  0.0 (B[m[39;49mst(B[m[39;49m(B[m[39;49m[K
KiB Mem :(B[m[39;49m[1m 12185132 (B[m[39;49mtotal,(B[m[39;49m[1m  5966796 (B[m[39;49mfree,(B[m[39;49m[1m  1623008 (B[m[39;49mused,(B[m[39;49m[1m  4595328 (B[m[39;49mbuff/cache(B[m[39;49m(B[m[39;49m[K
KiB Swap:(B[m[39;49m[1m        0 (B[m[39;49mtotal,(B[m[39;49m[1m        0 (B[m[39;49mfree,(B[m[39;49m[1m        0 (B[m[39;49mused.(B[m[39;49m[1m  9917964 (B[m[39;49mavail Mem (B[m[39;49m(B[m[39;49m[K
[K

[J[?1l>[25;1H
[?12l[?25h[K