top -p
top -p
top -p
top -p
top -p
top -p
top -p
top -p
top -p
top -p
top -p
top -p
top -p
[?1h=[?25l[H[2J(B[mtop - 10:41:48 up 42 min,  1 user,  load average: 0.98, 0.97, 1.09(B[m[39;49m(B[m[39;49m[K
Tasks:(B[m[39;49m[1m   1 (B[m[39;49mtotal,(B[m[39;49m[1m   0 (B[m[39;49mrunning,(B[m[39;49m[1m   1 (B[m[39;49msleeping,(B[m[39;49m[1m   0 (B[m[39;49mstopped,(B[m[39;49m[1m   0 (B[m[39;49mzombie(B[m[39;49m(B[m[39;49m[K
%Cpu(s):(B[m[39;49m[1m 14.8 (B[m[39;49mus,(B[m[39;49m[1m  3.1 (B[m[39;49msy,(B[m[39;49m[1m  0.7 (B[m[39;49mni,(B[m[39;49m[1m 76.6 (B[m[39;49mid,(B[m[39;49m[1m  4.5 (B[m[39;49mwa,(B[m[39;49m[1m  0.0 (B[m[39;49mhi,(B[m[39;49m[1m  0.3 (B[m[39;49msi,(B[m[39;49m[1m  0.0 (B[m[39;49mst(B[m[39;49m(B[m[39;49m[K
KiB Mem :(B[m[39;49m[1m 12185132 (B[m[39;49mtotal,(B[m[39;49m[1m  5727704 (B[m[39;49mfree,(B[m[39;49m[1m  1797028 (B[m[39;49mused,(B[m[39;49m[1m  4660400 (B[m[39;49mbuff/cache(B[m[39;49m(B[m[39;49m[K
KiB Swap:(B[m[39;49m[1m        0 (B[m[39;49mtotal,(B[m[39;49m[1m        0 (B[m[39;49mfree,(B[m[39;49m[1m        0 (B[m[39;49mused.(B[m[39;49m[1m  9702928 (B[m[39;49mavail Mem (B[m[39;49m(B[m[39;49m[K
[K
[7m  PID USER      PR  NI    VIRT    RES    SHR S  %CPU %MEM     TIME+ COMMAND     (B[m[39;49m[K
(B[m20848 swetha    20   0 2027584 444116  94032 S   0.0  3.6   0:23.66 python      (B[m[39;49m[K
[J[H(B[mtop - 10:41:51 up 42 min,  1 user,  load average: 0.98, 0.97, 1.09(B[m[39;49m(B[m[39;49m[K
Tasks:(B[m[39;49m[1m   1 (B[m[39;49mtotal,(B[m[39;49m[1m   0 (B[m[39;49mrunning,(B[m[39;49m[1m   1 (B[m[39;49msleeping,(B[m[39;49m[1m   0 (B[m[39;49mstopped,(B[m[39;49m[1m   0 (B[m[39;49mzombie(B[m[39;49m(B[m[39;49m[K
%Cpu(s):(B[m[39;49m[1m  8.4 (B[m[39;49mus,(B[m[39;49m[1m  2.2 (B[m[39;49msy,(B[m[39;49m[1m  0.0 (B[m[39;49mni,(B[m[39;49m[1m 89.1 (B[m[39;49mid,(B[m[39;49m[1m  0.0 (B[m[39;49mwa,(B[m[39;49m[1m  0.0 (B[m[39;49mhi,(B[m[39;49m[1m  0.3 (B[m[39;49msi,(B[m[39;49m[1m  0.0 (B[m[39;49mst(B[m[39;49m(B[m[39;49m[K
KiB Mem :(B[m[39;49m[1m 12185132 (B[m[39;49mtotal,(B[m[39;49m[1m  5795152 (B[m[39;49mfree,(B[m[39;49m[1m  1741236 (B[m[39;49mused,(B[m[39;49m[1m  4648744 (B[m[39;49mbuff/cache(B[m[39;49m(B[m[39;49m[K
KiB Swap:(B[m[39;49m[1m        0 (B[m[39;49mtotal,(B[m[39;49m[1m        0 (B[m[39;49mfree,(B[m[39;49m[1m        0 (B[m[39;49mused.(B[m[39;49m[1m  9770380 (B[m[39;49mavail Mem (B[m[39;49m(B[m[39;49m[K
[K


[J[H(B[mtop - 10:41:54 up 42 min,  1 user,  load average: 1.06, 0.98, 1.10(B[m[39;49m(B[m[39;49m[K

%Cpu(s):(B[m[39;49m[1m 26.4 (B[m[39;49mus,(B[m[39;49m[1m  3.5 (B[m[39;49msy,(B[m[39;49m[1m  0.0 (B[m[39;49mni,(B[m[39;49m[1m 69.2 (B[m[39;49mid,(B[m[39;49m[1m  0.6 (B[m[39;49mwa,(B[m[39;49m[1m  0.0 (B[m[39;49mhi,(B[m[39;49m[1m  0.3 (B[m[39;49msi,(B[m[39;49m[1m  0.0 (B[m[39;49mst(B[m[39;49m(B[m[39;49m[K
KiB Mem :(B[m[39;49m[1m 12185132 (B[m[39;49mtotal,(B[m[39;49m[1m  5764764 (B[m[39;49mfree,(B[m[39;49m[1m  1768596 (B[m[39;49mused,(B[m[39;49m[1m  4651772 (B[m[39;49mbuff/cache(B[m[39;49m(B[m[39;49m[K
KiB Swap:(B[m[39;49m[1m        0 (B[m[39;49mtotal,(B[m[39;49m[1m        0 (B[m[39;49mfree,(B[m[39;49m[1m        0 (B[m[39;49mused.(B[m[39;49m[1m  9740040 (B[m[39;49mavail Mem (B[m[39;49m(B[m[39;49m[K
[K

(B[m20848 swetha    20   0 2093376 455084  94032 S  88.0  3.7   0:26.30 python      (B[m[39;49m[K
[J[H(B[mtop - 10:41:57 up 42 min,  1 user,  load average: 0.97, 0.97, 1.09(B[m[39;49m(B[m[39;49m[K

%Cpu(s):(B[m[39;49m[1m 24.4 (B[m[39;49mus,(B[m[39;49m[1m  4.4 (B[m[39;49msy,(B[m[39;49m[1m  0.0 (B[m[39;49mni,(B[m[39;49m[1m 69.9 (B[m[39;49mid,(B[m[39;49m[1m  0.8 (B[m[39;49mwa,(B[m[39;49m[1m  0.0 (B[m[39;49mhi,(B[m[39;49m[1m  0.5 (B[m[39;49msi,(B[m[39;49m[1m  0.0 (B[m[39;49mst(B[m[39;49m(B[m[39;49m[K
KiB Mem :(B[m[39;49m[1m 12185132 (B[m[39;49mtotal,(B[m[39;49m[1m  5782932 (B[m[39;49mfree,(B[m[39;49m[1m  1745328 (B[m[39;49mused,(B[m[39;49m[1m  4656872 (B[m[39;49mbuff/cache(B[m[39;49m(B[m[39;49m[K
KiB Swap:(B[m[39;49m[1m        0 (B[m[39;49mtotal,(B[m[39;49m[1m        0 (B[m[39;49mfree,(B[m[39;49m[1m        0 (B[m[39;49mused.(B[m[39;49m[1m  9758216 (B[m[39;49mavail Mem (B[m[39;49m(B[m[39;49m[K
[K

(B[m20848 swetha    20   0 2028096 443992  94032 S  73.0  3.6   0:28.49 python      (B[m[39;49m[K
[J[H(B[mtop - 10:42:00 up 42 min,  1 user,  load average: 0.97, 0.97, 1.09(B[m[39;49m(B[m[39;49m[K

%Cpu(s):(B[m[39;49m[1m  6.6 (B[m[39;49mus,(B[m[39;49m[1m  2.0 (B[m[39;49msy,(B[m[39;49m[1m  0.0 (B[m[39;49mni,(B[m[39;49m[1m 91.0 (B[m[39;49mid,(B[m[39;49m[1m  0.2 (B[m[39;49mwa,(B[m[39;49m[1m  0.0 (B[m[39;49mhi,(B[m[39;49m[1m  0.3 (B[m[39;49msi,(B[m[39;49m[1m  0.0 (B[m[39;49mst(B[m[39;49m(B[m[39;49m[K
KiB Mem :(B[m[39;49m[1m 12185132 (B[m[39;49mtotal,(B[m[39;49m[1m  5787332 (B[m[39;49mfree,(B[m[39;49m[1m  1747520 (B[m[39;49mused,(B[m[39;49m[1m  4650280 (B[m[39;49mbuff/cache(B[m[39;49m(B[m[39;49m[K
KiB Swap:(B[m[39;49m[1m        0 (B[m[39;49mtotal,(B[m[39;49m[1m        0 (B[m[39;49mfree,(B[m[39;49m[1m        0 (B[m[39;49mused.(B[m[39;49m[1m  9762636 (B[m[39;49mavail Mem (B[m[39;49m(B[m[39;49m[K
[K

(B[m20848 swetha    20   0 2028096 443992  94032 S   0.0  3.6   0:28.49 python      (B[m[39;49m[K
[J[H(B[mtop - 10:42:03 up 42 min,  1 user,  load average: 0.90, 0.95, 1.08(B[m[39;49m(B[m[39;49m[K

%Cpu(s):(B[m[39;49m[1m  6.6 (B[m[39;49mus,(B[m[39;49m[1m  2.1 (B[m[39;49msy,(B[m[39;49m[1m  0.0 (B[m[39;49mni,(B[m[39;49m[1m 90.8 (B[m[39;49mid,(B[m[39;49m[1m  0.3 (B[m[39;49mwa,(B[m[39;49m[1m  0.0 (B[m[39;49mhi,(B[m[39;49m[1m  0.3 (B[m[39;49msi,(B[m[39;49m[1m  0.0 (B[m[39;49mst(B[m[39;49m(B[m[39;49m[K
KiB Mem :(B[m[39;49m[1m 12185132 (B[m[39;49mtotal,(B[m[39;49m[1m  5784036 (B[m[39;49mfree,(B[m[39;49m[1m  1750756 (B[m[39;49mused,(B[m[39;49m[1m  4650340 (B[m[39;49mbuff/cache(B[m[39;49m(B[m[39;49m[K
KiB Swap:(B[m[39;49m[1m        0 (B[m[39;49mtotal,(B[m[39;49m[1m        0 (B[m[39;49mfree,(B[m[39;49m[1m        0 (B[m[39;49mused.(B[m[39;49m[1m  9759348 (B[m[39;49mavail Mem (B[m[39;49m(B[m[39;49m[K
[K


[J[H(B[mtop - 10:42:06 up 42 min,  1 user,  load average: 0.90, 0.95, 1.08(B[m[39;49m(B[m[39;49m[K

%Cpu(s):(B[m[39;49m[1m  7.0 (B[m[39;49mus,(B[m[39;49m[1m  2.3 (B[m[39;49msy,(B[m[39;49m[1m  0.0 (B[m[39;49mni,(B[m[39;49m[1m 90.3 (B[m[39;49mid,(B[m[39;49m[1m  0.3 (B[m[39;49mwa,(B[m[39;49m[1m  0.0 (B[m[39;49mhi,(B[m[39;49m[1m  0.1 (B[m[39;49msi,(B[m[39;49m[1m  0.0 (B[m[39;49mst(B[m[39;49m(B[m[39;49m[K
KiB Mem :(B[m[39;49m[1m 12185132 (B[m[39;49mtotal,(B[m[39;49m[1m  5780528 (B[m[39;49mfree,(B[m[39;49m[1m  1754228 (B[m[39;49mused,(B[m[39;49m[1m  4650376 (B[m[39;49mbuff/cache(B[m[39;49m(B[m[39;49m[K
KiB Swap:(B[m[39;49m[1m        0 (B[m[39;49mtotal,(B[m[39;49m[1m        0 (B[m[39;49mfree,(B[m[39;49m[1m        0 (B[m[39;49mused.(B[m[39;49m[1m  9755852 (B[m[39;49mavail Mem (B[m[39;49m(B[m[39;49m[K
[K


[J[H(B[mtop - 10:42:09 up 42 min,  1 user,  load average: 0.82, 0.93, 1.08(B[m[39;49m(B[m[39;49m[K

%Cpu(s):(B[m[39;49m[1m  5.6 (B[m[39;49mus,(B[m[39;49m[1m  1.4 (B[m[39;49msy,(B[m[39;49m[1m  0.0 (B[m[39;49mni,(B[m[39;49m[1m 92.6 (B[m[39;49mid,(B[m[39;49m[1m  0.2 (B[m[39;49mwa,(B[m[39;49m[1m  0.0 (B[m[39;49mhi,(B[m[39;49m[1m  0.2 (B[m[39;49msi,(B[m[39;49m[1m  0.0 (B[m[39;49mst(B[m[39;49m(B[m[39;49m[K
KiB Mem :(B[m[39;49m[1m 12185132 (B[m[39;49mtotal,(B[m[39;49m[1m  5776844 (B[m[39;49mfree,(B[m[39;49m[1m  1759704 (B[m[39;49mused,(B[m[39;49m[1m  4648584 (B[m[39;49mbuff/cache(B[m[39;49m(B[m[39;49m[K
KiB Swap:(B[m[39;49m[1m        0 (B[m[39;49mtotal,(B[m[39;49m[1m        0 (B[m[39;49mfree,(B[m[39;49m[1m        0 (B[m[39;49mused.(B[m[39;49m[1m  9752180 (B[m[39;49mavail Mem (B[m[39;49m(B[m[39;49m[K
[K


[J[H(B[mtop - 10:42:12 up 42 min,  1 user,  load average: 0.84, 0.94, 1.08(B[m[39;49m(B[m[39;49m[K

%Cpu(s):(B[m[39;49m[1m  6.4 (B[m[39;49mus,(B[m[39;49m[1m  1.7 (B[m[39;49msy,(B[m[39;49m[1m  0.0 (B[m[39;49mni,(B[m[39;49m[1m 91.5 (B[m[39;49mid,(B[m[39;49m[1m  0.3 (B[m[39;49mwa,(B[m[39;49m[1m  0.0 (B[m[39;49mhi,(B[m[39;49m[1m  0.2 (B[m[39;49msi,(B[m[39;49m[1m  0.0 (B[m[39;49mst(B[m[39;49m(B[m[39;49m[K
KiB Mem :(B[m[39;49m[1m 12185132 (B[m[39;49mtotal,(B[m[39;49m[1m  5769760 (B[m[39;49mfree,(B[m[39;49m[1m  1763884 (B[m[39;49mused,(B[m[39;49m[1m  4651488 (B[m[39;49mbuff/cache(B[m[39;49m(B[m[39;49m[K
KiB Swap:(B[m[39;49m[1m        0 (B[m[39;49mtotal,(B[m[39;49m[1m        0 (B[m[39;49mfree,(B[m[39;49m[1m        0 (B[m[39;49mused.(B[m[39;49m[1m  9745116 (B[m[39;49mavail Mem (B[m[39;49m(B[m[39;49m[K
[K


[J[H(B[mtop - 10:42:15 up 42 min,  1 user,  load average: 0.84, 0.94, 1.08(B[m[39;49m(B[m[39;49m[K

%Cpu(s):(B[m[39;49m[1m  6.8 (B[m[39;49mus,(B[m[39;49m[1m  1.8 (B[m[39;49msy,(B[m[39;49m[1m  0.0 (B[m[39;49mni,(B[m[39;49m[1m 91.2 (B[m[39;49mid,(B[m[39;49m[1m  0.1 (B[m[39;49mwa,(B[m[39;49m[1m  0.0 (B[m[39;49mhi,(B[m[39;49m[1m  0.2 (B[m[39;49msi,(B[m[39;49m[1m  0.0 (B[m[39;49mst(B[m[39;49m(B[m[39;49m[K
KiB Mem :(B[m[39;49m[1m 12185132 (B[m[39;49mtotal,(B[m[39;49m[1m  5765272 (B[m[39;49mfree,(B[m[39;49m[1m  1769868 (B[m[39;49mused,(B[m[39;49m[1m  4649992 (B[m[39;49mbuff/cache(B[m[39;49m(B[m[39;49m[K
KiB Swap:(B[m[39;49m[1m        0 (B[m[39;49mtotal,(B[m[39;49m[1m        0 (B[m[39;49mfree,(B[m[39;49m[1m        0 (B[m[39;49mused.(B[m[39;49m[1m  9740660 (B[m[39;49mavail Mem (B[m[39;49m(B[m[39;49m[K
[K


[J[H(B[mtop - 10:42:18 up 42 min,  1 user,  load average: 0.93, 0.95, 1.08(B[m[39;49m(B[m[39;49m[K

%Cpu(s):(B[m[39;49m[1m  8.5 (B[m[39;49mus,(B[m[39;49m[1m  1.9 (B[m[39;49msy,(B[m[39;49m[1m  0.0 (B[m[39;49mni,(B[m[39;49m[1m 89.2 (B[m[39;49mid,(B[m[39;49m[1m  0.1 (B[m[39;49mwa,(B[m[39;49m[1m  0.0 (B[m[39;49mhi,(B[m[39;49m[1m  0.3 (B[m[39;49msi,(B[m[39;49m[1m  0.0 (B[m[39;49mst(B[m[39;49m(B[m[39;49m[K
KiB Mem :(B[m[39;49m[1m 12185132 (B[m[39;49mtotal,(B[m[39;49m[1m  5760196 (B[m[39;49mfree,(B[m[39;49m[1m  1774708 (B[m[39;49mused,(B[m[39;49m[1m  4650228 (B[m[39;49mbuff/cache(B[m[39;49m(B[m[39;49m[K
KiB Swap:(B[m[39;49m[1m        0 (B[m[39;49mtotal,(B[m[39;49m[1m        0 (B[m[39;49mfree,(B[m[39;49m[1m        0 (B[m[39;49mused.(B[m[39;49m[1m  9735612 (B[m[39;49mavail Mem (B[m[39;49m(B[m[39;49m[K
[K


[J[H(B[mtop - 10:42:21 up 42 min,  1 user,  load average: 0.93, 0.95, 1.08(B[m[39;49m(B[m[39;49m[K

%Cpu(s):(B[m[39;49m[1m 22.0 (B[m[39;49mus,(B[m[39;49m[1m  2.7 (B[m[39;49msy,(B[m[39;49m[1m  0.0 (B[m[39;49mni,(B[m[39;49m[1m 74.9 (B[m[39;49mid,(B[m[39;49m[1m  0.3 (B[m[39;49mwa,(B[m[39;49m[1m  0.0 (B[m[39;49mhi,(B[m[39;49m[1m  0.3 (B[m[39;49msi,(B[m[39;49m[1m  0.0 (B[m[39;49mst(B[m[39;49m(B[m[39;49m[K
KiB Mem :(B[m[39;49m[1m 12185132 (B[m[39;49mtotal,(B[m[39;49m[1m  5729240 (B[m[39;49mfree,(B[m[39;49m[1m  1805784 (B[m[39;49mused,(B[m[39;49m[1m  4650108 (B[m[39;49mbuff/cache(B[m[39;49m(B[m[39;49m[K
KiB Swap:(B[m[39;49m[1m        0 (B[m[39;49mtotal,(B[m[39;49m[1m        0 (B[m[39;49mfree,(B[m[39;49m[1m        0 (B[m[39;49mused.(B[m[39;49m[1m  9704716 (B[m[39;49mavail Mem (B[m[39;49m(B[m[39;49m[K
[K

(B[m20848 swetha    20   0 2093888 457084  94032 S  64.3  3.8   0:30.42 python      (B[m[39;49m[K
[J[H(B[mtop - 10:42:24 up 42 min,  1 user,  load average: 1.02, 0.97, 1.09(B[m[39;49m(B[m[39;49m[K

%Cpu(s):(B[m[39;49m[1m 27.9 (B[m[39;49mus,(B[m[39;49m[1m  5.2 (B[m[39;49msy,(B[m[39;49m[1m  0.0 (B[m[39;49mni,(B[m[39;49m[1m 66.7 (B[m[39;49mid,(B[m[39;49m[1m  0.2 (B[m[39;49mwa,(B[m[39;49m[1m  0.0 (B[m[39;49mhi,(B[m[39;49m[1m  0.1 (B[m[39;49msi,(B[m[39;49m[1m  0.0 (B[m[39;49mst(B[m[39;49m(B[m[39;49m[K
KiB Mem :(B[m[39;49m[1m 12185132 (B[m[39;49mtotal,(B[m[39;49m[1m  5738704 (B[m[39;49mfree,(B[m[39;49m[1m  1791088 (B[m[39;49mused,(B[m[39;49m[1m  4655340 (B[m[39;49mbuff/cache(B[m[39;49m(B[m[39;49m[K
KiB Swap:(B[m[39;49m[1m        0 (B[m[39;49mtotal,(B[m[39;49m[1m        0 (B[m[39;49mfree,(B[m[39;49m[1m        0 (B[m[39;49mused.(B[m[39;49m[1m  9714236 (B[m[39;49mavail Mem (B[m[39;49m(B[m[39;49m[K
[K

(B[m20848 swetha    20   0 2028608 449712  94032 S  97.0  3.7   0:33.33 python      (B[m[39;49m[K
[J[H(B[mtop - 10:42:27 up 42 min,  1 user,  load average: 1.02, 0.97, 1.09(B[m[39;49m(B[m[39;49m[K

%Cpu(s):(B[m[39;49m[1m  4.7 (B[m[39;49mus,(B[m[39;49m[1m  1.0 (B[m[39;49msy,(B[m[39;49m[1m  0.0 (B[m[39;49mni,(B[m[39;49m[1m 94.1 (B[m[39;49mid,(B[m[39;49m[1m  0.2 (B[m[39;49mwa,(B[m[39;49m[1m  0.0 (B[m[39;49mhi,(B[m[39;49m[1m  0.0 (B[m[39;49msi,(B[m[39;49m[1m  0.0 (B[m[39;49mst(B[m[39;49m(B[m[39;49m[K
KiB Mem :(B[m[39;49m[1m 12185132 (B[m[39;49mtotal,(B[m[39;49m[1m  5737816 (B[m[39;49mfree,(B[m[39;49m[1m  1795576 (B[m[39;49mused,(B[m[39;49m[1m  4651740 (B[m[39;49mbuff/cache(B[m[39;49m(B[m[39;49m[K
KiB Swap:(B[m[39;49m[1m        0 (B[m[39;49mtotal,(B[m[39;49m[1m        0 (B[m[39;49mfree,(B[m[39;49m[1m        0 (B[m[39;49mused.(B[m[39;49m[1m  9713360 (B[m[39;49mavail Mem (B[m[39;49m(B[m[39;49m[K
[K

(B[m20848 swetha    20   0 2028608 449712  94032 S   0.0  3.7   0:33.33 python      (B[m[39;49m[K
[J[H(B[mtop - 10:42:30 up 42 min,  1 user,  load average: 1.02, 0.97, 1.09(B[m[39;49m(B[m[39;49m[K

%Cpu(s):(B[m[39;49m[1m  8.1 (B[m[39;49mus,(B[m[39;49m[1m  2.2 (B[m[39;49msy,(B[m[39;49m[1m  0.0 (B[m[39;49mni,(B[m[39;49m[1m 88.8 (B[m[39;49mid,(B[m[39;49m[1m  0.5 (B[m[39;49mwa,(B[m[39;49m[1m  0.0 (B[m[39;49mhi,(B[m[39;49m[1m  0.4 (B[m[39;49msi,(B[m[39;49m[1m  0.0 (B[m[39;49mst(B[m[39;49m(B[m[39;49m[K
KiB Mem :(B[m[39;49m[1m 12185132 (B[m[39;49mtotal,(B[m[39;49m[1m  5785824 (B[m[39;49mfree,(B[m[39;49m[1m  1749120 (B[m[39;49mused,(B[m[39;49m[1m  4650188 (B[m[39;49mbuff/cache(B[m[39;49m(B[m[39;49m[K
KiB Swap:(B[m[39;49m[1m        0 (B[m[39;49mtotal,(B[m[39;49m[1m        0 (B[m[39;49mfree,(B[m[39;49m[1m        0 (B[m[39;49mused.(B[m[39;49m[1m  9761384 (B[m[39;49mavail Mem (B[m[39;49m(B[m[39;49m[K
[K


[J[H(B[mtop - 10:42:33 up 42 min,  1 user,  load average: 0.93, 0.96, 1.08(B[m[39;49m(B[m[39;49m[K

%Cpu(s):(B[m[39;49m[1m  4.5 (B[m[39;49mus,(B[m[39;49m[1m  0.8 (B[m[39;49msy,(B[m[39;49m[1m  0.0 (B[m[39;49mni,(B[m[39;49m[1m 94.4 (B[m[39;49mid,(B[m[39;49m[1m  0.3 (B[m[39;49mwa,(B[m[39;49m[1m  0.0 (B[m[39;49mhi,(B[m[39;49m[1m  0.0 (B[m[39;49msi,(B[m[39;49m[1m  0.0 (B[m[39;49mst(B[m[39;49m(B[m[39;49m[K
KiB Mem :(B[m[39;49m[1m 12185132 (B[m[39;49mtotal,(B[m[39;49m[1m  5783592 (B[m[39;49mfree,(B[m[39;49m[1m  1751356 (B[m[39;49mused,(B[m[39;49m[1m  4650184 (B[m[39;49mbuff/cache(B[m[39;49m(B[m[39;49m[K
KiB Swap:(B[m[39;49m[1m        0 (B[m[39;49mtotal,(B[m[39;49m[1m        0 (B[m[39;49mfree,(B[m[39;49m[1m        0 (B[m[39;49mused.(B[m[39;49m[1m  9759160 (B[m[39;49mavail Mem (B[m[39;49m(B[m[39;49m[K
[K


[J[H(B[mtop - 10:42:36 up 42 min,  1 user,  load average: 0.93, 0.96, 1.08(B[m[39;49m(B[m[39;49m[K

%Cpu(s):(B[m[39;49m[1m  4.9 (B[m[39;49mus,(B[m[39;49m[1m  1.3 (B[m[39;49msy,(B[m[39;49m[1m  0.0 (B[m[39;49mni,(B[m[39;49m[1m 93.2 (B[m[39;49mid,(B[m[39;49m[1m  0.5 (B[m[39;49mwa,(B[m[39;49m[1m  0.0 (B[m[39;49mhi,(B[m[39;49m[1m  0.1 (B[m[39;49msi,(B[m[39;49m[1m  0.0 (B[m[39;49mst(B[m[39;49m(B[m[39;49m[K
KiB Mem :(B[m[39;49m[1m 12185132 (B[m[39;49mtotal,(B[m[39;49m[1m  5780584 (B[m[39;49mfree,(B[m[39;49m[1m  1754672 (B[m[39;49mused,(B[m[39;49m[1m  4649876 (B[m[39;49mbuff/cache(B[m[39;49m(B[m[39;49m[K
KiB Swap:(B[m[39;49m[1m        0 (B[m[39;49mtotal,(B[m[39;49m[1m        0 (B[m[39;49mfree,(B[m[39;49m[1m        0 (B[m[39;49mused.(B[m[39;49m[1m  9756212 (B[m[39;49mavail Mem (B[m[39;49m(B[m[39;49m[K
[K

(B[m20848 swetha    20   0 2028608 449712  94032 S   0.3  3.7   0:33.34 python      (B[m[39;49m[K
[J[H(B[mtop - 10:42:39 up 42 min,  1 user,  load average: 1.02, 0.97, 1.09(B[m[39;49m(B[m[39;49m[K

%Cpu(s):(B[m[39;49m[1m  4.5 (B[m[39;49mus,(B[m[39;49m[1m  1.3 (B[m[39;49msy,(B[m[39;49m[1m  0.0 (B[m[39;49mni,(B[m[39;49m[1m 94.2 (B[m[39;49mid,(B[m[39;49m[1m  0.0 (B[m[39;49mwa,(B[m[39;49m[1m  0.0 (B[m[39;49mhi,(B[m[39;49m[1m  0.0 (B[m[39;49msi,(B[m[39;49m[1m  0.0 (B[m[39;49mst(B[m[39;49m(B[m[39;49m[K
KiB Mem :(B[m[39;49m[1m 12185132 (B[m[39;49mtotal,(B[m[39;49m[1m  5778180 (B[m[39;49mfree,(B[m[39;49m[1m  1757216 (B[m[39;49mused,(B[m[39;49m[1m  4649736 (B[m[39;49mbuff/cache(B[m[39;49m(B[m[39;49m[K
KiB Swap:(B[m[39;49m[1m        0 (B[m[39;49mtotal,(B[m[39;49m[1m        0 (B[m[39;49mfree,(B[m[39;49m[1m        0 (B[m[39;49mused.(B[m[39;49m[1m  9753632 (B[m[39;49mavail Mem (B[m[39;49m(B[m[39;49m[K
[K

(B[m20848 swetha    20   0 2028608 449712  94032 S   0.0  3.7   0:33.34 python      (B[m[39;49m[K
[J[H(B[mtop - 10:42:42 up 43 min,  1 user,  load average: 0.94, 0.96, 1.08(B[m[39;49m(B[m[39;49m[K

%Cpu(s):(B[m[39;49m[1m  5.1 (B[m[39;49mus,(B[m[39;49m[1m  1.0 (B[m[39;49msy,(B[m[39;49m[1m  0.0 (B[m[39;49mni,(B[m[39;49m[1m 93.4 (B[m[39;49mid,(B[m[39;49m[1m  0.5 (B[m[39;49mwa,(B[m[39;49m[1m  0.0 (B[m[39;49mhi,(B[m[39;49m[1m  0.0 (B[m[39;49msi,(B[m[39;49m[1m  0.0 (B[m[39;49mst(B[m[39;49m(B[m[39;49m[K
KiB Mem :(B[m[39;49m[1m 12185132 (B[m[39;49mtotal,(B[m[39;49m[1m  5774356 (B[m[39;49mfree,(B[m[39;49m[1m  1760932 (B[m[39;49mused,(B[m[39;49m[1m  4649844 (B[m[39;49mbuff/cache(B[m[39;49m(B[m[39;49m[K
KiB Swap:(B[m[39;49m[1m        0 (B[m[39;49mtotal,(B[m[39;49m[1m        0 (B[m[39;49mfree,(B[m[39;49m[1m        0 (B[m[39;49mused.(B[m[39;49m[1m  9749860 (B[m[39;49mavail Mem (B[m[39;49m(B[m[39;49m[K
[K


[J[H(B[mtop - 10:42:45 up 43 min,  1 user,  load average: 0.94, 0.96, 1.08(B[m[39;49m(B[m[39;49m[K

%Cpu(s):(B[m[39;49m[1m  5.8 (B[m[39;49mus,(B[m[39;49m[1m  1.6 (B[m[39;49msy,(B[m[39;49m[1m  0.0 (B[m[39;49mni,(B[m[39;49m[1m 92.4 (B[m[39;49mid,(B[m[39;49m[1m  0.0 (B[m[39;49mwa,(B[m[39;49m[1m  0.0 (B[m[39;49mhi,(B[m[39;49m[1m  0.2 (B[m[39;49msi,(B[m[39;49m[1m  0.0 (B[m[39;49mst(B[m[39;49m(B[m[39;49m[K
KiB Mem :(B[m[39;49m[1m 12185132 (B[m[39;49mtotal,(B[m[39;49m[1m  5770016 (B[m[39;49mfree,(B[m[39;49m[1m  1764948 (B[m[39;49mused,(B[m[39;49m[1m  4650168 (B[m[39;49mbuff/cache(B[m[39;49m(B[m[39;49m[K
KiB Swap:(B[m[39;49m[1m        0 (B[m[39;49mtotal,(B[m[39;49m[1m        0 (B[m[39;49mfree,(B[m[39;49m[1m        0 (B[m[39;49mused.(B[m[39;49m[1m  9745536 (B[m[39;49mavail Mem (B[m[39;49m(B[m[39;49m[K
[K


[J[H(B[mtop - 10:42:48 up 43 min,  1 user,  load average: 0.86, 0.94, 1.08(B[m[39;49m(B[m[39;49m[K

%Cpu(s):(B[m[39;49m[1m  5.7 (B[m[39;49mus,(B[m[39;49m[1m  1.1 (B[m[39;49msy,(B[m[39;49m[1m  0.0 (B[m[39;49mni,(B[m[39;49m[1m 92.6 (B[m[39;49mid,(B[m[39;49m[1m  0.4 (B[m[39;49mwa,(B[m[39;49m[1m  0.0 (B[m[39;49mhi,(B[m[39;49m[1m  0.2 (B[m[39;49msi,(B[m[39;49m[1m  0.0 (B[m[39;49mst(B[m[39;49m(B[m[39;49m[K
KiB Mem :(B[m[39;49m[1m 12185132 (B[m[39;49mtotal,(B[m[39;49m[1m  5766280 (B[m[39;49mfree,(B[m[39;49m[1m  1768856 (B[m[39;49mused,(B[m[39;49m[1m  4649996 (B[m[39;49mbuff/cache(B[m[39;49m(B[m[39;49m[K
KiB Swap:(B[m[39;49m[1m        0 (B[m[39;49mtotal,(B[m[39;49m[1m        0 (B[m[39;49mfree,(B[m[39;49m[1m        0 (B[m[39;49mused.(B[m[39;49m[1m  9741828 (B[m[39;49mavail Mem (B[m[39;49m(B[m[39;49m[K
[K


[J[H(B[mtop - 10:42:51 up 43 min,  1 user,  load average: 0.86, 0.94, 1.08(B[m[39;49m(B[m[39;49m[K

%Cpu(s):(B[m[39;49m[1m  9.2 (B[m[39;49mus,(B[m[39;49m[1m  1.5 (B[m[39;49msy,(B[m[39;49m[1m  0.0 (B[m[39;49mni,(B[m[39;49m[1m 88.8 (B[m[39;49mid,(B[m[39;49m[1m  0.2 (B[m[39;49mwa,(B[m[39;49m[1m  0.0 (B[m[39;49mhi,(B[m[39;49m[1m  0.3 (B[m[39;49msi,(B[m[39;49m[1m  0.0 (B[m[39;49mst(B[m[39;49m(B[m[39;49m[K
KiB Mem :(B[m[39;49m[1m 12185132 (B[m[39;49mtotal,(B[m[39;49m[1m  5795784 (B[m[39;49mfree,(B[m[39;49m[1m  1740376 (B[m[39;49mused,(B[m[39;49m[1m  4648972 (B[m[39;49mbuff/cache(B[m[39;49m(B[m[39;49m[K
KiB Swap:(B[m[39;49m[1m        0 (B[m[39;49mtotal,(B[m[39;49m[1m        0 (B[m[39;49mfree,(B[m[39;49m[1m        0 (B[m[39;49mused.(B[m[39;49m[1m  9771356 (B[m[39;49mavail Mem (B[m[39;49m(B[m[39;49m[K
[K


[J[H(B[mtop - 10:42:54 up 43 min,  1 user,  load average: 0.87, 0.94, 1.08(B[m[39;49m(B[m[39;49m[K

%Cpu(s):(B[m[39;49m[1m  7.7 (B[m[39;49mus,(B[m[39;49m[1m  2.2 (B[m[39;49msy,(B[m[39;49m[1m  0.0 (B[m[39;49mni,(B[m[39;49m[1m 89.6 (B[m[39;49mid,(B[m[39;49m[1m  0.3 (B[m[39;49mwa,(B[m[39;49m[1m  0.0 (B[m[39;49mhi,(B[m[39;49m[1m  0.3 (B[m[39;49msi,(B[m[39;49m[1m  0.0 (B[m[39;49mst(B[m[39;49m(B[m[39;49m[K
KiB Mem :(B[m[39;49m[1m 12185132 (B[m[39;49mtotal,(B[m[39;49m[1m  5792012 (B[m[39;49mfree,(B[m[39;49m[1m  1744180 (B[m[39;49mused,(B[m[39;49m[1m  4648940 (B[m[39;49mbuff/cache(B[m[39;49m(B[m[39;49m[K
KiB Swap:(B[m[39;49m[1m        0 (B[m[39;49mtotal,(B[m[39;49m[1m        0 (B[m[39;49mfree,(B[m[39;49m[1m        0 (B[m[39;49mused.(B[m[39;49m[1m  9767596 (B[m[39;49mavail Mem (B[m[39;49m(B[m[39;49m[K
[K


[J[H(B[mtop - 10:42:57 up 43 min,  1 user,  load average: 0.80, 0.93, 1.07(B[m[39;49m(B[m[39;49m[K

%Cpu(s):(B[m[39;49m[1m  6.2 (B[m[39;49mus,(B[m[39;49m[1m  1.3 (B[m[39;49msy,(B[m[39;49m[1m  0.0 (B[m[39;49mni,(B[m[39;49m[1m 91.8 (B[m[39;49mid,(B[m[39;49m[1m  0.6 (B[m[39;49mwa,(B[m[39;49m[1m  0.0 (B[m[39;49mhi,(B[m[39;49m[1m  0.1 (B[m[39;49msi,(B[m[39;49m[1m  0.0 (B[m[39;49mst(B[m[39;49m(B[m[39;49m[K
KiB Mem :(B[m[39;49m[1m 12185132 (B[m[39;49mtotal,(B[m[39;49m[1m  5792736 (B[m[39;49mfree,(B[m[39;49m[1m  1743384 (B[m[39;49mused,(B[m[39;49m[1m  4649012 (B[m[39;49mbuff/cache(B[m[39;49m(B[m[39;49m[K
KiB Swap:(B[m[39;49m[1m        0 (B[m[39;49mtotal,(B[m[39;49m[1m        0 (B[m[39;49mfree,(B[m[39;49m[1m        0 (B[m[39;49mused.(B[m[39;49m[1m  9768472 (B[m[39;49mavail Mem (B[m[39;49m(B[m[39;49m[K
[K


[J[H(B[mtop - 10:43:00 up 43 min,  1 user,  load average: 0.80, 0.93, 1.07(B[m[39;49m(B[m[39;49m[K

%Cpu(s):(B[m[39;49m[1m  6.0 (B[m[39;49mus,(B[m[39;49m[1m  1.3 (B[m[39;49msy,(B[m[39;49m[1m  0.0 (B[m[39;49mni,(B[m[39;49m[1m 92.5 (B[m[39;49mid,(B[m[39;49m[1m  0.2 (B[m[39;49mwa,(B[m[39;49m[1m  0.0 (B[m[39;49mhi,(B[m[39;49m[1m  0.1 (B[m[39;49msi,(B[m[39;49m[1m  0.0 (B[m[39;49mst(B[m[39;49m(B[m[39;49m[K
KiB Mem :(B[m[39;49m[1m 12185132 (B[m[39;49mtotal,(B[m[39;49m[1m  5786840 (B[m[39;49mfree,(B[m[39;49m[1m  1749224 (B[m[39;49mused,(B[m[39;49m[1m  4649068 (B[m[39;49mbuff/cache(B[m[39;49m(B[m[39;49m[K
KiB Swap:(B[m[39;49m[1m        0 (B[m[39;49mtotal,(B[m[39;49m[1m        0 (B[m[39;49mfree,(B[m[39;49m[1m        0 (B[m[39;49mused.(B[m[39;49m[1m  9762612 (B[m[39;49mavail Mem (B[m[39;49m(B[m[39;49m[K
[K


[J[H(B[mtop - 10:43:03 up 43 min,  1 user,  load average: 0.74, 0.91, 1.06(B[m[39;49m(B[m[39;49m[K

%Cpu(s):(B[m[39;49m[1m  5.1 (B[m[39;49mus,(B[m[39;49m[1m  0.8 (B[m[39;49msy,(B[m[39;49m[1m  0.0 (B[m[39;49mni,(B[m[39;49m[1m 93.6 (B[m[39;49mid,(B[m[39;49m[1m  0.5 (B[m[39;49mwa,(B[m[39;49m[1m  0.0 (B[m[39;49mhi,(B[m[39;49m[1m  0.0 (B[m[39;49msi,(B[m[39;49m[1m  0.0 (B[m[39;49mst(B[m[39;49m(B[m[39;49m[K
KiB Mem :(B[m[39;49m[1m 12185132 (B[m[39;49mtotal,(B[m[39;49m[1m  5782524 (B[m[39;49mfree,(B[m[39;49m[1m  1753572 (B[m[39;49mused,(B[m[39;49m[1m  4649036 (B[m[39;49mbuff/cache(B[m[39;49m(B[m[39;49m[K
KiB Swap:(B[m[39;49m[1m        0 (B[m[39;49mtotal,(B[m[39;49m[1m        0 (B[m[39;49mfree,(B[m[39;49m[1m        0 (B[m[39;49mused.(B[m[39;49m[1m  9758216 (B[m[39;49mavail Mem (B[m[39;49m(B[m[39;49m[K
[K


[J[H(B[mtop - 10:43:06 up 43 min,  1 user,  load average: 0.74, 0.91, 1.06(B[m[39;49m(B[m[39;49m[K

%Cpu(s):(B[m[39;49m[1m  5.2 (B[m[39;49mus,(B[m[39;49m[1m  0.7 (B[m[39;49msy,(B[m[39;49m[1m  0.0 (B[m[39;49mni,(B[m[39;49m[1m 94.1 (B[m[39;49mid,(B[m[39;49m[1m  0.0 (B[m[39;49mwa,(B[m[39;49m[1m  0.0 (B[m[39;49mhi,(B[m[39;49m[1m  0.0 (B[m[39;49msi,(B[m[39;49m[1m  0.0 (B[m[39;49mst(B[m[39;49m(B[m[39;49m[K
KiB Mem :(B[m[39;49m[1m 12185132 (B[m[39;49mtotal,(B[m[39;49m[1m  5777316 (B[m[39;49mfree,(B[m[39;49m[1m  1758924 (B[m[39;49mused,(B[m[39;49m[1m  4648892 (B[m[39;49mbuff/cache(B[m[39;49m(B[m[39;49m[K
KiB Swap:(B[m[39;49m[1m        0 (B[m[39;49mtotal,(B[m[39;49m[1m        0 (B[m[39;49mfree,(B[m[39;49m[1m        0 (B[m[39;49mused.(B[m[39;49m[1m  9753008 (B[m[39;49mavail Mem (B[m[39;49m(B[m[39;49m[K
[K


[J[H(B[mtop - 10:43:09 up 43 min,  1 user,  load average: 0.68, 0.90, 1.06(B[m[39;49m(B[m[39;49m[K

%Cpu(s):(B[m[39;49m[1m  5.1 (B[m[39;49mus,(B[m[39;49m[1m  1.2 (B[m[39;49msy,(B[m[39;49m[1m  0.0 (B[m[39;49mni,(B[m[39;49m[1m 93.5 (B[m[39;49mid,(B[m[39;49m[1m  0.2 (B[m[39;49mwa,(B[m[39;49m[1m  0.0 (B[m[39;49mhi,(B[m[39;49m[1m  0.0 (B[m[39;49msi,(B[m[39;49m[1m  0.0 (B[m[39;49mst(B[m[39;49m(B[m[39;49m[K
KiB Mem :(B[m[39;49m[1m 12185132 (B[m[39;49mtotal,(B[m[39;49m[1m  5772852 (B[m[39;49mfree,(B[m[39;49m[1m  1763300 (B[m[39;49mused,(B[m[39;49m[1m  4648980 (B[m[39;49mbuff/cache(B[m[39;49m(B[m[39;49m[K
KiB Swap:(B[m[39;49m[1m        0 (B[m[39;49mtotal,(B[m[39;49m[1m        0 (B[m[39;49mfree,(B[m[39;49m[1m        0 (B[m[39;49mused.(B[m[39;49m[1m  9748560 (B[m[39;49mavail Mem (B[m[39;49m(B[m[39;49m[K
[K


[J[H(B[mtop - 10:43:12 up 43 min,  1 user,  load average: 0.62, 0.88, 1.05(B[m[39;49m(B[m[39;49m[K

%Cpu(s):(B[m[39;49m[1m  4.7 (B[m[39;49mus,(B[m[39;49m[1m  1.1 (B[m[39;49msy,(B[m[39;49m[1m  0.0 (B[m[39;49mni,(B[m[39;49m[1m 94.2 (B[m[39;49mid,(B[m[39;49m[1m  0.0 (B[m[39;49mwa,(B[m[39;49m[1m  0.0 (B[m[39;49mhi,(B[m[39;49m[1m  0.0 (B[m[39;49msi,(B[m[39;49m[1m  0.0 (B[m[39;49mst(B[m[39;49m(B[m[39;49m[K
KiB Mem :(B[m[39;49m[1m 12185132 (B[m[39;49mtotal,(B[m[39;49m[1m  5767272 (B[m[39;49mfree,(B[m[39;49m[1m  1768876 (B[m[39;49mused,(B[m[39;49m[1m  4648984 (B[m[39;49mbuff/cache(B[m[39;49m(B[m[39;49m[K
KiB Swap:(B[m[39;49m[1m        0 (B[m[39;49mtotal,(B[m[39;49m[1m        0 (B[m[39;49mfree,(B[m[39;49m[1m        0 (B[m[39;49mused.(B[m[39;49m[1m  9742984 (B[m[39;49mavail Mem (B[m[39;49m(B[m[39;49m[K
[K


[J[H(B[mtop - 10:43:15 up 43 min,  1 user,  load average: 0.62, 0.88, 1.05(B[m[39;49m(B[m[39;49m[K

%Cpu(s):(B[m[39;49m[1m  6.0 (B[m[39;49mus,(B[m[39;49m[1m  1.8 (B[m[39;49msy,(B[m[39;49m[1m  0.0 (B[m[39;49mni,(B[m[39;49m[1m 91.8 (B[m[39;49mid,(B[m[39;49m[1m  0.3 (B[m[39;49mwa,(B[m[39;49m[1m  0.0 (B[m[39;49mhi,(B[m[39;49m[1m  0.1 (B[m[39;49msi,(B[m[39;49m[1m  0.0 (B[m[39;49mst(B[m[39;49m(B[m[39;49m[K
KiB Mem :(B[m[39;49m[1m 12185132 (B[m[39;49mtotal,(B[m[39;49m[1m  5762436 (B[m[39;49mfree,(B[m[39;49m[1m  1773244 (B[m[39;49mused,(B[m[39;49m[1m  4649452 (B[m[39;49mbuff/cache(B[m[39;49m(B[m[39;49m[K
KiB Swap:(B[m[39;49m[1m        0 (B[m[39;49mtotal,(B[m[39;49m[1m        0 (B[m[39;49mfree,(B[m[39;49m[1m        0 (B[m[39;49mused.(B[m[39;49m[1m  9738164 (B[m[39;49mavail Mem (B[m[39;49m(B[m[39;49m[K
[K


[J[H(B[mtop - 10:43:18 up 43 min,  1 user,  load average: 0.65, 0.88, 1.05(B[m[39;49m(B[m[39;49m[K

%Cpu(s):(B[m[39;49m[1m  6.7 (B[m[39;49mus,(B[m[39;49m[1m  1.6 (B[m[39;49msy,(B[m[39;49m[1m  0.0 (B[m[39;49mni,(B[m[39;49m[1m 91.5 (B[m[39;49mid,(B[m[39;49m[1m  0.0 (B[m[39;49mwa,(B[m[39;49m[1m  0.0 (B[m[39;49mhi,(B[m[39;49m[1m  0.3 (B[m[39;49msi,(B[m[39;49m[1m  0.0 (B[m[39;49mst(B[m[39;49m(B[m[39;49m[K
KiB Mem :(B[m[39;49m[1m 12185132 (B[m[39;49mtotal,(B[m[39;49m[1m  5732924 (B[m[39;49mfree,(B[m[39;49m[1m  1779184 (B[m[39;49mused,(B[m[39;49m[1m  4673024 (B[m[39;49mbuff/cache(B[m[39;49m(B[m[39;49m[K
KiB Swap:(B[m[39;49m[1m        0 (B[m[39;49mtotal,(B[m[39;49m[1m        0 (B[m[39;49mfree,(B[m[39;49m[1m        0 (B[m[39;49mused.(B[m[39;49m[1m  9708664 (B[m[39;49mavail Mem (B[m[39;49m(B[m[39;49m[K
[K


[J[H(B[mtop - 10:43:21 up 43 min,  1 user,  load average: 0.65, 0.88, 1.05(B[m[39;49m(B[m[39;49m[K

%Cpu(s):(B[m[39;49m[1m 11.9 (B[m[39;49mus,(B[m[39;49m[1m  3.1 (B[m[39;49msy,(B[m[39;49m[1m  0.0 (B[m[39;49mni,(B[m[39;49m[1m 82.2 (B[m[39;49mid,(B[m[39;49m[1m  2.6 (B[m[39;49mwa,(B[m[39;49m[1m  0.0 (B[m[39;49mhi,(B[m[39;49m[1m  0.3 (B[m[39;49msi,(B[m[39;49m[1m  0.0 (B[m[39;49mst(B[m[39;49m(B[m[39;49m[K
KiB Mem :(B[m[39;49m[1m 12185132 (B[m[39;49mtotal,(B[m[39;49m[1m  5714184 (B[m[39;49mfree,(B[m[39;49m[1m  1795984 (B[m[39;49mused,(B[m[39;49m[1m  4674964 (B[m[39;49mbuff/cache(B[m[39;49m(B[m[39;49m[K
KiB Swap:(B[m[39;49m[1m        0 (B[m[39;49mtotal,(B[m[39;49m[1m        0 (B[m[39;49mfree,(B[m[39;49m[1m        0 (B[m[39;49mused.(B[m[39;49m[1m  9689976 (B[m[39;49mavail Mem (B[m[39;49m(B[m[39;49m[K
[K


[J[H(B[mtop - 10:43:24 up 43 min,  1 user,  load average: 0.76, 0.90, 1.06(B[m[39;49m(B[m[39;49m[K

%Cpu(s):(B[m[39;49m[1m  7.3 (B[m[39;49mus,(B[m[39;49m[1m  2.2 (B[m[39;49msy,(B[m[39;49m[1m  0.0 (B[m[39;49mni,(B[m[39;49m[1m 89.8 (B[m[39;49mid,(B[m[39;49m[1m  0.5 (B[m[39;49mwa,(B[m[39;49m[1m  0.0 (B[m[39;49mhi,(B[m[39;49m[1m  0.2 (B[m[39;49msi,(B[m[39;49m[1m  0.0 (B[m[39;49mst(B[m[39;49m(B[m[39;49m[K
KiB Mem :(B[m[39;49m[1m 12185132 (B[m[39;49mtotal,(B[m[39;49m[1m  5726056 (B[m[39;49mfree,(B[m[39;49m[1m  1801208 (B[m[39;49mused,(B[m[39;49m[1m  4657868 (B[m[39;49mbuff/cache(B[m[39;49m(B[m[39;49m[K
KiB Swap:(B[m[39;49m[1m        0 (B[m[39;49mtotal,(B[m[39;49m[1m        0 (B[m[39;49mfree,(B[m[39;49m[1m        0 (B[m[39;49mused.(B[m[39;49m[1m  9701896 (B[m[39;49mavail Mem (B[m[39;49m(B[m[39;49m[K
[K


[J[H(B[mtop - 10:43:27 up 43 min,  1 user,  load average: 0.78, 0.90, 1.06(B[m[39;49m(B[m[39;49m[K

%Cpu(s):(B[m[39;49m[1m  7.3 (B[m[39;49mus,(B[m[39;49m[1m  2.4 (B[m[39;49msy,(B[m[39;49m[1m  0.0 (B[m[39;49mni,(B[m[39;49m[1m 90.0 (B[m[39;49mid,(B[m[39;49m[1m  0.2 (B[m[39;49mwa,(B[m[39;49m[1m  0.0 (B[m[39;49mhi,(B[m[39;49m[1m  0.1 (B[m[39;49msi,(B[m[39;49m[1m  0.0 (B[m[39;49mst(B[m[39;49m(B[m[39;49m[K
KiB Mem :(B[m[39;49m[1m 12185132 (B[m[39;49mtotal,(B[m[39;49m[1m  5725072 (B[m[39;49mfree,(B[m[39;49m[1m  1809280 (B[m[39;49mused,(B[m[39;49m[1m  4650780 (B[m[39;49mbuff/cache(B[m[39;49m(B[m[39;49m[K
KiB Swap:(B[m[39;49m[1m        0 (B[m[39;49mtotal,(B[m[39;49m[1m        0 (B[m[39;49mfree,(B[m[39;49m[1m        0 (B[m[39;49mused.(B[m[39;49m[1m  9700920 (B[m[39;49mavail Mem (B[m[39;49m(B[m[39;49m[K
[K


[J[?1l>[25;1H
[?12l[?25h[K