25919
%CPU %MEM CMD
13.7  3.6 python server1.py runserver -d
25919
%CPU %MEM CMD
13.1  3.6 python server1.py runserver -d
25919
%CPU %MEM CMD
15.8  3.6 python server1.py runserver -d
25919
%CPU %MEM CMD
15.4  3.6 python server1.py runserver -d
25919
%CPU %MEM CMD
14.9  3.6 python server1.py runserver -d
25919
%CPU %MEM CMD
14.5  3.6 python server1.py runserver -d
25919
%CPU %MEM CMD
14.1  3.6 python server1.py runserver -d
25919
%CPU %MEM CMD
13.7  3.6 python server1.py runserver -d
26592
%CPU %MEM CMD
 127  2.1 python server1.py runserver -d
26592
%CPU %MEM CMD
98.6  2.9 python server1.py runserver -d
26592
%CPU %MEM CMD
 100  3.4 python server1.py runserver -d
26592
%CPU %MEM CMD
74.2  3.4 python server1.py runserver -d
26592
%CPU %MEM CMD
58.7  3.4 python server1.py runserver -d
26592
%CPU %MEM CMD
48.6  3.4 python server1.py runserver -d
26592
%CPU %MEM CMD
41.5  3.4 python server1.py runserver -d
26592
%CPU %MEM CMD
36.1  3.4 python server1.py runserver -d
26592
%CPU %MEM CMD
32.0  3.4 python server1.py runserver -d
26592
%CPU %MEM CMD
28.7  3.4 python server1.py runserver -d
26592
%CPU %MEM CMD
26.1  3.4 python server1.py runserver -d
26592
%CPU %MEM CMD
23.9  3.4 python server1.py runserver -d
26592
%CPU %MEM CMD
22.0  3.4 python server1.py runserver -d
26592
%CPU %MEM CMD
20.4  3.4 python server1.py runserver -d
26592
%CPU %MEM CMD
19.0  3.4 python server1.py runserver -d
26592
%CPU %MEM CMD
17.8  3.4 python server1.py runserver -d
26592
%CPU %MEM CMD
16.8  3.4 python server1.py runserver -d
26592
%CPU %MEM CMD
15.8  3.4 python server1.py runserver -d
26592
%CPU %MEM CMD
15.0  3.4 python server1.py runserver -d
26592
%CPU %MEM CMD
14.1  3.4 python server1.py runserver -d
26592
%CPU %MEM CMD
13.4  3.4 python server1.py runserver -d
26592
%CPU %MEM CMD
12.8  3.4 python server1.py runserver -d
26592
%CPU %MEM CMD
12.2  3.4 python server1.py runserver -d
26592
%CPU %MEM CMD
11.7  3.4 python server1.py runserver -d
26592
%CPU %MEM CMD
11.3  3.4 python server1.py runserver -d
26592
%CPU %MEM CMD
10.8  3.4 python server1.py runserver -d
26592
%CPU %MEM CMD
10.4  3.4 python server1.py runserver -d
26592
%CPU %MEM CMD
10.0  3.4 python server1.py runserver -d
26592
%CPU %MEM CMD
 9.7  3.4 python server1.py runserver -d
26592
%CPU %MEM CMD
 9.4  3.4 python server1.py runserver -d
26592
%CPU %MEM CMD
 9.1  3.4 python server1.py runserver -d
26592
%CPU %MEM CMD
 8.8  3.4 python server1.py runserver -d
26592
%CPU %MEM CMD
 8.5  3.4 python server1.py runserver -d
26592
%CPU %MEM CMD
 8.3  3.4 python server1.py runserver -d
26592
%CPU %MEM CMD
 8.0  3.4 python server1.py runserver -d
26592
%CPU %MEM CMD
 7.8  3.4 python server1.py runserver -d
26592
%CPU %MEM CMD
 7.6  3.4 python server1.py runserver -d
26592
%CPU %MEM CMD
 7.4  3.4 python server1.py runserver -d
26592
%CPU %MEM CMD
 7.2  3.4 python server1.py runserver -d
26592
%CPU %MEM CMD
 7.0  3.4 python server1.py runserver -d
26592
%CPU %MEM CMD
 6.8  3.4 python server1.py runserver -d
26592
%CPU %MEM CMD
 6.7  3.4 python server1.py runserver -d
26592
%CPU %MEM CMD
 6.5  3.4 python server1.py runserver -d
26592
%CPU %MEM CMD
 6.4  3.4 python server1.py runserver -d
26592
%CPU %MEM CMD
 6.2  3.4 python server1.py runserver -d
26592
%CPU %MEM CMD
 6.1  3.4 python server1.py runserver -d
26592
%CPU %MEM CMD
 5.9  3.4 python server1.py runserver -d
26592
%CPU %MEM CMD
 5.8  3.4 python server1.py runserver -d
26592
%CPU %MEM CMD
 5.7  3.4 python server1.py runserver -d
26592
%CPU %MEM CMD
 5.6  3.4 python server1.py runserver -d
26592
%CPU %MEM CMD
 5.5  3.4 python server1.py runserver -d
26592
%CPU %MEM CMD
 5.4  3.4 python server1.py runserver -d
26592
%CPU %MEM CMD
 5.3  3.4 python server1.py runserver -d
26592
%CPU %MEM CMD
 5.2  3.4 python server1.py runserver -d
26592
%CPU %MEM CMD
 5.1  3.4 python server1.py runserver -d
26592
%CPU %MEM CMD
 5.0  3.4 python server1.py runserver -d
26592
%CPU %MEM CMD
 4.9  3.4 python server1.py runserver -d
26592
%CPU %MEM CMD
 4.8  3.4 python server1.py runserver -d
26592
%CPU %MEM CMD
 4.7  3.4 python server1.py runserver -d
26592
%CPU %MEM CMD
 4.7  3.4 python server1.py runserver -d
26592
%CPU %MEM CMD
 4.6  3.4 python server1.py runserver -d
26592
%CPU %MEM CMD
 4.5  3.4 python server1.py runserver -d
26592
%CPU %MEM CMD
 4.4  3.4 python server1.py runserver -d
26592
%CPU %MEM CMD
 4.4  3.4 python server1.py runserver -d
26592
%CPU %MEM CMD
 4.3  3.4 python server1.py runserver -d
26592
%CPU %MEM CMD
 4.2  3.4 python server1.py runserver -d
26592
%CPU %MEM CMD
 4.2  3.4 python server1.py runserver -d
26592
%CPU %MEM CMD
 4.1  3.4 python server1.py runserver -d
26592
%CPU %MEM CMD
 4.0  3.4 python server1.py runserver -d
26592
%CPU %MEM CMD
 4.0  3.4 python server1.py runserver -d
26592
%CPU %MEM CMD
 3.9  3.4 python server1.py runserver -d
26592
%CPU %MEM CMD
 3.9  3.4 python server1.py runserver -d
26592
%CPU %MEM CMD
 3.8  3.4 python server1.py runserver -d
26592
%CPU %MEM CMD
 3.8  3.4 python server1.py runserver -d
26592
%CPU %MEM CMD
 3.7  3.4 python server1.py runserver -d
26592
%CPU %MEM CMD
 3.7  3.4 python server1.py runserver -d
26592
%CPU %MEM CMD
 3.6  3.4 python server1.py runserver -d
26592
%CPU %MEM CMD
 3.6  3.4 python server1.py runserver -d
26592
%CPU %MEM CMD
 3.5  3.4 python server1.py runserver -d
26592
%CPU %MEM CMD
 3.5  3.4 python server1.py runserver -d
26592
%CPU %MEM CMD
 3.4  3.4 python server1.py runserver -d
26592
%CPU %MEM CMD
 3.4  3.4 python server1.py runserver -d
26592
%CPU %MEM CMD
 3.4  3.4 python server1.py runserver -d
26592
%CPU %MEM CMD
 3.3  3.4 python server1.py runserver -d
26592
%CPU %MEM CMD
 3.3  3.4 python server1.py runserver -d
26592
%CPU %MEM CMD
 3.2  3.4 python server1.py runserver -d
26592
%CPU %MEM CMD
 3.2  3.4 python server1.py runserver -d
26592
%CPU %MEM CMD
 3.2  3.4 python server1.py runserver -d
26592
%CPU %MEM CMD
 3.1  3.4 python server1.py runserver -d
26592
%CPU %MEM CMD
 3.1  3.4 python server1.py runserver -d
26592
%CPU %MEM CMD
 3.1  3.4 python server1.py runserver -d
26592
%CPU %MEM CMD
 3.0  3.4 python server1.py runserver -d
26592
%CPU %MEM CMD
 3.0  3.4 python server1.py runserver -d
26592
%CPU %MEM CMD
 3.0  3.4 python server1.py runserver -d
26592
%CPU %MEM CMD
 2.9  3.4 python server1.py runserver -d
26592
%CPU %MEM CMD
 2.9  3.4 python server1.py runserver -d
26592
%CPU %MEM CMD
 2.9  3.4 python server1.py runserver -d
26592
%CPU %MEM CMD
 2.8  3.4 python server1.py runserver -d
26592
%CPU %MEM CMD
 2.8  3.4 python server1.py runserver -d
26592
%CPU %MEM CMD
 2.8  3.4 python server1.py runserver -d
26592
%CPU %MEM CMD
 2.7  3.4 python server1.py runserver -d
26592
%CPU %MEM CMD
 2.7  3.4 python server1.py runserver -d
26592
%CPU %MEM CMD
 2.7  3.4 python server1.py runserver -d
26592
%CPU %MEM CMD
 2.7  3.4 python server1.py runserver -d
26592
%CPU %MEM CMD
 2.6  3.4 python server1.py runserver -d
26592
%CPU %MEM CMD
 2.6  3.4 python server1.py runserver -d
26592
%CPU %MEM CMD
 2.6  3.4 python server1.py runserver -d
26592
%CPU %MEM CMD
 2.6  3.4 python server1.py runserver -d
26592
%CPU %MEM CMD
 2.5  3.4 python server1.py runserver -d
26592
%CPU %MEM CMD
 2.5  3.4 python server1.py runserver -d
26592
%CPU %MEM CMD
 2.5  3.4 python server1.py runserver -d
26592
%CPU %MEM CMD
 2.5  3.4 python server1.py runserver -d
26592
%CPU %MEM CMD
 2.5  3.4 python server1.py runserver -d
26592
%CPU %MEM CMD
 2.4  3.4 python server1.py runserver -d
26592
%CPU %MEM CMD
 2.4  3.4 python server1.py runserver -d
26592
%CPU %MEM CMD
 2.4  3.4 python server1.py runserver -d
26592
%CPU %MEM CMD
 2.4  3.4 python server1.py runserver -d
26592
%CPU %MEM CMD
 2.3  3.4 python server1.py runserver -d
26592
%CPU %MEM CMD
 2.3  3.4 python server1.py runserver -d
26592
%CPU %MEM CMD
 2.3  3.4 python server1.py runserver -d
26592
%CPU %MEM CMD
 2.3  3.4 python server1.py runserver -d
26592
%CPU %MEM CMD
 2.3  3.4 python server1.py runserver -d
26592
%CPU %MEM CMD
 2.2  3.4 python server1.py runserver -d
26592
%CPU %MEM CMD
 2.2  3.4 python server1.py runserver -d
26592
%CPU %MEM CMD
 2.2  3.4 python server1.py runserver -d
26592
%CPU %MEM CMD
 2.2  3.4 python server1.py runserver -d
26592
%CPU %MEM CMD
 2.2  3.4 python server1.py runserver -d
26592
%CPU %MEM CMD
 2.2  3.4 python server1.py runserver -d
26592
%CPU %MEM CMD
 2.1  3.4 python server1.py runserver -d
26592
%CPU %MEM CMD
 2.1  3.4 python server1.py runserver -d
26592
%CPU %MEM CMD
 2.1  3.4 python server1.py runserver -d
26592
%CPU %MEM CMD
 2.1  3.4 python server1.py runserver -d
26592
%CPU %MEM CMD
 2.1  3.4 python server1.py runserver -d
26592
  PID %CPU %MEM CMD
26592  2.1  3.4 python server1.py runserver -d
26592
  PID %CPU %MEM CMD
26592  2.1  3.4 python server1.py runserver -d
26592
  PID %CPU %MEM CMD
26592  2.0  3.4 python server1.py runserver -d
26592
  PID %CPU %MEM CMD
26592  2.0  3.4 python server1.py runserver -d
26592
  PID %CPU %MEM CMD
26592  2.0  3.4 python server1.py runserver -d
26592
  PID %CPU %MEM CMD
26592  2.0  3.4 python server1.py runserver -d
26592
  PID %CPU %MEM CMD
26592  2.0  3.4 python server1.py runserver -d
26592
  PID     TIME %CPU %MEM CMD
26592 00:00:14  2.0  3.4 python server1.py runserver -d
26592
  PID     TIME %CPU %MEM CMD
26592 00:00:14  2.0  3.4 python server1.py runserver -d
26592
  PID     TIME %CPU %MEM CMD
26592 00:00:14  1.9  3.4 python server1.py runserver -d
26592
  PID     TIME %CPU %MEM CMD
26592 00:00:14  1.9  3.4 python server1.py runserver -d
26592
  PID     TIME %CPU %MEM CMD
26592 00:00:14  1.9  3.4 python server1.py runserver -d
26592
  PID     TIME %CPU %MEM CMD
26592 00:00:14  1.9  3.4 python server1.py runserver -d
26592
  PID     TIME %CPU %MEM CMD
26592 00:00:14  1.9  3.4 python server1.py runserver -d
26592
  PID     TIME %CPU %MEM CMD
26592 00:00:14  1.9  3.4 python server1.py runserver -d
26592
  PID     TIME %CPU %MEM CMD
26592 00:00:19  2.5  3.6 python server1.py runserver -d
26592
  PID     TIME %CPU %MEM CMD
26592 00:00:19  2.5  3.6 python server1.py runserver -d
26592
  PID     TIME %CPU %MEM CMD
26592 00:00:19  2.5  3.6 python server1.py runserver -d
26592
  PID     TIME %CPU %MEM CMD
26592 00:00:19  2.5  3.6 python server1.py runserver -d
26592
  PID     TIME %CPU %MEM CMD
26592 00:00:19  2.4  3.6 python server1.py runserver -d
26592
  PID     TIME %CPU %MEM CMD
26592 00:00:19  2.4  3.6 python server1.py runserver -d
26592
  PID     TIME %CPU %MEM CMD
26592 00:00:19  2.4  3.6 python server1.py runserver -d
26592
  PID     TIME %CPU %MEM CMD
26592 00:00:19  2.4  3.6 python server1.py runserver -d
26592
  PID     TIME %CPU %MEM CMD
26592 00:00:19  2.4  3.6 python server1.py runserver -d
26592
  PID     TIME %CPU %MEM CMD
26592 00:00:19  2.4  3.6 python server1.py runserver -d
26592
  PID     TIME %CPU %MEM CMD
26592 00:00:19  2.3  3.6 python server1.py runserver -d
26592
  PID     TIME %CPU %MEM CMD
26592 00:00:19  2.3  3.6 python server1.py runserver -d
26592
  PID     TIME %CPU %MEM CMD
26592 00:00:19  2.3  3.6 python server1.py runserver -d
26592
  PID     TIME %CPU %MEM CMD
26592 00:00:19  2.3  3.6 python server1.py runserver -d
26592
  PID     TIME %CPU %MEM CMD
26592 00:00:19  2.3  3.6 python server1.py runserver -d
26592
  PID     TIME %CPU %MEM CMD
26592 00:00:19  2.3  3.6 python server1.py runserver -d
26592
  PID     TIME %CPU %MEM CMD
26592 00:00:19  2.3  3.6 python server1.py runserver -d
26592
  PID     TIME %CPU %MEM CMD
26592 00:00:19  2.3  3.6 python server1.py runserver -d






28296
  PID     TIME %CPU %MEM CMD
28296 00:00:05  142  2.2 python server1.py runserver -d
28296
  PID     TIME %CPU %MEM CMD
28296 00:00:08 97.7  2.9 python server1.py runserver -d
28296
  PID     TIME %CPU %MEM CMD
28296 00:00:09 68.2  5.8 python server1.py runserver -d
28296
  PID     TIME %CPU %MEM CMD
28296 00:00:24  131  6.0 python server1.py runserver -d
28296
  PID     TIME %CPU %MEM CMD
28296 00:00:40  169  6.0 python server1.py runserver -d
28296
  PID     TIME %CPU %MEM CMD
28296 00:00:55  190  4.8 python server1.py runserver -d
28296
  PID     TIME %CPU %MEM CMD
28296 00:00:55  163  3.6 python server1.py runserver -d
28296
  PID     TIME %CPU %MEM CMD
28296 00:00:55  142  3.6 python server1.py runserver -d
28296
  PID     TIME %CPU %MEM CMD
28296 00:00:55  126  3.6 python server1.py runserver -d
28296
  PID     TIME %CPU %MEM CMD
28296 00:00:55  113  3.6 python server1.py runserver -d
28296
  PID     TIME %CPU %MEM CMD
28296 00:00:55  102  3.6 python server1.py runserver -d
28296
  PID     TIME %CPU %MEM CMD
28296 00:00:55 94.0  3.6 python server1.py runserver -d
28296
  PID     TIME %CPU %MEM CMD
28296 00:00:55 86.6  3.6 python server1.py runserver -d
28296
  PID     TIME %CPU %MEM CMD
28296 00:00:55 80.4  3.6 python server1.py runserver -d
28296
  PID     TIME %CPU %MEM CMD
28296 00:00:55 74.9  3.6 python server1.py runserver -d
28296
  PID     TIME %CPU %MEM CMD
28296 00:00:55 70.2  3.6 python server1.py runserver -d
28296
  PID     TIME %CPU %MEM CMD
28296 00:00:55 66.0  3.6 python server1.py runserver -d
28296
  PID     TIME %CPU %MEM CMD
28296 00:00:55 62.3  3.6 python server1.py runserver -d
28296
  PID     TIME %CPU %MEM CMD
28296 00:00:55 59.0  3.6 python server1.py runserver -d
28296
  PID     TIME %CPU %MEM CMD
28296 00:00:55 56.0  3.6 python server1.py runserver -d
28296
  PID     TIME %CPU %MEM CMD
28296 00:00:55 53.3  3.6 python server1.py runserver -d
28296
  PID     TIME %CPU %MEM CMD
28296 00:00:55 50.4  3.6 python server1.py runserver -d
28296
  PID     TIME %CPU %MEM CMD
28296 00:00:55 48.2  3.6 python server1.py runserver -d
28296
  PID     TIME %CPU %MEM CMD
28296 00:00:55 46.2  3.6 python server1.py runserver -d
28296
  PID     TIME %CPU %MEM CMD
28296 00:00:55 44.3  3.6 python server1.py runserver -d
28296
  PID     TIME %CPU %MEM CMD
28296 00:00:55 42.6  3.6 python server1.py runserver -d
28296
  PID     TIME %CPU %MEM CMD
28296 00:00:55 41.1  3.6 python server1.py runserver -d
28296
  PID     TIME %CPU %MEM CMD
28296 00:00:55 39.6  3.6 python server1.py runserver -d
28296
  PID     TIME %CPU %MEM CMD
28296 00:00:55 38.2  3.6 python server1.py runserver -d
28296
  PID     TIME %CPU %MEM CMD
28296 00:00:55 37.0  3.6 python server1.py runserver -d
28296
  PID     TIME %CPU %MEM CMD
28296 00:00:55 35.8  3.6 python server1.py runserver -d
28296
  PID     TIME %CPU %MEM CMD
28296 00:00:55 34.6  3.6 python server1.py runserver -d
28296
  PID     TIME %CPU %MEM CMD
28296 00:00:55 33.6  3.6 python server1.py runserver -d
28296
  PID     TIME %CPU %MEM CMD
28296 00:00:55 32.6  3.6 python server1.py runserver -d
28296
  PID     TIME %CPU %MEM CMD
28296 00:00:55 31.7  3.6 python server1.py runserver -d
28296
  PID     TIME %CPU %MEM CMD
28296 00:00:55 30.8  3.6 python server1.py runserver -d
28296
  PID     TIME %CPU %MEM CMD
28296 00:00:55 30.0  3.6 python server1.py runserver -d
28296
  PID     TIME %CPU %MEM CMD
28296 00:00:55 29.2  3.6 python server1.py runserver -d
28296
  PID     TIME %CPU %MEM CMD
28296 00:00:55 28.4  3.6 python server1.py runserver -d
28296
  PID     TIME %CPU %MEM CMD
28296 00:00:55 27.7  3.6 python server1.py runserver -d
28296
  PID     TIME %CPU %MEM CMD
28296 00:00:55 27.0  3.6 python server1.py runserver -d
28296
  PID     TIME %CPU %MEM CMD
28296 00:00:55 26.4  3.6 python server1.py runserver -d
28296
  PID     TIME %CPU %MEM CMD
28296 00:00:55 25.8  3.6 python server1.py runserver -d
28296
  PID     TIME %CPU %MEM CMD
28296 00:00:55 25.2  3.6 python server1.py runserver -d
28296
  PID     TIME %CPU %MEM CMD
28296 00:00:55 24.6  3.6 python server1.py runserver -d
28296
  PID     TIME %CPU %MEM CMD
28296 00:00:55 24.1  3.6 python server1.py runserver -d
28296
  PID     TIME %CPU %MEM CMD
28296 00:00:55 23.6  3.6 python server1.py runserver -d
28296
  PID     TIME %CPU %MEM CMD
28296 00:00:55 23.0  3.6 python server1.py runserver -d
28296
  PID     TIME %CPU %MEM CMD
28296 00:00:55 22.5  3.6 python server1.py runserver -d
28296
  PID     TIME %CPU %MEM CMD
28296 00:00:55 22.1  3.6 python server1.py runserver -d
28296
  PID     TIME %CPU %MEM CMD
28296 00:00:55 21.6  3.6 python server1.py runserver -d
28296
  PID     TIME %CPU %MEM CMD
28296 00:00:55 21.2  3.6 python server1.py runserver -d
28296
  PID     TIME %CPU %MEM CMD
28296 00:00:55 20.8  3.6 python server1.py runserver -d
28296
  PID     TIME %CPU %MEM CMD
28296 00:00:55 20.4  3.6 python server1.py runserver -d
28296
  PID     TIME %CPU %MEM CMD
28296 00:00:55 20.1  3.6 python server1.py runserver -d
28296
  PID     TIME %CPU %MEM CMD
28296 00:00:55 19.7  3.6 python server1.py runserver -d
28296
  PID     TIME %CPU %MEM CMD
28296 00:00:55 19.4  3.6 python server1.py runserver -d
28296
  PID     TIME %CPU %MEM CMD
28296 00:00:55 19.0  3.6 python server1.py runserver -d
28296
  PID     TIME %CPU %MEM CMD
28296 00:00:55 18.7  3.6 python server1.py runserver -d
28296
  PID     TIME %CPU %MEM CMD
28296 00:00:55 18.4  3.6 python server1.py runserver -d
28296
  PID     TIME %CPU %MEM CMD
28296 00:00:55 18.1  3.6 python server1.py runserver -d
28296
  PID     TIME %CPU %MEM CMD
28296 00:00:55 17.8  3.6 python server1.py runserver -d
28296
  PID     TIME %CPU %MEM CMD
28296 00:00:55 17.5  3.6 python server1.py runserver -d
28296
  PID     TIME %CPU %MEM CMD
28296 00:00:55 17.3  3.6 python server1.py runserver -d
28296
  PID     TIME %CPU %MEM CMD
28296 00:00:55 17.0  3.6 python server1.py runserver -d
28296
  PID     TIME %CPU %MEM CMD
28296 00:00:55 16.7  3.6 python server1.py runserver -d
28296
  PID     TIME %CPU %MEM CMD
28296 00:00:55 16.5  3.6 python server1.py runserver -d
28296
  PID     TIME %CPU %MEM CMD
28296 00:00:55 16.2  3.6 python server1.py runserver -d
28296
  PID     TIME %CPU %MEM CMD
28296 00:00:55 16.0  3.6 python server1.py runserver -d
28296
  PID     TIME %CPU %MEM CMD
28296 00:00:55 15.8  3.6 python server1.py runserver -d
28296
  PID     TIME %CPU %MEM CMD
28296 00:00:55 15.6  3.6 python server1.py runserver -d
28296
  PID     TIME %CPU %MEM CMD
28296 00:00:55 15.3  3.6 python server1.py runserver -d
28296
  PID     TIME %CPU %MEM CMD
28296 00:00:55 15.1  3.6 python server1.py runserver -d
28296
  PID     TIME %CPU %MEM CMD
28296 00:00:55 14.9  3.6 python server1.py runserver -d
28296
  PID     TIME %CPU %MEM CMD
28296 00:00:55 14.7  3.6 python server1.py runserver -d
28296
  PID     TIME %CPU %MEM CMD
28296 00:00:55 14.5  3.6 python server1.py runserver -d
28296
  PID     TIME %CPU %MEM CMD
28296 00:00:55 14.3  3.6 python server1.py runserver -d
28296
  PID     TIME %CPU %MEM CMD
28296 00:00:55 14.1  3.6 python server1.py runserver -d
28296
  PID     TIME %CPU %MEM CMD
28296 00:00:55 13.9  3.6 python server1.py runserver -d
28296
  PID     TIME %CPU %MEM CMD
28296 00:00:55 13.8  3.6 python server1.py runserver -d
28296
  PID     TIME %CPU %MEM CMD
28296 00:00:55 13.6  3.6 python server1.py runserver -d
28296
  PID     TIME %CPU %MEM CMD
28296 00:00:55 13.4  3.6 python server1.py runserver -d
28296
  PID     TIME %CPU %MEM CMD
28296 00:00:55 13.3  3.6 python server1.py runserver -d
28296
  PID     TIME %CPU %MEM CMD
28296 00:00:55 13.1  3.6 python server1.py runserver -d
28296
  PID     TIME %CPU %MEM CMD
28296 00:00:55 13.0  3.6 python server1.py runserver -d
28296
  PID     TIME %CPU %MEM CMD
28296 00:00:55 12.8  3.6 python server1.py runserver -d
28296
  PID     TIME %CPU %MEM CMD
28296 00:00:55 12.7  3.6 python server1.py runserver -d
28296
  PID     TIME %CPU %MEM CMD
28296 00:00:55 12.5  3.6 python server1.py runserver -d
28296
  PID     TIME %CPU %MEM CMD
28296 00:00:55 12.4  3.5 python server1.py runserver -d
29160
  PID     TIME %CPU %MEM CMD
29160 00:00:05  141  2.2 python server1.py runserver -d
29160
  PID     TIME %CPU %MEM CMD
29160 00:00:08 98.3  2.9 python server1.py runserver -d
29160
  PID     TIME %CPU %MEM CMD
29160 00:00:17  128  3.9 python server1.py runserver -d
29160
  PID     TIME %CPU %MEM CMD
29160 00:00:18 98.2  3.4 python server1.py runserver -d
29160
  PID     TIME %CPU %MEM CMD
29160 00:00:18 77.7  3.4 python server1.py runserver -d
29160
  PID     TIME %CPU %MEM CMD
29160 00:00:18 64.3  3.4 python server1.py runserver -d
29160
  PID     TIME %CPU %MEM CMD
29160 00:00:18 54.8  3.4 python server1.py runserver -d
29160
  PID     TIME %CPU %MEM CMD
29160 00:00:18 47.8  3.4 python server1.py runserver -d
29160
  PID     TIME %CPU %MEM CMD
29160 00:00:18 41.4  3.4 python server1.py runserver -d
29160
  PID     TIME %CPU %MEM CMD
29160 00:00:18 37.3  3.4 python server1.py runserver -d
29160
  PID     TIME %CPU %MEM CMD
29160 00:00:18 33.9  3.4 python server1.py runserver -d
29160
  PID     TIME %CPU %MEM CMD
29160 00:00:18 31.1  3.4 python server1.py runserver -d
29160
  PID     TIME %CPU %MEM CMD
29160 00:00:18 28.7  3.4 python server1.py runserver -d
29160
  PID     TIME %CPU %MEM CMD
29160 00:00:18 26.6  3.4 python server1.py runserver -d
29160
  PID     TIME %CPU %MEM CMD
29160 00:00:18 24.8  3.4 python server1.py runserver -d
29160
  PID     TIME %CPU %MEM CMD
29160 00:00:18 23.3  3.4 python server1.py runserver -d
29160
  PID     TIME %CPU %MEM CMD
29160 00:00:18 21.9  3.4 python server1.py runserver -d
29160
  PID     TIME %CPU %MEM CMD
29160 00:00:18 20.7  3.4 python server1.py runserver -d
29160
  PID     TIME %CPU %MEM CMD
29160 00:00:18 19.6  3.4 python server1.py runserver -d
29160
  PID     TIME %CPU %MEM CMD
29160 00:00:18 18.6  3.4 python server1.py runserver -d
29160
  PID     TIME %CPU %MEM CMD
29160 00:00:18 17.7  3.4 python server1.py runserver -d
29160
  PID     TIME %CPU %MEM CMD
29160 00:00:18 16.9  3.4 python server1.py runserver -d
29160
  PID     TIME %CPU %MEM CMD
29160 00:00:18 16.2  3.4 python server1.py runserver -d
29160
  PID     TIME %CPU %MEM CMD
29160 00:00:18 15.5  3.4 python server1.py runserver -d
29160
  PID     TIME %CPU %MEM CMD
29160 00:00:18 14.9  3.4 python server1.py runserver -d
29160
  PID     TIME %CPU %MEM CMD
29160 00:00:18 14.3  3.4 python server1.py runserver -d
29160
  PID     TIME %CPU %MEM CMD
29160 00:00:18 13.8  3.4 python server1.py runserver -d
29160
  PID     TIME %CPU %MEM CMD
29160 00:00:18 13.3  3.4 python server1.py runserver -d
29160
  PID     TIME %CPU %MEM CMD
29160 00:00:18 12.8  3.4 python server1.py runserver -d
29160
  PID     TIME %CPU %MEM CMD
29160 00:00:18 12.4  3.4 python server1.py runserver -d
29160
  PID     TIME %CPU %MEM CMD
29160 00:00:18 12.0  3.4 python server1.py runserver -d
29160
  PID     TIME %CPU %MEM CMD
29160 00:00:18 11.6  3.4 python server1.py runserver -d
29160
  PID     TIME %CPU %MEM CMD
29160 00:00:18 11.3  3.4 python server1.py runserver -d
29160
  PID     TIME %CPU %MEM CMD
29160 00:00:18 10.9  3.4 python server1.py runserver -d
29160
  PID     TIME %CPU %MEM CMD
29160 00:00:18 10.6  3.4 python server1.py runserver -d
29160
  PID     TIME %CPU %MEM CMD
29160 00:00:18 10.3  3.4 python server1.py runserver -d
29160
  PID     TIME %CPU %MEM CMD
29160 00:00:18 10.0  3.4 python server1.py runserver -d
29160
  PID     TIME %CPU %MEM CMD
29160 00:00:18  9.7  3.4 python server1.py runserver -d
29160
  PID     TIME %CPU %MEM CMD
29160 00:00:18  9.5  3.4 python server1.py runserver -d
29160
  PID     TIME %CPU %MEM CMD
29160 00:00:18  9.3  3.4 python server1.py runserver -d
29160
  PID     TIME %CPU %MEM CMD
29160 00:00:18  9.0  3.4 python server1.py runserver -d
29160
  PID     TIME %CPU %MEM CMD
29160 00:00:18  8.8  3.4 python server1.py runserver -d
29160
  PID     TIME %CPU %MEM CMD
29160 00:00:18  8.6  3.4 python server1.py runserver -d
29160
  PID     TIME %CPU %MEM CMD
29160 00:00:18  8.4  3.4 python server1.py runserver -d
29160
  PID     TIME %CPU %MEM CMD
29160 00:00:28 12.4  3.9 python server1.py runserver -d
29160
  PID     TIME %CPU %MEM CMD
29160 00:00:28 12.2  3.9 python server1.py runserver -d
29160
  PID     TIME %CPU %MEM CMD
29160 00:00:28 11.9  3.9 python server1.py runserver -d
29160
  PID     TIME %CPU %MEM CMD
29160 00:00:28 11.7  3.9 python server1.py runserver -d
29160
  PID     TIME %CPU %MEM CMD
29160 00:00:28 11.4  3.9 python server1.py runserver -d
29160
  PID     TIME %CPU %MEM CMD
29160 00:00:28 11.2  3.9 python server1.py runserver -d
29160
  PID     TIME %CPU %MEM CMD
29160 00:00:28 11.0  3.9 python server1.py runserver -d
29160
  PID     TIME %CPU %MEM CMD
29160 00:00:28 10.8  3.9 python server1.py runserver -d
29160
  PID     TIME %CPU %MEM CMD
29160 00:00:28 10.6  3.9 python server1.py runserver -d
29160
  PID     TIME %CPU %MEM CMD
29160 00:00:28 10.4  3.9 python server1.py runserver -d
29160
  PID     TIME %CPU %MEM CMD
29160 00:00:28 10.2  3.9 python server1.py runserver -d
29160
  PID     TIME %CPU %MEM CMD
29160 00:00:28 10.0  3.9 python server1.py runserver -d
29160
  PID     TIME %CPU %MEM CMD
29160 00:00:28  9.8  3.9 python server1.py runserver -d
29160
  PID     TIME %CPU %MEM CMD
29160 00:00:28  9.7  3.9 python server1.py runserver -d
29160
  PID     TIME %CPU %MEM CMD
29160 00:00:28  9.5  3.9 python server1.py runserver -d
29160
  PID     TIME %CPU %MEM CMD
29160 00:00:28  9.3  3.9 python server1.py runserver -d
29160
  PID     TIME %CPU %MEM CMD
29160 00:00:28  9.2  3.9 python server1.py runserver -d
29160
  PID     TIME %CPU %MEM CMD
29160 00:00:28  9.0  3.9 python server1.py runserver -d
29160
  PID     TIME %CPU %MEM CMD
29160 00:00:28  8.9  3.9 python server1.py runserver -d
29160
  PID     TIME %CPU %MEM CMD
29160 00:00:28  8.7  3.9 python server1.py runserver -d
29160
  PID     TIME %CPU %MEM CMD
29160 00:00:28  8.6  3.9 python server1.py runserver -d
29160
  PID     TIME %CPU %MEM CMD
29160 00:00:28  8.5  3.9 python server1.py runserver -d
29160
  PID     TIME %CPU %MEM CMD
29160 00:00:28  8.3  3.9 python server1.py runserver -d
29160
  PID     TIME %CPU %MEM CMD
29160 00:00:28  8.2  3.9 python server1.py runserver -d
29160
  PID     TIME %CPU %MEM CMD
29160 00:00:28  8.1  3.9 python server1.py runserver -d
29160
  PID     TIME %CPU %MEM CMD
29160 00:00:28  8.0  3.9 python server1.py runserver -d
29160
  PID     TIME %CPU %MEM CMD
29160 00:00:28  7.9  3.9 python server1.py runserver -d
29160
  PID     TIME %CPU %MEM CMD
29160 00:00:28  7.8  3.9 python server1.py runserver -d
29160
  PID     TIME %CPU %MEM CMD
29160 00:00:28  7.7  3.9 python server1.py runserver -d
29160
  PID     TIME %CPU %MEM CMD
29160 00:00:28  7.5  3.9 python server1.py runserver -d
29160
  PID     TIME %CPU %MEM CMD
29160 00:00:28  7.4  3.9 python server1.py runserver -d
29160
  PID     TIME %CPU %MEM CMD
29160 00:00:28  7.3  3.9 python server1.py runserver -d
29160
  PID     TIME %CPU %MEM CMD
29160 00:00:28  7.3  3.9 python server1.py runserver -d
29160
  PID     TIME %CPU %MEM CMD
29160 00:00:28  7.2  3.9 python server1.py runserver -d
29160
  PID     TIME %CPU %MEM CMD
29160 00:00:28  7.1  3.9 python server1.py runserver -d
29160
  PID     TIME %CPU %MEM CMD
29160 00:00:28  7.0  3.9 python server1.py runserver -d
29160
  PID     TIME %CPU %MEM CMD
29160 00:00:28  6.9  3.9 python server1.py runserver -d
29160
  PID     TIME %CPU %MEM CMD
29160 00:00:28  6.8  3.9 python server1.py runserver -d
29160
  PID     TIME %CPU %MEM CMD
29160 00:00:28  6.7  3.9 python server1.py runserver -d
29160
  PID     TIME %CPU %MEM CMD
29160 00:00:28  6.6  3.9 python server1.py runserver -d
29160
  PID     TIME %CPU %MEM CMD
29160 00:00:28  6.6  3.9 python server1.py runserver -d
29160
  PID     TIME %CPU %MEM CMD
29160 00:00:28  6.5  3.9 python server1.py runserver -d
29160
  PID     TIME %CPU %MEM CMD
29160 00:00:28  6.4  3.9 python server1.py runserver -d
29160
  PID     TIME %CPU %MEM CMD
29160 00:00:28  6.3  3.9 python server1.py runserver -d
29160
  PID     TIME %CPU %MEM CMD
29160 00:00:28  6.3  3.9 python server1.py runserver -d
29160
  PID     TIME %CPU %MEM CMD
29160 00:00:28  6.2  3.9 python server1.py runserver -d
29160
  PID     TIME %CPU %MEM CMD
29160 00:00:28  6.1  3.9 python server1.py runserver -d
29160
  PID     TIME %CPU %MEM CMD
29160 00:00:28  6.1  3.9 python server1.py runserver -d
29160
  PID     TIME %CPU %MEM CMD
29160 00:00:28  6.0  3.9 python server1.py runserver -d
29160
  PID     TIME %CPU %MEM CMD
29160 00:00:28  5.9  3.9 python server1.py runserver -d
29160
  PID     TIME %CPU %MEM CMD
29160 00:00:28  5.9  3.9 python server1.py runserver -d
29160
  PID     TIME %CPU %MEM CMD
29160 00:00:28  5.8  3.9 python server1.py runserver -d
29160
  PID     TIME %CPU %MEM CMD
29160 00:00:28  5.7  3.9 python server1.py runserver -d
29160
  PID     TIME %CPU %MEM CMD
29160 00:00:28  5.7  3.9 python server1.py runserver -d
29160
  PID     TIME %CPU %MEM CMD
29160 00:00:28  5.6  3.9 python server1.py runserver -d
29160
  PID     TIME %CPU %MEM CMD
29160 00:00:37  7.4  3.9 python server1.py runserver -d
29160
  PID     TIME %CPU %MEM CMD
29160 00:00:37  7.4  3.9 python server1.py runserver -d
29160
  PID     TIME %CPU %MEM CMD
29160 00:00:37  7.3  3.9 python server1.py runserver -d
29160
  PID     TIME %CPU %MEM CMD
29160 00:00:37  7.2  3.9 python server1.py runserver -d
29160
  PID     TIME %CPU %MEM CMD
29160 00:00:37  7.2  3.9 python server1.py runserver -d
29160
  PID     TIME %CPU %MEM CMD
29160 00:00:37  7.1  3.9 python server1.py runserver -d
29160
  PID     TIME %CPU %MEM CMD
29160 00:00:47  8.8  3.9 python server1.py runserver -d
29160
  PID     TIME %CPU %MEM CMD
29160 00:00:47  8.7  3.9 python server1.py runserver -d
1435
  PID     TIME %CPU %MEM CMD
 1435 00:02:28 87.2  3.9 python server1.py
1435
  PID     TIME %CPU %MEM CMD
 1435 00:02:28 84.7  3.9 python server1.py
1435
  PID     TIME %CPU %MEM CMD
 1435 00:02:33 85.0 11.4 python server1.py
1435
  PID     TIME %CPU %MEM CMD
 1435 00:02:48 91.2 11.4 python server1.py
1435
  PID     TIME %CPU %MEM CMD
 1435 00:03:04 96.8 11.4 python server1.py
1435
  PID     TIME %CPU %MEM CMD
 1435 00:03:19  102 11.4 python server1.py
1435
  PID     TIME %CPU %MEM CMD
 1435 00:03:35  107 11.4 python server1.py
1435
  PID     TIME %CPU %MEM CMD
 1435 00:03:51  112 11.4 python server1.py
1435
  PID     TIME %CPU %MEM CMD
 1435 00:04:06  117 11.4 python server1.py
1435
  PID     TIME %CPU %MEM CMD
 1435 00:04:22  122 11.4 python server1.py
1435
  PID     TIME %CPU %MEM CMD
 1435 00:04:38  126 11.4 python server1.py
1435
  PID     TIME %CPU %MEM CMD
 1435 00:04:47  127  7.9 python server1.py
1435
  PID     TIME %CPU %MEM CMD
 1435 00:04:48  125  3.8 python server1.py
1435
  PID     TIME %CPU %MEM CMD
 1435 00:04:48  122  3.8 python server1.py
1435
  PID     TIME %CPU %MEM CMD
 1435 00:04:48  120  3.8 python server1.py
1435
  PID     TIME %CPU %MEM CMD
 1435 00:04:48  117  3.8 python server1.py
1435
  PID     TIME %CPU %MEM CMD
 1435 00:04:48  115  3.8 python server1.py
1435
  PID     TIME %CPU %MEM CMD
 1435 00:04:48  113  3.8 python server1.py
1435
  PID     TIME %CPU %MEM CMD
 1435 00:04:48  110  3.8 python server1.py
1435
  PID     TIME %CPU %MEM CMD
 1435 00:04:48  108  3.8 python server1.py
1435
  PID     TIME %CPU %MEM CMD
 1435 00:04:48  106  3.8 python server1.py
1435
  PID     TIME %CPU %MEM CMD
 1435 00:04:48  104  3.8 python server1.py
1435
  PID     TIME %CPU %MEM CMD
 1435 00:04:48  102  3.8 python server1.py
1435
  PID     TIME %CPU %MEM CMD
 1435 00:04:48  100  3.8 python server1.py
1435
  PID     TIME %CPU %MEM CMD
 1435 00:04:48 99.0  3.8 python server1.py
1435
  PID     TIME %CPU %MEM CMD
 1435 00:04:48 97.4  3.8 python server1.py
1435
  PID     TIME %CPU %MEM CMD
 1435 00:04:48 95.8  3.8 python server1.py
1435
  PID     TIME %CPU %MEM CMD
 1435 00:04:48 94.2  3.8 python server1.py
1435
  PID     TIME %CPU %MEM CMD
 1435 00:04:48 92.7  3.8 python server1.py
1435
  PID     TIME %CPU %MEM CMD
 1435 00:04:48 91.2  3.8 python server1.py
1435
  PID     TIME %CPU %MEM CMD
 1435 00:04:48 89.8  3.8 python server1.py
1435
  PID     TIME %CPU %MEM CMD
 1435 00:04:48 88.4  3.8 python server1.py
1435
  PID     TIME %CPU %MEM CMD
 1435 00:04:48 87.1  3.8 python server1.py
1435
  PID     TIME %CPU %MEM CMD
 1435 00:04:48 85.8  3.8 python server1.py
1435
  PID     TIME %CPU %MEM CMD
 1435 00:04:48 84.5  3.8 python server1.py
1435
  PID     TIME %CPU %MEM CMD
 1435 00:04:48 83.3  3.8 python server1.py
1435
  PID     TIME %CPU %MEM CMD
 1435 00:04:48 82.1  3.8 python server1.py
1435
  PID     TIME %CPU %MEM CMD
 1435 00:04:48 81.0  3.8 python server1.py
1435
  PID     TIME %CPU %MEM CMD
 1435 00:04:48 79.8  3.8 python server1.py
1435
  PID     TIME %CPU %MEM CMD
 1435 00:04:48 78.7  3.8 python server1.py
1435
  PID     TIME %CPU %MEM CMD
 1435 00:04:48 77.7  3.8 python server1.py
1435
  PID     TIME %CPU %MEM CMD
 1435 00:04:48 76.6  3.8 python server1.py
1435
  PID     TIME %CPU %MEM CMD
 1435 00:04:48 75.6  3.8 python server1.py
1435
  PID     TIME %CPU %MEM CMD
 1435 00:04:48 74.7  3.8 python server1.py
1435
  PID     TIME %CPU %MEM CMD
 1435 00:04:48 73.7  3.8 python server1.py
1435
  PID     TIME %CPU %MEM CMD
 1435 00:04:48 72.8  3.8 python server1.py
1435
  PID     TIME %CPU %MEM CMD
 1435 00:04:48 71.9  3.8 python server1.py
1435
  PID     TIME %CPU %MEM CMD
 1435 00:04:48 71.0  3.8 python server1.py
1435
  PID     TIME %CPU %MEM CMD
 1435 00:04:48 70.1  3.8 python server1.py
1435
  PID     TIME %CPU %MEM CMD
 1435 00:04:48 69.3  3.8 python server1.py
1435
  PID     TIME %CPU %MEM CMD
 1435 00:04:48 68.3  3.8 python server1.py
1435
  PID     TIME %CPU %MEM CMD
 1435 00:04:48 67.5  3.8 python server1.py
1435
  PID     TIME %CPU %MEM CMD
 1435 00:04:48 66.7  3.8 python server1.py
1435
  PID     TIME %CPU %MEM CMD
 1435 00:04:48 65.9  3.8 python server1.py
1435
  PID     TIME %CPU %MEM CMD
 1435 00:04:48 65.2  3.8 python server1.py
1435
  PID     TIME %CPU %MEM CMD
 1435 00:04:48 64.5  3.8 python server1.py
1435
  PID     TIME %CPU %MEM CMD
 1435 00:04:48 63.8  3.8 python server1.py
1435
  PID     TIME %CPU %MEM CMD
 1435 00:04:48 63.1  3.8 python server1.py
1435
  PID     TIME %CPU %MEM CMD
 1435 00:04:48 62.4  3.8 python server1.py
1435
  PID     TIME %CPU %MEM CMD
 1435 00:04:48 61.7  3.8 python server1.py
1435
  PID     TIME %CPU %MEM CMD
 1435 00:04:48 61.0  3.8 python server1.py
1435
  PID     TIME %CPU %MEM CMD
 1435 00:04:48 60.4  3.8 python server1.py
1435
  PID     TIME %CPU %MEM CMD
 1435 00:04:48 59.8  3.8 python server1.py
1435
  PID     TIME %CPU %MEM CMD
 1435 00:04:48 59.2  3.8 python server1.py
1435
  PID     TIME %CPU %MEM CMD
 1435 00:04:48 58.6  3.8 python server1.py
1435
  PID     TIME %CPU %MEM CMD
 1435 00:04:48 58.0  3.8 python server1.py
1435
  PID     TIME %CPU %MEM CMD
 1435 00:04:48 57.4  3.8 python server1.py
1435
  PID     TIME %CPU %MEM CMD
 1435 00:04:48 56.8  3.8 python server1.py
1435
  PID     TIME %CPU %MEM CMD
 1435 00:04:48 56.3  3.8 python server1.py
1435
  PID     TIME %CPU %MEM CMD
 1435 00:04:48 55.7  3.8 python server1.py
1435
  PID     TIME %CPU %MEM CMD
 1435 00:04:48 55.2  3.8 python server1.py
1435
  PID     TIME %CPU %MEM CMD
 1435 00:04:48 54.7  3.8 python server1.py
1435
  PID     TIME %CPU %MEM CMD
 1435 00:04:48 54.2  3.8 python server1.py
1435
  PID     TIME %CPU %MEM CMD
 1435 00:04:48 53.7  3.8 python server1.py
1435
  PID     TIME %CPU %MEM CMD
 1435 00:04:48 53.2  3.8 python server1.py
1435
  PID     TIME %CPU %MEM CMD
 1435 00:04:48 52.7  3.8 python server1.py
1435
  PID     TIME %CPU %MEM CMD
 1435 00:04:48 52.2  3.8 python server1.py
1435
  PID     TIME %CPU %MEM CMD
 1435 00:04:48 51.6  3.8 python server1.py
1435
  PID     TIME %CPU %MEM CMD
 1435 00:04:48 51.2  3.8 python server1.py
1435
  PID     TIME %CPU %MEM CMD
 1435 00:04:48 50.7  3.8 python server1.py
1435
  PID     TIME %CPU %MEM CMD
 1435 00:04:48 50.3  3.8 python server1.py
1435
  PID     TIME %CPU %MEM CMD
 1435 00:04:48 49.8  3.8 python server1.py
1435
  PID     TIME %CPU %MEM CMD
 1435 00:04:48 49.4  3.8 python server1.py
1435
  PID     TIME %CPU %MEM CMD
 1435 00:04:48 49.0  3.8 python server1.py
1435
  PID     TIME %CPU %MEM CMD
 1435 00:04:48 48.6  3.8 python server1.py
1435
  PID     TIME %CPU %MEM CMD
 1435 00:04:48 48.2  3.8 python server1.py
1435
  PID     TIME %CPU %MEM CMD
 1435 00:04:48 47.8  3.8 python server1.py
1435
  PID     TIME %CPU %MEM CMD
 1435 00:04:48 47.4  3.8 python server1.py
1435
  PID     TIME %CPU %MEM CMD
 1435 00:04:48 47.0  3.8 python server1.py
1435
  PID     TIME %CPU %MEM CMD
 1435 00:04:48 46.6  3.8 python server1.py
1435
  PID     TIME %CPU %MEM CMD
 1435 00:04:48 46.2  3.8 python server1.py
1435
  PID     TIME %CPU %MEM CMD
 1435 00:04:48 45.9  3.8 python server1.py
1435
  PID     TIME %CPU %MEM CMD
 1435 00:04:48 45.5  3.8 python server1.py
1435
  PID     TIME %CPU %MEM CMD
 1435 00:04:48 45.2  3.8 python server1.py
1435
  PID     TIME %CPU %MEM CMD
 1435 00:04:48 44.8  3.8 python server1.py
1435
  PID     TIME %CPU %MEM CMD
 1435 00:04:48 44.5  3.8 python server1.py
1435
  PID     TIME %CPU %MEM CMD
 1435 00:04:48 44.1  3.8 python server1.py
1435
  PID     TIME %CPU %MEM CMD
 1435 00:04:48 43.8  3.8 python server1.py
1435
  PID     TIME %CPU %MEM CMD
 1435 00:04:48 43.5  3.8 python server1.py
1435
  PID     TIME %CPU %MEM CMD
 1435 00:04:48 43.1  3.8 python server1.py
1435
  PID     TIME %CPU %MEM CMD
 1435 00:04:48 42.8  3.8 python server1.py
1435
  PID     TIME %CPU %MEM CMD
 1435 00:04:48 42.5  3.8 python server1.py
1435
  PID     TIME %CPU %MEM CMD
 1435 00:04:48 42.1  3.8 python server1.py
1435
  PID     TIME %CPU %MEM CMD
 1435 00:04:48 41.8  3.8 python server1.py
1435
  PID     TIME %CPU %MEM CMD
 1435 00:04:48 41.5  3.8 python server1.py
1435
  PID     TIME %CPU %MEM CMD
 1435 00:04:48 41.2  3.8 python server1.py
1435
  PID     TIME %CPU %MEM CMD
 1435 00:04:48 40.9  3.8 python server1.py
1435
  PID     TIME %CPU %MEM CMD
 1435 00:04:48 40.6  3.8 python server1.py
1435
  PID     TIME %CPU %MEM CMD
 1435 00:04:48 40.3  3.8 python server1.py
1435
  PID     TIME %CPU %MEM CMD
 1435 00:04:48 40.1  3.8 python server1.py
1435
  PID     TIME %CPU %MEM CMD
 1435 00:04:48 39.8  3.8 python server1.py
1435
  PID     TIME %CPU %MEM CMD
 1435 00:04:48 39.5  3.8 python server1.py
1435
  PID     TIME %CPU %MEM CMD
 1435 00:04:48 39.2  3.8 python server1.py
1435
  PID     TIME %CPU %MEM CMD
 1435 00:04:48 39.0  3.8 python server1.py
1435
  PID     TIME %CPU %MEM CMD
 1435 00:04:48 38.7  3.8 python server1.py
1435
  PID     TIME %CPU %MEM CMD
 1435 00:04:48 38.5  3.8 python server1.py
1435
  PID     TIME %CPU %MEM CMD
 1435 00:04:48 38.2  3.8 python server1.py
1435
  PID     TIME %CPU %MEM CMD
 1435 00:04:48 38.0  3.8 python server1.py
1435
  PID     TIME %CPU %MEM CMD
 1435 00:04:48 37.7  3.8 python server1.py
1435
  PID     TIME %CPU %MEM CMD
 1435 00:04:48 37.5  3.8 python server1.py
1435
  PID     TIME %CPU %MEM CMD
 1435 00:04:48 37.2  3.8 python server1.py
1435
  PID     TIME %CPU %MEM CMD
 1435 00:04:48 37.0  3.8 python server1.py
1435
  PID     TIME %CPU %MEM CMD
 1435 00:04:48 36.7  3.8 python server1.py
1435
  PID     TIME %CPU %MEM CMD
 1435 00:04:48 36.5  3.8 python server1.py
1435
  PID     TIME %CPU %MEM CMD
 1435 00:04:48 36.3  3.8 python server1.py
1435
  PID     TIME %CPU %MEM CMD
 1435 00:04:48 36.0  3.8 python server1.py
1435
  PID     TIME %CPU %MEM CMD
 1435 00:04:48 35.8  3.8 python server1.py
1435
  PID     TIME %CPU %MEM CMD
 1435 00:04:48 35.6  3.8 python server1.py
1435
  PID     TIME %CPU %MEM CMD
 1435 00:04:48 35.3  3.8 python server1.py
1435
  PID     TIME %CPU %MEM CMD
 1435 00:04:48 35.1  3.8 python server1.py
1435
  PID     TIME %CPU %MEM CMD
 1435 00:04:48 34.9  3.8 python server1.py
1435
  PID     TIME %CPU %MEM CMD
 1435 00:04:48 34.7  3.8 python server1.py
1435
  PID     TIME %CPU %MEM CMD
 1435 00:04:48 34.5  3.8 python server1.py
1435
  PID     TIME %CPU %MEM CMD
 1435 00:04:48 34.3  3.8 python server1.py
  PID     TIME %CPU %MEM CMD
 1435 00:04:48 34.2  3.8 python server1.py
  PID     TIME %CPU %MEM CMD
 1435 00:04:48 34.0  3.8 python server1.py
  PID     TIME %CPU %MEM CMD
 1435 00:04:48 33.8  3.8 python server1.py
  PID     TIME %CPU %MEM CMD
 1435 00:04:48 33.6  3.8 python server1.py
  PID     TIME %CPU %MEM CMD
 1435 00:04:48 33.4  3.8 python server1.py
  PID     TIME %CPU %MEM CMD
 1435 00:04:48 33.2  3.8 python server1.py
  PID     TIME %CPU %MEM CMD
 1435 00:04:48 33.0  3.8 python server1.py
  PID     TIME %CPU %MEM CMD
 1435 00:04:48 32.8  3.8 python server1.py
  PID     TIME %CPU %MEM CMD
 1435 00:04:48 32.7  3.8 python server1.py
  PID     TIME %CPU %MEM CMD
 1435 00:04:48 32.5  3.8 python server1.py
  PID     TIME %CPU %MEM CMD
 1435 00:04:48 32.3  3.8 python server1.py
  PID     TIME %CPU %MEM CMD
 1435 00:04:48 32.1  3.8 python server1.py
  PID     TIME %CPU %MEM CMD
 1435 00:04:48 31.9  3.8 python server1.py
  PID     TIME %CPU %MEM CMD
 1435 00:04:48 31.7  3.8 python server1.py
  PID     TIME %CPU %MEM CMD
 1435 00:04:48 31.5  3.8 python server1.py
  PID     TIME %CPU %MEM CMD
 1435 00:04:48 31.4  3.8 python server1.py
  PID     TIME %CPU %MEM CMD
 1435 00:04:48 31.2  3.8 python server1.py
  PID     TIME %CPU %MEM CMD
 1435 00:04:48 31.0  3.8 python server1.py
  PID     TIME %CPU %MEM CMD
 1435 00:04:48 30.9  3.8 python server1.py
  PID     TIME %CPU %MEM CMD
 1435 00:04:48 30.7  3.8 python server1.py
  PID     TIME %CPU %MEM CMD
 1435 00:04:48 30.5  3.8 python server1.py
  PID     TIME %CPU %MEM CMD
 1435 00:04:48 30.4  3.8 python server1.py
  PID     TIME %CPU %MEM CMD
 1435 00:04:48 30.2  3.8 python server1.py
  PID     TIME %CPU %MEM CMD
 1435 00:04:48 30.1  3.8 python server1.py
  PID     TIME %CPU %MEM CMD
 1435 00:04:48 29.9  3.8 python server1.py
  PID     TIME %CPU %MEM CMD
 1435 00:04:48 29.8  3.8 python server1.py
  PID     TIME %CPU %MEM CMD
 1435 00:04:48 29.6  3.8 python server1.py
  PID     TIME %CPU %MEM CMD
 1435 00:04:48 29.4  3.8 python server1.py
  PID     TIME %CPU %MEM CMD
 1435 00:04:48 29.3  3.8 python server1.py
  PID     TIME %CPU %MEM CMD
 1435 00:04:48 29.2  3.8 python server1.py
  PID     TIME %CPU %MEM CMD
 1435 00:04:48 29.0  3.8 python server1.py
  PID     TIME %CPU %MEM CMD
 1435 00:04:48 28.8  3.8 python server1.py
  PID     TIME %CPU %MEM CMD
 1435 00:04:48 28.7  3.8 python server1.py
  PID     TIME %CPU %MEM CMD
 1435 00:04:48 28.5  3.8 python server1.py
  PID     TIME %CPU %MEM CMD
 1435 00:04:48 28.4  3.8 python server1.py
  PID     TIME %CPU %MEM CMD
 1435 00:04:48 28.3  3.8 python server1.py
  PID     TIME %CPU %MEM CMD
 1435 00:04:48 28.1  3.8 python server1.py
  PID     TIME %CPU %MEM CMD
 1435 00:04:48 28.0  3.8 python server1.py
  PID     TIME %CPU %MEM CMD
 1435 00:04:48 27.9  3.8 python server1.py
  PID     TIME %CPU %MEM CMD
 1435 00:04:48 27.7  3.8 python server1.py
  PID     TIME %CPU %MEM CMD
 1435 00:04:48 27.6  3.8 python server1.py
  PID     TIME %CPU %MEM CMD
 1435 00:04:48 27.5  3.8 python server1.py
  PID     TIME %CPU %MEM CMD
 1435 00:04:48 27.3  3.8 python server1.py
  PID     TIME %CPU %MEM CMD
 1435 00:04:48 27.2  3.8 python server1.py
  PID     TIME %CPU %MEM CMD
 1435 00:04:48 27.1  3.8 python server1.py
  PID     TIME %CPU %MEM CMD
 1435 00:04:48 26.9  3.8 python server1.py
  PID     TIME %CPU %MEM CMD
 1435 00:04:48 26.8  3.8 python server1.py
  PID     TIME %CPU %MEM CMD
 1435 00:04:48 26.7  3.8 python server1.py
  PID     TIME %CPU %MEM CMD
 1435 00:04:48 26.6  3.8 python server1.py
  PID     TIME %CPU %MEM CMD
 1435 00:04:48 26.4  3.8 python server1.py
  PID     TIME %CPU %MEM CMD
 1435 00:04:48 26.3  3.8 python server1.py
  PID     TIME %CPU %MEM CMD
 1435 00:04:48 26.2  3.8 python server1.py
  PID     TIME %CPU %MEM CMD
 1435 00:04:48 26.1  3.8 python server1.py
  PID     TIME %CPU %MEM CMD
 1435 00:04:48 25.9  3.8 python server1.py
  PID     TIME %CPU %MEM CMD
 1435 00:04:48 25.8  3.8 python server1.py
  PID     TIME %CPU %MEM CMD
 1435 00:04:48 25.7  3.8 python server1.py
  PID     TIME %CPU %MEM CMD
 1435 00:04:48 25.6  3.8 python server1.py
  PID     TIME %CPU %MEM CMD
 1435 00:04:48 25.5  3.8 python server1.py
  PID     TIME %CPU %MEM CMD
 1435 00:04:48 25.4  3.8 python server1.py
  PID     TIME %CPU %MEM CMD
 1435 00:04:48 25.3  3.8 python server1.py
  PID     TIME %CPU %MEM CMD
 1435 00:04:48 25.1  3.8 python server1.py
  PID     TIME %CPU %MEM CMD
 1435 00:04:48 25.0  3.8 python server1.py
  PID     TIME %CPU %MEM CMD
 1435 00:04:48 24.9  3.8 python server1.py
  PID     TIME %CPU %MEM CMD
 1435 00:04:48 24.8  3.8 python server1.py
  PID     TIME %CPU %MEM CMD
 1435 00:04:48 24.7  3.8 python server1.py
  PID     TIME %CPU %MEM CMD
 1435 00:04:48 24.6  3.8 python server1.py
  PID     TIME %CPU %MEM CMD
 1435 00:04:48 24.5  3.8 python server1.py
  PID     TIME %CPU %MEM CMD
 1435 00:04:48 24.4  3.8 python server1.py
  PID     TIME %CPU %MEM CMD
 1435 00:04:48 24.3  3.8 python server1.py
  PID     TIME %CPU %MEM CMD
 1435 00:04:48 24.2  3.8 python server1.py
  PID     TIME %CPU %MEM CMD
 1435 00:04:48 24.1  3.8 python server1.py
  PID     TIME %CPU %MEM CMD
 1435 00:04:48 24.0  3.8 python server1.py
  PID     TIME %CPU %MEM CMD
 1435 00:04:48 23.9  3.8 python server1.py
  PID     TIME %CPU %MEM CMD
 1435 00:04:48 23.8  3.8 python server1.py
  PID     TIME %CPU %MEM CMD
 1435 00:04:48 23.7  3.8 python server1.py
  PID     TIME %CPU %MEM CMD
 1435 00:04:48 23.6  3.8 python server1.py
  PID     TIME %CPU %MEM CMD
 1435 00:04:48 23.5  3.8 python server1.py
  PID     TIME %CPU %MEM CMD
 1435 00:04:48 23.4  3.8 python server1.py
  PID     TIME %CPU %MEM CMD
 1435 00:04:48 23.3  3.8 python server1.py
  PID     TIME %CPU %MEM CMD
 1435 00:04:48 23.2  3.8 python server1.py
  PID     TIME %CPU %MEM CMD
 1435 00:04:48 23.1  3.8 python server1.py
  PID     TIME %CPU %MEM CMD
 1435 00:04:48 23.0  3.8 python server1.py
  PID     TIME %CPU %MEM CMD
 1435 00:04:48 22.9  3.8 python server1.py
  PID     TIME %CPU %MEM CMD
 1435 00:04:48 22.8  3.8 python server1.py
  PID     TIME %CPU %MEM CMD
 1435 00:04:48 22.7  3.8 python server1.py
  PID     TIME %CPU %MEM CMD
 1435 00:04:48 22.6  3.8 python server1.py
  PID     TIME %CPU %MEM CMD
 1435 00:04:48 22.5  3.8 python server1.py
  PID     TIME %CPU %MEM CMD
 1435 00:04:48 22.4  3.8 python server1.py
  PID     TIME %CPU %MEM CMD
 1435 00:04:48 22.3  3.8 python server1.py
  PID     TIME %CPU %MEM CMD
 1435 00:04:48 22.2  3.8 python server1.py
  PID     TIME %CPU %MEM CMD
 1435 00:04:48 22.2  3.8 python server1.py
  PID     TIME %CPU %MEM CMD
 1435 00:04:48 22.1  3.8 python server1.py
  PID     TIME %CPU %MEM CMD
 1435 00:04:48 22.0  3.8 python server1.py
  PID     TIME %CPU %MEM CMD
 1435 00:04:48 21.9  3.8 python server1.py
  PID     TIME %CPU %MEM CMD
 1435 00:04:48 21.8  3.8 python server1.py
  PID     TIME %CPU %MEM CMD
 1435 00:04:48 21.7  3.8 python server1.py
  PID     TIME %CPU %MEM CMD
 1435 00:04:48 21.7  3.8 python server1.py
  PID     TIME %CPU %MEM CMD
 1435 00:04:48 21.6  3.8 python server1.py
  PID     TIME %CPU %MEM CMD
 1435 00:04:48 21.5  3.8 python server1.py
  PID     TIME %CPU %MEM CMD
 1435 00:04:48 21.4  3.8 python server1.py
  PID     TIME %CPU %MEM CMD
 1435 00:04:48 21.3  3.8 python server1.py
  PID     TIME %CPU %MEM CMD
 1435 00:04:48 21.3  3.8 python server1.py
  PID     TIME %CPU %MEM CMD
 1435 00:04:48 21.2  3.8 python server1.py
  PID     TIME %CPU %MEM CMD
 1435 00:04:48 21.1  3.8 python server1.py
  PID     TIME %CPU %MEM CMD
 1435 00:04:48 21.0  3.8 python server1.py
  PID     TIME %CPU %MEM CMD
 1435 00:04:48 21.0  3.8 python server1.py
  PID     TIME %CPU %MEM CMD
 1435 00:04:48 20.9  3.8 python server1.py
  PID     TIME %CPU %MEM CMD
 1435 00:04:48 20.8  3.8 python server1.py
  PID     TIME %CPU %MEM CMD
 1435 00:04:48 20.7  3.8 python server1.py
  PID     TIME %CPU %MEM CMD
 1435 00:04:48 20.7  3.8 python server1.py
  PID     TIME %CPU %MEM CMD
 1435 00:04:48 20.6  3.8 python server1.py
  PID     TIME %CPU %MEM CMD
 1435 00:04:48 20.5  3.8 python server1.py
  PID     TIME %CPU %MEM CMD
 1435 00:04:48 20.4  3.8 python server1.py
  PID     TIME %CPU %MEM CMD
 1435 00:04:48 20.4  3.8 python server1.py
  PID     TIME %CPU %MEM CMD
 1435 00:04:48 20.3  3.8 python server1.py
  PID     TIME %CPU %MEM CMD
 1435 00:04:48 20.2  3.8 python server1.py
  PID     TIME %CPU %MEM CMD
 1435 00:04:48 20.1  3.8 python server1.py
  PID     TIME %CPU %MEM CMD
 1435 00:04:48 20.1  3.8 python server1.py
  PID     TIME %CPU %MEM CMD
 1435 00:04:48 20.0  3.8 python server1.py
  PID     TIME %CPU %MEM CMD
 1435 00:04:48 19.9  3.8 python server1.py
  PID     TIME %CPU %MEM CMD
 1435 00:04:48 19.9  3.8 python server1.py
  PID     TIME %CPU %MEM CMD
 1435 00:04:48 19.8  3.8 python server1.py
  PID     TIME %CPU %MEM CMD
 1435 00:04:48 19.7  3.8 python server1.py
  PID     TIME %CPU %MEM CMD
 1435 00:04:48 19.6  3.8 python server1.py
  PID     TIME %CPU %MEM CMD
 1435 00:04:48 19.6  3.8 python server1.py
  PID     TIME %CPU %MEM CMD
 1435 00:04:48 19.5  3.8 python server1.py
  PID     TIME %CPU %MEM CMD
 1435 00:04:48 19.4  3.8 python server1.py
  PID     TIME %CPU %MEM CMD
 1435 00:04:48 19.4  3.8 python server1.py
  PID     TIME %CPU %MEM CMD
 1435 00:04:48 19.3  3.8 python server1.py
  PID     TIME %CPU %MEM CMD
 1435 00:04:48 19.3  3.8 python server1.py
  PID     TIME %CPU %MEM CMD
 1435 00:04:48 19.2  3.8 python server1.py
  PID     TIME %CPU %MEM CMD
 1435 00:04:48 19.1  3.8 python server1.py
  PID     TIME %CPU %MEM CMD
 1435 00:04:48 19.1  3.8 python server1.py
  PID     TIME %CPU %MEM CMD
 1435 00:04:48 19.0  3.8 python server1.py
  PID     TIME %CPU %MEM CMD
 1435 00:04:48 18.9  3.8 python server1.py
  PID     TIME %CPU %MEM CMD
 1435 00:04:48 18.9  3.8 python server1.py
  PID     TIME %CPU %MEM CMD
 1435 00:04:48 18.8  3.8 python server1.py
  PID     TIME %CPU %MEM CMD
 1435 00:04:48 18.8  3.8 python server1.py
  PID     TIME %CPU %MEM CMD
 1435 00:04:48 18.7  3.8 python server1.py
  PID     TIME %CPU %MEM CMD
 1435 00:04:48 18.6  3.8 python server1.py
  PID     TIME %CPU %MEM CMD
 1435 00:04:48 18.6  3.8 python server1.py
  PID     TIME %CPU %MEM CMD
 1435 00:04:48 18.5  3.8 python server1.py
  PID     TIME %CPU %MEM CMD
 1435 00:04:48 18.4  3.8 python server1.py
  PID     TIME %CPU %MEM CMD
 1435 00:04:48 18.4  3.8 python server1.py
  PID     TIME %CPU %MEM CMD
 1435 00:04:48 18.3  3.8 python server1.py
  PID     TIME %CPU %MEM CMD
 1435 00:04:48 18.3  3.8 python server1.py
  PID     TIME %CPU %MEM CMD
 1435 00:04:48 18.2  3.8 python server1.py
  PID     TIME %CPU %MEM CMD
 1435 00:04:48 18.2  3.8 python server1.py
  PID     TIME %CPU %MEM CMD
 1435 00:04:48 18.1  3.8 python server1.py
  PID     TIME %CPU %MEM CMD
 1435 00:04:48 18.0  3.8 python server1.py
  PID     TIME %CPU %MEM CMD
 1435 00:04:48 18.0  3.8 python server1.py
  PID     TIME %CPU %MEM CMD
 1435 00:04:48 17.9  3.8 python server1.py
  PID     TIME %CPU %MEM CMD
 1435 00:04:48 17.9  3.8 python server1.py
  PID     TIME %CPU %MEM CMD
 1435 00:04:48 17.8  3.8 python server1.py
  PID     TIME %CPU %MEM CMD
 1435 00:04:48 17.8  3.8 python server1.py
  PID     TIME %CPU %MEM CMD
 1435 00:04:48 17.7  3.8 python server1.py
  PID     TIME %CPU %MEM CMD
 1435 00:04:48 17.6  3.8 python server1.py
  PID     TIME %CPU %MEM CMD
 1435 00:04:48 17.6  3.8 python server1.py
  PID     TIME %CPU %MEM CMD
 1435 00:04:48 17.5  3.8 python server1.py
  PID     TIME %CPU %MEM CMD
 1435 00:04:48 17.5  3.8 python server1.py
  PID     TIME %CPU %MEM CMD
 1435 00:04:48 17.4  3.8 python server1.py
  PID     TIME %CPU %MEM CMD
 1435 00:04:48 17.4  3.8 python server1.py
  PID     TIME %CPU %MEM CMD
 1435 00:04:48 17.3  3.8 python server1.py
  PID     TIME %CPU %MEM CMD
 1435 00:04:48 17.3  3.8 python server1.py
  PID     TIME %CPU %MEM CMD
 1435 00:04:48 17.2  3.8 python server1.py
  PID     TIME %CPU %MEM CMD
 1435 00:04:48 17.2  3.8 python server1.py
  PID     TIME %CPU %MEM CMD
 1435 00:04:48 17.1  3.8 python server1.py
  PID     TIME %CPU %MEM CMD
 1435 00:04:48 17.1  3.8 python server1.py
  PID     TIME %CPU %MEM CMD
 1435 00:04:48 17.0  3.8 python server1.py
  PID     TIME %CPU %MEM CMD
 1435 00:04:48 17.0  3.8 python server1.py
  PID     TIME %CPU %MEM CMD
 1435 00:04:48 16.9  3.8 python server1.py
  PID     TIME %CPU %MEM CMD
 1435 00:04:48 16.9  3.8 python server1.py
  PID     TIME %CPU %MEM CMD
 1435 00:04:48 16.8  3.8 python server1.py
  PID     TIME %CPU %MEM CMD
 1435 00:04:48 16.8  3.8 python server1.py
  PID     TIME %CPU %MEM CMD
 1435 00:04:48 16.7  3.8 python server1.py
  PID     TIME %CPU %MEM CMD
 1435 00:04:48 16.7  3.8 python server1.py
  PID     TIME %CPU %MEM CMD
 1435 00:04:48 16.6  3.8 python server1.py
  PID     TIME %CPU %MEM CMD
 1435 00:04:48 16.6  3.8 python server1.py
  PID     TIME %CPU %MEM CMD
 1435 00:04:48 16.5  3.8 python server1.py
  PID     TIME %CPU %MEM CMD
 1435 00:04:48 16.5  3.8 python server1.py
  PID     TIME %CPU %MEM CMD
 1435 00:04:48 16.4  3.8 python server1.py
  PID     TIME %CPU %MEM CMD
 1435 00:04:48 16.4  3.8 python server1.py
  PID     TIME %CPU %MEM CMD
 1435 00:04:48 16.3  3.8 python server1.py
  PID     TIME %CPU %MEM CMD
 1435 00:04:48 16.3  3.8 python server1.py
  PID     TIME %CPU %MEM CMD
 1435 00:04:48 16.2  3.8 python server1.py
  PID     TIME %CPU %MEM CMD
 1435 00:04:48 16.2  3.8 python server1.py
  PID     TIME %CPU %MEM CMD
 1435 00:04:48 16.1  3.8 python server1.py
  PID     TIME %CPU %MEM CMD
 1435 00:04:48 16.1  3.8 python server1.py
  PID     TIME %CPU %MEM CMD
 1435 00:04:48 16.1  3.8 python server1.py
  PID     TIME %CPU %MEM CMD
 1435 00:04:48 16.0  3.8 python server1.py
  PID     TIME %CPU %MEM CMD
 1435 00:04:48 16.0  3.8 python server1.py
  PID     TIME %CPU %MEM CMD
 1435 00:04:48 15.9  3.8 python server1.py
  PID     TIME %CPU %MEM CMD
 1435 00:04:48 15.9  3.8 python server1.py
  PID     TIME %CPU %MEM CMD
 1435 00:04:48 15.8  3.8 python server1.py
  PID     TIME %CPU %MEM CMD
 1435 00:04:48 15.8  3.8 python server1.py
  PID     TIME %CPU %MEM CMD
 1435 00:04:48 15.7  3.8 python server1.py
  PID     TIME %CPU %MEM CMD
 1435 00:04:48 15.7  3.8 python server1.py
  PID     TIME %CPU %MEM CMD
 1435 00:04:48 15.7  3.8 python server1.py
  PID     TIME %CPU %MEM CMD
 1435 00:04:48 15.6  3.8 python server1.py
  PID     TIME %CPU %MEM CMD
 1435 00:04:48 15.6  3.8 python server1.py
  PID     TIME %CPU %MEM CMD
 1435 00:04:48 15.5  3.8 python server1.py
  PID     TIME %CPU %MEM CMD
 1435 00:04:48 15.5  3.8 python server1.py
  PID     TIME %CPU %MEM CMD
 1435 00:04:48 15.5  3.8 python server1.py
  PID     TIME %CPU %MEM CMD
 1435 00:04:48 15.4  3.8 python server1.py
  PID     TIME %CPU %MEM CMD
 1435 00:04:48 15.4  3.8 python server1.py
  PID     TIME %CPU %MEM CMD
 1435 00:04:48 15.3  3.8 python server1.py
  PID     TIME %CPU %MEM CMD
 1435 00:04:48 15.3  3.8 python server1.py
  PID     TIME %CPU %MEM CMD
 1435 00:04:48 15.2  3.8 python server1.py
  PID     TIME %CPU %MEM CMD
 1435 00:04:48 15.2  3.8 python server1.py
  PID     TIME %CPU %MEM CMD
 1435 00:04:48 15.2  3.8 python server1.py
  PID     TIME %CPU %MEM CMD
 1435 00:04:48 15.1  3.8 python server1.py
  PID     TIME %CPU %MEM CMD
 1435 00:04:48 15.1  3.8 python server1.py
  PID     TIME %CPU %MEM CMD
 1435 00:04:48 15.0  3.8 python server1.py
  PID     TIME %CPU %MEM CMD
 1435 00:04:48 15.0  3.8 python server1.py
  PID     TIME %CPU %MEM CMD
 1435 00:04:48 15.0  3.8 python server1.py
  PID     TIME %CPU %MEM CMD
 1435 00:04:48 14.9  3.8 python server1.py
  PID     TIME %CPU %MEM CMD
 1435 00:04:48 14.9  3.8 python server1.py
  PID     TIME %CPU %MEM CMD
 1435 00:04:48 14.8  3.8 python server1.py
  PID     TIME %CPU %MEM CMD
 1435 00:04:48 14.8  3.8 python server1.py
  PID     TIME %CPU %MEM CMD
 1435 00:04:48 14.8  3.8 python server1.py
  PID     TIME %CPU %MEM CMD
 1435 00:04:48 14.7  3.8 python server1.py
  PID     TIME %CPU %MEM CMD
 1435 00:04:48 14.7  3.8 python server1.py
  PID     TIME %CPU %MEM CMD
 1435 00:04:48 14.7  3.8 python server1.py
  PID     TIME %CPU %MEM CMD
 1435 00:04:48 14.6  3.8 python server1.py
  PID     TIME %CPU %MEM CMD
 1435 00:04:48 14.6  3.8 python server1.py
  PID     TIME %CPU %MEM CMD
 1435 00:04:48 14.5  3.8 python server1.py
  PID     TIME %CPU %MEM CMD
 1435 00:04:48 14.5  3.8 python server1.py
  PID     TIME %CPU %MEM CMD
 1435 00:04:48 14.5  3.8 python server1.py
  PID     TIME %CPU %MEM CMD
 1435 00:04:48 14.4  3.8 python server1.py
  PID     TIME %CPU %MEM CMD
 1435 00:04:48 14.4  3.8 python server1.py
  PID     TIME %CPU %MEM CMD
 1435 00:04:48 14.4  3.8 python server1.py
  PID     TIME %CPU %MEM CMD
 1435 00:04:48 14.3  3.8 python server1.py
  PID     TIME %CPU %MEM CMD
 1435 00:04:48 14.3  3.8 python server1.py
  PID     TIME %CPU %MEM CMD
 1435 00:04:48 14.2  3.8 python server1.py
  PID     TIME %CPU %MEM CMD
 1435 00:04:48 14.2  3.8 python server1.py
  PID     TIME %CPU %MEM CMD
 1435 00:04:48 14.2  3.8 python server1.py
  PID     TIME %CPU %MEM CMD
 1435 00:04:48 14.1  3.8 python server1.py
  PID     TIME %CPU %MEM CMD
 1435 00:04:48 14.1  3.8 python server1.py
  PID     TIME %CPU %MEM CMD
 1435 00:04:48 14.1  3.8 python server1.py
  PID     TIME %CPU %MEM CMD
 1435 00:04:48 14.0  3.8 python server1.py
  PID     TIME %CPU %MEM CMD
 1435 00:04:48 14.0  3.8 python server1.py
  PID     TIME %CPU %MEM CMD
 1435 00:04:48 14.0  3.8 python server1.py
  PID     TIME %CPU %MEM CMD
 1435 00:04:48 13.9  3.8 python server1.py
  PID     TIME %CPU %MEM CMD
 1435 00:04:48 13.9  3.8 python server1.py
  PID     TIME %CPU %MEM CMD
 1435 00:04:48 13.9  3.8 python server1.py
  PID     TIME %CPU %MEM CMD
 1435 00:04:48 13.8  3.8 python server1.py
  PID     TIME %CPU %MEM CMD
 1435 00:04:48 13.8  3.8 python server1.py
  PID     TIME %CPU %MEM CMD
 1435 00:04:48 13.8  3.8 python server1.py
  PID     TIME %CPU %MEM CMD
 1435 00:04:48 13.7  3.8 python server1.py
  PID     TIME %CPU %MEM CMD
 1435 00:04:48 13.7  3.8 python server1.py
  PID     TIME %CPU %MEM CMD
 1435 00:04:48 13.7  3.8 python server1.py
  PID     TIME %CPU %MEM CMD
 1435 00:04:48 13.6  3.8 python server1.py
  PID     TIME %CPU %MEM CMD
 1435 00:04:48 13.6  3.8 python server1.py
  PID     TIME %CPU %MEM CMD
 1435 00:04:48 13.6  3.8 python server1.py
  PID     TIME %CPU %MEM CMD
 1435 00:04:48 13.5  3.8 python server1.py
  PID     TIME %CPU %MEM CMD
 1435 00:04:48 13.5  3.8 python server1.py
  PID     TIME %CPU %MEM CMD
 1435 00:04:48 13.5  3.8 python server1.py
  PID     TIME %CPU %MEM CMD
 1435 00:04:48 13.4  3.8 python server1.py
  PID     TIME %CPU %MEM CMD
 1435 00:04:48 13.4  3.8 python server1.py
  PID     TIME %CPU %MEM CMD
 1435 00:04:48 13.4  3.8 python server1.py
  PID     TIME %CPU %MEM CMD
 1435 00:04:48 13.3  3.8 python server1.py
  PID     TIME %CPU %MEM CMD
 1435 00:04:48 13.3  3.8 python server1.py
  PID     TIME %CPU %MEM CMD
 1435 00:04:48 13.3  3.8 python server1.py
  PID     TIME %CPU %MEM CMD
 1435 00:04:48 13.3  3.8 python server1.py
  PID     TIME %CPU %MEM CMD
 1435 00:04:48 13.2  3.8 python server1.py
  PID     TIME %CPU %MEM CMD
 1435 00:04:48 13.2  3.8 python server1.py
  PID     TIME %CPU %MEM CMD
 1435 00:04:48 13.2  3.8 python server1.py
  PID     TIME %CPU %MEM CMD
 1435 00:04:48 13.1  3.8 python server1.py
  PID     TIME %CPU %MEM CMD
 1435 00:04:48 13.1  3.8 python server1.py
  PID     TIME %CPU %MEM CMD
 1435 00:04:48 13.1  3.8 python server1.py
  PID     TIME %CPU %MEM CMD
 1435 00:04:48 13.0  3.8 python server1.py
  PID     TIME %CPU %MEM CMD
 1435 00:04:48 13.0  3.8 python server1.py
  PID     TIME %CPU %MEM CMD
 1435 00:04:48 13.0  3.8 python server1.py
  PID     TIME %CPU %MEM CMD
 1435 00:04:48 13.0  3.8 python server1.py
  PID     TIME %CPU %MEM CMD
 1435 00:04:48 12.9  3.8 python server1.py
  PID     TIME %CPU %MEM CMD
 1435 00:04:48 12.9  3.8 python server1.py
  PID     TIME %CPU %MEM CMD
 1435 00:04:48 12.9  3.8 python server1.py
  PID     TIME %CPU %MEM CMD
 1435 00:04:48 12.8  3.8 python server1.py
  PID     TIME %CPU %MEM CMD
 1435 00:04:48 12.8  3.8 python server1.py
  PID     TIME %CPU %MEM CMD
 1435 00:04:48 12.8  3.8 python server1.py
  PID     TIME %CPU %MEM CMD
 1435 00:04:48 12.8  3.8 python server1.py
  PID     TIME %CPU %MEM CMD
 1435 00:04:48 12.7  3.8 python server1.py
  PID     TIME %CPU %MEM CMD
 1435 00:04:48 12.7  3.8 python server1.py
  PID     TIME %CPU %MEM CMD
 1435 00:04:48 12.7  3.8 python server1.py
  PID     TIME %CPU %MEM CMD
 1435 00:04:48 12.6  3.8 python server1.py
  PID     TIME %CPU %MEM CMD
 1435 00:04:48 12.6  3.8 python server1.py
  PID     TIME %CPU %MEM CMD
 1435 00:04:48 12.6  3.8 python server1.py
  PID     TIME %CPU %MEM CMD
 1435 00:04:48 12.6  3.8 python server1.py
  PID     TIME %CPU %MEM CMD
 1435 00:04:48 12.5  3.8 python server1.py
  PID     TIME %CPU %MEM CMD
 1435 00:04:48 12.5  3.8 python server1.py
  PID     TIME %CPU %MEM CMD
 1435 00:04:48 12.5  3.8 python server1.py
  PID     TIME %CPU %MEM CMD
 1435 00:04:48 12.4  3.8 python server1.py
  PID     TIME %CPU %MEM CMD
 1435 00:04:48 12.4  3.8 python server1.py
  PID     TIME %CPU %MEM CMD
 1435 00:04:48 12.4  3.8 python server1.py
  PID     TIME %CPU %MEM CMD
 1435 00:04:48 12.4  3.8 python server1.py
  PID     TIME %CPU %MEM CMD
 1435 00:04:48 12.3  3.8 python server1.py
  PID     TIME %CPU %MEM CMD
 1435 00:04:48 12.3  3.8 python server1.py
  PID     TIME %CPU %MEM CMD
 6244 00:00:00  0.0  0.8 python server1.py
  PID     TIME %CPU %MEM CMD
 6244 00:00:08  138  2.5 python server1.py
  PID     TIME %CPU %MEM CMD
 6244 00:00:09 86.1  2.9 python server1.py
  PID     TIME %CPU %MEM CMD
 6244 00:00:09 59.2  2.9 python server1.py
  PID     TIME %CPU %MEM CMD
 6244 00:00:09 45.1  2.9 python server1.py
  PID     TIME %CPU %MEM CMD
 6244 00:00:09 36.4  2.9 python server1.py
  PID     TIME %CPU %MEM CMD
 6244 00:00:09 30.5  2.9 python server1.py
  PID     TIME %CPU %MEM CMD
 6244 00:00:09 26.3  2.9 python server1.py
  PID     TIME %CPU %MEM CMD
 6244 00:00:09 23.1  2.9 python server1.py
  PID     TIME %CPU %MEM CMD
 6244 00:00:16 35.9  8.5 python server1.py
  PID     TIME %CPU %MEM CMD
 6244 00:00:32 63.5  8.5 python server1.py
  PID     TIME %CPU %MEM CMD
 6244 00:00:48 86.3  8.5 python server1.py
  PID     TIME %CPU %MEM CMD
 6244 00:01:04  103  8.5 python server1.py
  PID     TIME %CPU %MEM CMD
 6244 00:01:20  119  8.5 python server1.py
  PID     TIME %CPU %MEM CMD
 6244 00:01:35  132  8.5 python server1.py
  PID     TIME %CPU %MEM CMD
 6244 00:01:51  145  8.5 python server1.py
  PID     TIME %CPU %MEM CMD
 6244 00:02:02  149  6.3 python server1.py
  PID     TIME %CPU %MEM CMD
 6244 00:02:02  140  6.3 python server1.py
  PID     TIME %CPU %MEM CMD
 6244 00:02:02  133  3.6 python server1.py
  PID     TIME %CPU %MEM CMD
 6244 00:02:02  126  3.6 python server1.py
  PID     TIME %CPU %MEM CMD
 6244 00:02:02  120  3.6 python server1.py
  PID     TIME %CPU %MEM CMD
 6244 00:02:02  114  3.6 python server1.py
  PID     TIME %CPU %MEM CMD
 6244 00:02:02  109  3.6 python server1.py
  PID     TIME %CPU %MEM CMD
 6244 00:02:02  104  3.6 python server1.py
  PID     TIME %CPU %MEM CMD
 6244 00:02:02  100  3.6 python server1.py
  PID     TIME %CPU %MEM CMD
 6244 00:02:02 96.6  3.6 python server1.py
  PID     TIME %CPU %MEM CMD
 6244 00:02:02 92.9  3.6 python server1.py
  PID     TIME %CPU %MEM CMD
 6244 00:02:02 89.5  3.6 python server1.py
  PID     TIME %CPU %MEM CMD
 6244 00:02:02 86.4  3.6 python server1.py
  PID     TIME %CPU %MEM CMD
 6244 00:02:02 83.4  3.6 python server1.py
  PID     TIME %CPU %MEM CMD
 6244 00:02:02 80.7  3.6 python server1.py
  PID     TIME %CPU %MEM CMD
 6244 00:02:02 78.1  3.6 python server1.py
  PID     TIME %CPU %MEM CMD
 6244 00:02:02 75.7  3.6 python server1.py
  PID     TIME %CPU %MEM CMD
 6244 00:02:02 73.4  3.6 python server1.py
  PID     TIME %CPU %MEM CMD
 6244 00:02:02 71.3  3.6 python server1.py
  PID     TIME %CPU %MEM CMD
 6244 00:02:02 69.3  3.6 python server1.py
  PID     TIME %CPU %MEM CMD
 6244 00:02:02 67.4  3.6 python server1.py
  PID     TIME %CPU %MEM CMD
 6244 00:02:02 65.6  3.6 python server1.py
  PID     TIME %CPU %MEM CMD
 6244 00:02:02 63.9  3.6 python server1.py
  PID     TIME %CPU %MEM CMD
 6244 00:02:02 62.2  3.6 python server1.py
  PID     TIME %CPU %MEM CMD
 6244 00:02:02 60.7  3.6 python server1.py
  PID     TIME %CPU %MEM CMD
 6244 00:02:02 59.2  3.6 python server1.py
  PID     TIME %CPU %MEM CMD
 6244 00:02:02 57.6  3.6 python server1.py
  PID     TIME %CPU %MEM CMD
 6244 00:02:02 56.2  3.6 python server1.py
  PID     TIME %CPU %MEM CMD
 6244 00:02:02 55.0  3.6 python server1.py
  PID     TIME %CPU %MEM CMD
 6244 00:02:02 53.8  3.6 python server1.py
  PID     TIME %CPU %MEM CMD
 6244 00:02:02 52.6  3.6 python server1.py
  PID     TIME %CPU %MEM CMD
 6244 00:02:02 51.5  3.6 python server1.py
  PID     TIME %CPU %MEM CMD
 6244 00:02:02 50.4  3.6 python server1.py
  PID     TIME %CPU %MEM CMD
 6244 00:02:02 49.4  3.6 python server1.py
  PID     TIME %CPU %MEM CMD
 6244 00:02:02 48.5  3.6 python server1.py
  PID     TIME %CPU %MEM CMD
 6244 00:02:02 47.5  3.6 python server1.py
  PID     TIME %CPU %MEM CMD
 6244 00:02:02 46.6  3.6 python server1.py
  PID     TIME %CPU %MEM CMD
 6244 00:02:02 45.7  3.6 python server1.py
  PID     TIME %CPU %MEM CMD
 6244 00:02:02 44.9  3.6 python server1.py
  PID     TIME %CPU %MEM CMD
 6244 00:02:02 44.1  3.6 python server1.py
  PID     TIME %CPU %MEM CMD
 6244 00:02:02 43.3  3.6 python server1.py
  PID     TIME %CPU %MEM CMD
 6244 00:02:02 42.6  3.6 python server1.py
  PID     TIME %CPU %MEM CMD
 6244 00:02:02 41.8  3.6 python server1.py
  PID     TIME %CPU %MEM CMD
 6244 00:02:02 41.1  3.6 python server1.py
  PID     TIME %CPU %MEM CMD
 6244 00:02:02 40.5  3.6 python server1.py
  PID     TIME %CPU %MEM CMD
 6244 00:02:02 39.8  3.6 python server1.py
  PID     TIME %CPU %MEM CMD
 6244 00:02:02 39.2  3.6 python server1.py
  PID     TIME %CPU %MEM CMD
 6244 00:02:02 38.5  3.6 python server1.py
  PID     TIME %CPU %MEM CMD
 6244 00:02:02 37.9  3.6 python server1.py
  PID     TIME %CPU %MEM CMD
 6244 00:02:02 37.4  3.6 python server1.py
  PID     TIME %CPU %MEM CMD
 6244 00:02:02 36.8  3.6 python server1.py
  PID     TIME %CPU %MEM CMD
 6244 00:02:02 36.3  3.6 python server1.py
  PID     TIME %CPU %MEM CMD
 6244 00:02:02 35.7  3.6 python server1.py
  PID     TIME %CPU %MEM CMD
 6244 00:02:02 35.2  3.6 python server1.py
  PID     TIME %CPU %MEM CMD
 6244 00:02:02 34.7  3.6 python server1.py
  PID     TIME %CPU %MEM CMD
 6244 00:02:02 34.2  3.6 python server1.py
  PID     TIME %CPU %MEM CMD
 6244 00:02:02 33.8  3.6 python server1.py
  PID     TIME %CPU %MEM CMD
 6244 00:02:02 33.2  3.6 python server1.py
  PID     TIME %CPU %MEM CMD
 6244 00:02:02 32.8  3.6 python server1.py
  PID     TIME %CPU %MEM CMD
 6244 00:02:02 32.3  3.6 python server1.py
  PID     TIME %CPU %MEM CMD
 6244 00:02:02 31.9  3.6 python server1.py
  PID     TIME %CPU %MEM CMD
 6244 00:02:02 31.5  3.6 python server1.py
  PID     TIME %CPU %MEM CMD
 6244 00:02:02 31.1  3.6 python server1.py
  PID     TIME %CPU %MEM CMD
 6244 00:02:02 30.7  3.6 python server1.py
  PID     TIME %CPU %MEM CMD
 6244 00:02:02 30.3  3.6 python server1.py
  PID     TIME %CPU %MEM CMD
 6244 00:02:02 30.0  3.6 python server1.py
  PID     TIME %CPU %MEM CMD
 6244 00:02:02 29.6  3.6 python server1.py
  PID     TIME %CPU %MEM CMD
 6244 00:02:02 29.2  3.6 python server1.py
  PID     TIME %CPU %MEM CMD
 6244 00:02:02 28.9  3.6 python server1.py
  PID     TIME %CPU %MEM CMD
 6244 00:02:02 28.6  3.6 python server1.py
  PID     TIME %CPU %MEM CMD
 6244 00:02:02 28.2  3.6 python server1.py
  PID     TIME %CPU %MEM CMD
 6244 00:02:02 27.9  3.6 python server1.py
  PID     TIME %CPU %MEM CMD
 6244 00:02:02 27.6  3.6 python server1.py
  PID     TIME %CPU %MEM CMD
 6244 00:02:02 27.3  3.6 python server1.py
  PID     TIME %CPU %MEM CMD
 6244 00:02:02 27.0  3.6 python server1.py
  PID     TIME %CPU %MEM CMD
 6244 00:02:02 26.7  3.6 python server1.py
  PID     TIME %CPU %MEM CMD
 6244 00:02:02 26.4  3.6 python server1.py
  PID     TIME %CPU %MEM CMD
 6244 00:02:02 26.1  3.6 python server1.py
  PID     TIME %CPU %MEM CMD
 6244 00:02:02 25.8  3.6 python server1.py
  PID     TIME %CPU %MEM CMD
 6244 00:02:02 25.6  3.6 python server1.py
  PID     TIME %CPU %MEM CMD
 6244 00:02:02 25.3  3.6 python server1.py
  PID     TIME %CPU %MEM CMD
 6244 00:02:02 25.1  3.6 python server1.py
  PID     TIME %CPU %MEM CMD
 6244 00:02:02 24.8  3.6 python server1.py
  PID     TIME %CPU %MEM CMD
 6244 00:02:02 24.5  3.6 python server1.py
  PID     TIME %CPU %MEM CMD
 6244 00:02:02 24.3  3.6 python server1.py
  PID     TIME %CPU %MEM CMD
 6244 00:02:02 24.0  3.6 python server1.py
  PID     TIME %CPU %MEM CMD
 6244 00:02:02 23.8  3.6 python server1.py
  PID     TIME %CPU %MEM CMD
 6244 00:02:02 23.6  3.6 python server1.py
  PID     TIME %CPU %MEM CMD
 6244 00:02:02 23.3  3.6 python server1.py
  PID     TIME %CPU %MEM CMD
 6244 00:02:02 23.1  3.6 python server1.py
  PID     TIME %CPU %MEM CMD
 6244 00:02:02 22.9  3.6 python server1.py
  PID     TIME %CPU %MEM CMD
 6244 00:02:02 22.7  3.6 python server1.py
  PID     TIME %CPU %MEM CMD
 6244 00:02:02 22.5  3.6 python server1.py
  PID     TIME %CPU %MEM CMD
 6244 00:02:02 22.3  3.6 python server1.py
  PID     TIME %CPU %MEM CMD
 6244 00:02:02 22.1  3.6 python server1.py
  PID     TIME %CPU %MEM CMD
 6244 00:02:02 21.9  3.6 python server1.py
  PID     TIME %CPU %MEM CMD
 6244 00:02:02 21.7  3.6 python server1.py
  PID     TIME %CPU %MEM CMD
 6244 00:02:02 21.5  3.6 python server1.py
  PID     TIME %CPU %MEM CMD
 6244 00:02:02 21.3  3.6 python server1.py
  PID     TIME %CPU %MEM CMD
 6244 00:02:02 21.1  3.6 python server1.py
  PID     TIME %CPU %MEM CMD
 6244 00:02:02 20.9  3.6 python server1.py
  PID     TIME %CPU %MEM CMD
 6244 00:02:02 20.8  3.6 python server1.py
  PID     TIME %CPU %MEM CMD
 6244 00:02:02 20.6  3.6 python server1.py
  PID     TIME %CPU %MEM CMD
 6244 00:02:02 20.4  3.6 python server1.py
  PID     TIME %CPU %MEM CMD
 6244 00:02:02 20.2  3.6 python server1.py
  PID     TIME %CPU %MEM CMD
 6244 00:02:02 20.1  3.6 python server1.py
  PID     TIME %CPU %MEM CMD
 6244 00:02:02 19.9  3.6 python server1.py
  PID     TIME %CPU %MEM CMD
 6244 00:02:02 19.7  3.6 python server1.py
  PID     TIME %CPU %MEM CMD
 6244 00:02:02 19.6  3.6 python server1.py
  PID     TIME %CPU %MEM CMD
 6244 00:02:02 19.4  3.6 python server1.py
  PID     TIME %CPU %MEM CMD
 6244 00:02:02 19.3  3.6 python server1.py
  PID     TIME %CPU %MEM CMD
 6244 00:02:02 19.1  3.6 python server1.py
  PID     TIME %CPU %MEM CMD
 6244 00:02:02 19.0  3.6 python server1.py
  PID     TIME %CPU %MEM CMD
 6244 00:02:02 18.8  3.6 python server1.py
  PID     TIME %CPU %MEM CMD
 6244 00:02:02 18.7  3.6 python server1.py
  PID     TIME %CPU %MEM CMD
 6244 00:02:02 18.5  3.6 python server1.py
  PID     TIME %CPU %MEM CMD
 6244 00:02:02 18.4  3.6 python server1.py
  PID     TIME %CPU %MEM CMD
 6244 00:02:02 18.2  3.6 python server1.py
  PID     TIME %CPU %MEM CMD
 6244 00:02:02 18.1  3.6 python server1.py
  PID     TIME %CPU %MEM CMD
 6244 00:02:02 18.0  3.6 python server1.py
  PID     TIME %CPU %MEM CMD
 6244 00:02:02 17.9  3.6 python server1.py
  PID     TIME %CPU %MEM CMD
 6244 00:02:02 17.7  3.6 python server1.py
  PID     TIME %CPU %MEM CMD
 6244 00:02:02 17.6  3.6 python server1.py
  PID     TIME %CPU %MEM CMD
 6244 00:02:02 17.5  3.6 python server1.py
  PID     TIME %CPU %MEM CMD
 6244 00:02:02 17.3  3.6 python server1.py
  PID     TIME %CPU %MEM CMD
 6244 00:02:02 17.2  3.6 python server1.py
  PID     TIME %CPU %MEM CMD
 6244 00:02:02 17.1  3.6 python server1.py
  PID     TIME %CPU %MEM CMD
 6244 00:02:02 17.0  3.6 python server1.py
  PID     TIME %CPU %MEM CMD
 6244 00:02:02 16.9  3.6 python server1.py
  PID     TIME %CPU %MEM CMD
 6244 00:02:02 16.7  3.6 python server1.py
  PID     TIME %CPU %MEM CMD
 6244 00:02:02 16.6  3.6 python server1.py
  PID     TIME %CPU %MEM CMD
 6244 00:02:02 16.5  3.6 python server1.py
  PID     TIME %CPU %MEM CMD
 6244 00:02:02 16.4  3.6 python server1.py
  PID     TIME %CPU %MEM CMD
 6244 00:02:02 16.3  3.6 python server1.py
  PID     TIME %CPU %MEM CMD
 6244 00:02:02 16.2  3.6 python server1.py
  PID     TIME %CPU %MEM CMD
 6244 00:02:02 16.1  3.6 python server1.py
  PID     TIME %CPU %MEM CMD
 6244 00:02:02 16.0  3.6 python server1.py
  PID     TIME %CPU %MEM CMD
 6244 00:02:02 15.9  3.6 python server1.py
  PID     TIME %CPU %MEM CMD
 6244 00:02:02 15.8  3.6 python server1.py
  PID     TIME %CPU %MEM CMD
 6244 00:02:02 15.7  3.6 python server1.py
  PID     TIME %CPU %MEM CMD
 6244 00:02:02 15.6  3.6 python server1.py
  PID     TIME %CPU %MEM CMD
 6244 00:02:02 15.5  3.6 python server1.py
  PID     TIME %CPU %MEM CMD
 6244 00:02:02 15.4  3.6 python server1.py
  PID     TIME %CPU %MEM CMD
 6244 00:02:02 15.3  3.6 python server1.py
  PID     TIME %CPU %MEM CMD
 7704 00:00:05  136  2.1 python server1.py
