[?1h=[?25l[H[2J(B[mtop - 15:42:46 up  3:17,  1 user,  load average: 2.75, 2.68, 1.87(B[m[39;49m(B[m[39;49m[K
Tasks:(B[m[39;49m[1m   1 (B[m[39;49mtotal,(B[m[39;49m[1m   0 (B[m[39;49mrunning,(B[m[39;49m[1m   1 (B[m[39;49msleeping,(B[m[39;49m[1m   0 (B[m[39;49mstopped,(B[m[39;49m[1m   0 (B[m[39;49mzombie(B[m[39;49m(B[m[39;49m[K
%Cpu(s):(B[m[39;49m[1m 13.5 (B[m[39;49mus,(B[m[39;49m[1m  3.6 (B[m[39;49msy,(B[m[39;49m[1m  0.3 (B[m[39;49mni,(B[m[39;49m[1m 81.1 (B[m[39;49mid,(B[m[39;49m[1m  1.1 (B[m[39;49mwa,(B[m[39;49m[1m  0.0 (B[m[39;49mhi,(B[m[39;49m[1m  0.4 (B[m[39;49msi,(B[m[39;49m[1m  0.0 (B[m[39;49mst(B[m[39;49m(B[m[39;49m[K
KiB Mem :(B[m[39;49m[1m 12185136 (B[m[39;49mtotal,(B[m[39;49m[1m  7604124 (B[m[39;49mfree,(B[m[39;49m[1m  2191784 (B[m[39;49mused,(B[m[39;49m[1m  2389228 (B[m[39;49mbuff/cache(B[m[39;49m(B[m[39;49m[K
KiB Swap:(B[m[39;49m[1m        0 (B[m[39;49mtotal,(B[m[39;49m[1m        0 (B[m[39;49mfree,(B[m[39;49m[1m        0 (B[m[39;49mused.(B[m[39;49m[1m  9144312 (B[m[39;49mavail Mem (B[m[39;49m(B[m[39;49m[K
[K
[7m  PID USER      PR  NI    VIRT    RES    SHR S  %CPU %MEM     TIME+ COMMAND     (B[m[39;49m[K
(B[m 9864 swetha    20   0   86336  32536   9248 S   0.0  0.3   0:00.17 python      (B[m[39;49m[K
[J[H(B[mtop - 15:42:49 up  3:17,  1 user,  load average: 2.85, 2.70, 1.88(B[m[39;49m(B[m[39;49m[K
Tasks:(B[m[39;49m[1m   1 (B[m[39;49mtotal,(B[m[39;49m[1m   0 (B[m[39;49mrunning,(B[m[39;49m[1m   1 (B[m[39;49msleeping,(B[m[39;49m[1m   0 (B[m[39;49mstopped,(B[m[39;49m[1m   0 (B[m[39;49mzombie(B[m[39;49m(B[m[39;49m[K
%Cpu(s):(B[m[39;49m[1m 23.5 (B[m[39;49mus,(B[m[39;49m[1m  4.8 (B[m[39;49msy,(B[m[39;49m[1m  0.0 (B[m[39;49mni,(B[m[39;49m[1m 71.1 (B[m[39;49mid,(B[m[39;49m[1m  0.1 (B[m[39;49mwa,(B[m[39;49m[1m  0.0 (B[m[39;49mhi,(B[m[39;49m[1m  0.4 (B[m[39;49msi,(B[m[39;49m[1m  0.0 (B[m[39;49mst(B[m[39;49m(B[m[39;49m[K
KiB Mem :(B[m[39;49m[1m 12185136 (B[m[39;49mtotal,(B[m[39;49m[1m  7592568 (B[m[39;49mfree,(B[m[39;49m[1m  2202964 (B[m[39;49mused,(B[m[39;49m[1m  2389604 (B[m[39;49mbuff/cache(B[m[39;49m(B[m[39;49m[K
KiB Swap:(B[m[39;49m[1m        0 (B[m[39;49mtotal,(B[m[39;49m[1m        0 (B[m[39;49mfree,(B[m[39;49m[1m        0 (B[m[39;49mused.(B[m[39;49m[1m  9132800 (B[m[39;49mavail Mem (B[m[39;49m(B[m[39;49m[K
[K


[J[H(B[mtop - 15:42:52 up  3:18,  1 user,  load average: 2.78, 2.69, 1.88(B[m[39;49m(B[m[39;49m[K

%Cpu(s):(B[m[39;49m[1m 31.0 (B[m[39;49mus,(B[m[39;49m[1m  4.9 (B[m[39;49msy,(B[m[39;49m[1m  0.1 (B[m[39;49mni,(B[m[39;49m[1m 62.9 (B[m[39;49mid,(B[m[39;49m[1m  0.9 (B[m[39;49mwa,(B[m[39;49m[1m  0.0 (B[m[39;49mhi,(B[m[39;49m[1m  0.3 (B[m[39;49msi,(B[m[39;49m[1m  0.0 (B[m[39;49mst(B[m[39;49m(B[m[39;49m[K
KiB Mem :(B[m[39;49m[1m 12185136 (B[m[39;49mtotal,(B[m[39;49m[1m  7583168 (B[m[39;49mfree,(B[m[39;49m[1m  2212704 (B[m[39;49mused,(B[m[39;49m[1m  2389264 (B[m[39;49mbuff/cache(B[m[39;49m(B[m[39;49m[K
KiB Swap:(B[m[39;49m[1m        0 (B[m[39;49mtotal,(B[m[39;49m[1m        0 (B[m[39;49mfree,(B[m[39;49m[1m        0 (B[m[39;49mused.(B[m[39;49m[1m  9123432 (B[m[39;49mavail Mem (B[m[39;49m(B[m[39;49m[K
[K


[J[H(B[mtop - 15:42:55 up  3:18,  1 user,  load average: 2.78, 2.69, 1.88(B[m[39;49m(B[m[39;49m[K

%Cpu(s):(B[m[39;49m[1m 28.0 (B[m[39;49mus,(B[m[39;49m[1m  5.4 (B[m[39;49msy,(B[m[39;49m[1m  0.0 (B[m[39;49mni,(B[m[39;49m[1m 65.7 (B[m[39;49mid,(B[m[39;49m[1m  0.3 (B[m[39;49mwa,(B[m[39;49m[1m  0.0 (B[m[39;49mhi,(B[m[39;49m[1m  0.5 (B[m[39;49msi,(B[m[39;49m[1m  0.0 (B[m[39;49mst(B[m[39;49m(B[m[39;49m[K
KiB Mem :(B[m[39;49m[1m 12185136 (B[m[39;49mtotal,(B[m[39;49m[1m  7599400 (B[m[39;49mfree,(B[m[39;49m[1m  2197316 (B[m[39;49mused,(B[m[39;49m[1m  2388420 (B[m[39;49mbuff/cache(B[m[39;49m(B[m[39;49m[K
KiB Swap:(B[m[39;49m[1m        0 (B[m[39;49mtotal,(B[m[39;49m[1m        0 (B[m[39;49mfree,(B[m[39;49m[1m        0 (B[m[39;49mused.(B[m[39;49m[1m  9139684 (B[m[39;49mavail Mem (B[m[39;49m(B[m[39;49m[K
[K


[J[H(B[mtop - 15:42:58 up  3:18,  1 user,  load average: 2.72, 2.68, 1.88(B[m[39;49m(B[m[39;49m[K

%Cpu(s):(B[m[39;49m[1m 22.6 (B[m[39;49mus,(B[m[39;49m[1m  5.4 (B[m[39;49msy,(B[m[39;49m[1m  0.0 (B[m[39;49mni,(B[m[39;49m[1m 71.5 (B[m[39;49mid,(B[m[39;49m[1m  0.3 (B[m[39;49mwa,(B[m[39;49m[1m  0.0 (B[m[39;49mhi,(B[m[39;49m[1m  0.3 (B[m[39;49msi,(B[m[39;49m[1m  0.0 (B[m[39;49mst(B[m[39;49m(B[m[39;49m[K
KiB Mem :(B[m[39;49m[1m 12185136 (B[m[39;49mtotal,(B[m[39;49m[1m  7643160 (B[m[39;49mfree,(B[m[39;49m[1m  2152904 (B[m[39;49mused,(B[m[39;49m[1m  2389072 (B[m[39;49mbuff/cache(B[m[39;49m(B[m[39;49m[K
KiB Swap:(B[m[39;49m[1m        0 (B[m[39;49mtotal,(B[m[39;49m[1m        0 (B[m[39;49mfree,(B[m[39;49m[1m        0 (B[m[39;49mused.(B[m[39;49m[1m  9183460 (B[m[39;49mavail Mem (B[m[39;49m(B[m[39;49m[K
[K


[J[H(B[mtop - 15:43:01 up  3:18,  1 user,  load average: 2.72, 2.68, 1.88(B[m[39;49m(B[m[39;49m[K

%Cpu(s):(B[m[39;49m[1m 28.9 (B[m[39;49mus,(B[m[39;49m[1m  5.1 (B[m[39;49msy,(B[m[39;49m[1m  0.0 (B[m[39;49mni,(B[m[39;49m[1m 61.3 (B[m[39;49mid,(B[m[39;49m[1m  4.1 (B[m[39;49mwa,(B[m[39;49m[1m  0.0 (B[m[39;49mhi,(B[m[39;49m[1m  0.6 (B[m[39;49msi,(B[m[39;49m[1m  0.0 (B[m[39;49mst(B[m[39;49m(B[m[39;49m[K
KiB Mem :(B[m[39;49m[1m 12185136 (B[m[39;49mtotal,(B[m[39;49m[1m  7629472 (B[m[39;49mfree,(B[m[39;49m[1m  2150232 (B[m[39;49mused,(B[m[39;49m[1m  2405432 (B[m[39;49mbuff/cache(B[m[39;49m(B[m[39;49m[K
KiB Swap:(B[m[39;49m[1m        0 (B[m[39;49mtotal,(B[m[39;49m[1m        0 (B[m[39;49mfree,(B[m[39;49m[1m        0 (B[m[39;49mused.(B[m[39;49m[1m  9169840 (B[m[39;49mavail Mem (B[m[39;49m(B[m[39;49m[K
[K


[J[H(B[mtop - 15:43:04 up  3:18,  1 user,  load average: 2.82, 2.70, 1.90(B[m[39;49m(B[m[39;49m[K

%Cpu(s):(B[m[39;49m[1m 32.9 (B[m[39;49mus,(B[m[39;49m[1m  6.6 (B[m[39;49msy,(B[m[39;49m[1m  0.0 (B[m[39;49mni,(B[m[39;49m[1m 56.9 (B[m[39;49mid,(B[m[39;49m[1m  3.1 (B[m[39;49mwa,(B[m[39;49m[1m  0.0 (B[m[39;49mhi,(B[m[39;49m[1m  0.4 (B[m[39;49msi,(B[m[39;49m[1m  0.0 (B[m[39;49mst(B[m[39;49m(B[m[39;49m[K
KiB Mem :(B[m[39;49m[1m 12185136 (B[m[39;49mtotal,(B[m[39;49m[1m  7650204 (B[m[39;49mfree,(B[m[39;49m[1m  2154228 (B[m[39;49mused,(B[m[39;49m[1m  2380704 (B[m[39;49mbuff/cache(B[m[39;49m(B[m[39;49m[K
KiB Swap:(B[m[39;49m[1m        0 (B[m[39;49mtotal,(B[m[39;49m[1m        0 (B[m[39;49mfree,(B[m[39;49m[1m        0 (B[m[39;49mused.(B[m[39;49m[1m  9191364 (B[m[39;49mavail Mem (B[m[39;49m(B[m[39;49m[K
[K


[J[H(B[mtop - 15:43:07 up  3:18,  1 user,  load average: 2.84, 2.70, 1.90(B[m[39;49m(B[m[39;49m[K

%Cpu(s):(B[m[39;49m[1m 27.0 (B[m[39;49mus,(B[m[39;49m[1m  5.5 (B[m[39;49msy,(B[m[39;49m[1m  0.0 (B[m[39;49mni,(B[m[39;49m[1m 66.9 (B[m[39;49mid,(B[m[39;49m[1m  0.3 (B[m[39;49mwa,(B[m[39;49m[1m  0.0 (B[m[39;49mhi,(B[m[39;49m[1m  0.3 (B[m[39;49msi,(B[m[39;49m[1m  0.0 (B[m[39;49mst(B[m[39;49m(B[m[39;49m[K
KiB Mem :(B[m[39;49m[1m 12185136 (B[m[39;49mtotal,(B[m[39;49m[1m  7638932 (B[m[39;49mfree,(B[m[39;49m[1m  2164192 (B[m[39;49mused,(B[m[39;49m[1m  2382012 (B[m[39;49mbuff/cache(B[m[39;49m(B[m[39;49m[K
KiB Swap:(B[m[39;49m[1m        0 (B[m[39;49mtotal,(B[m[39;49m[1m        0 (B[m[39;49mfree,(B[m[39;49m[1m        0 (B[m[39;49mused.(B[m[39;49m[1m  9180172 (B[m[39;49mavail Mem (B[m[39;49m(B[m[39;49m[K
[K


[J[H(B[mtop - 15:43:10 up  3:18,  1 user,  load average: 2.84, 2.70, 1.90(B[m[39;49m(B[m[39;49m[K

%Cpu(s):(B[m[39;49m[1m 23.2 (B[m[39;49mus,(B[m[39;49m[1m  3.8 (B[m[39;49msy,(B[m[39;49m[1m  0.0 (B[m[39;49mni,(B[m[39;49m[1m 72.4 (B[m[39;49mid,(B[m[39;49m[1m  0.1 (B[m[39;49mwa,(B[m[39;49m[1m  0.0 (B[m[39;49mhi,(B[m[39;49m[1m  0.6 (B[m[39;49msi,(B[m[39;49m[1m  0.0 (B[m[39;49mst(B[m[39;49m(B[m[39;49m[K
KiB Mem :(B[m[39;49m[1m 12185136 (B[m[39;49mtotal,(B[m[39;49m[1m  7636576 (B[m[39;49mfree,(B[m[39;49m[1m  2171100 (B[m[39;49mused,(B[m[39;49m[1m  2377460 (B[m[39;49mbuff/cache(B[m[39;49m(B[m[39;49m[K
KiB Swap:(B[m[39;49m[1m        0 (B[m[39;49mtotal,(B[m[39;49m[1m        0 (B[m[39;49mfree,(B[m[39;49m[1m        0 (B[m[39;49mused.(B[m[39;49m[1m  9177824 (B[m[39;49mavail Mem (B[m[39;49m(B[m[39;49m[K
[K


[J[H(B[mtop - 15:43:13 up  3:18,  1 user,  load average: 2.85, 2.71, 1.91(B[m[39;49m(B[m[39;49m[K

%Cpu(s):(B[m[39;49m[1m 22.8 (B[m[39;49mus,(B[m[39;49m[1m  4.2 (B[m[39;49msy,(B[m[39;49m[1m  0.0 (B[m[39;49mni,(B[m[39;49m[1m 72.4 (B[m[39;49mid,(B[m[39;49m[1m  0.3 (B[m[39;49mwa,(B[m[39;49m[1m  0.0 (B[m[39;49mhi,(B[m[39;49m[1m  0.3 (B[m[39;49msi,(B[m[39;49m[1m  0.0 (B[m[39;49mst(B[m[39;49m(B[m[39;49m[K
KiB Mem :(B[m[39;49m[1m 12185136 (B[m[39;49mtotal,(B[m[39;49m[1m  7630128 (B[m[39;49mfree,(B[m[39;49m[1m  2177536 (B[m[39;49mused,(B[m[39;49m[1m  2377472 (B[m[39;49mbuff/cache(B[m[39;49m(B[m[39;49m[K
KiB Swap:(B[m[39;49m[1m        0 (B[m[39;49mtotal,(B[m[39;49m[1m        0 (B[m[39;49mfree,(B[m[39;49m[1m        0 (B[m[39;49mused.(B[m[39;49m[1m  9171388 (B[m[39;49mavail Mem (B[m[39;49m(B[m[39;49m[K
[K


[J[H(B[mtop - 15:43:16 up  3:18,  1 user,  load average: 2.85, 2.71, 1.91(B[m[39;49m(B[m[39;49m[K

%Cpu(s):(B[m[39;49m[1m 21.8 (B[m[39;49mus,(B[m[39;49m[1m  5.3 (B[m[39;49msy,(B[m[39;49m[1m  0.0 (B[m[39;49mni,(B[m[39;49m[1m 71.8 (B[m[39;49mid,(B[m[39;49m[1m  0.7 (B[m[39;49mwa,(B[m[39;49m[1m  0.0 (B[m[39;49mhi,(B[m[39;49m[1m  0.3 (B[m[39;49msi,(B[m[39;49m[1m  0.0 (B[m[39;49mst(B[m[39;49m(B[m[39;49m[K
KiB Mem :(B[m[39;49m[1m 12185136 (B[m[39;49mtotal,(B[m[39;49m[1m  7624052 (B[m[39;49mfree,(B[m[39;49m[1m  2183596 (B[m[39;49mused,(B[m[39;49m[1m  2377488 (B[m[39;49mbuff/cache(B[m[39;49m(B[m[39;49m[K
KiB Swap:(B[m[39;49m[1m        0 (B[m[39;49mtotal,(B[m[39;49m[1m        0 (B[m[39;49mfree,(B[m[39;49m[1m        0 (B[m[39;49mused.(B[m[39;49m[1m  9165320 (B[m[39;49mavail Mem (B[m[39;49m(B[m[39;49m[K
[K


[J[H(B[mtop - 15:43:19 up  3:18,  1 user,  load average: 2.94, 2.73, 1.92(B[m[39;49m(B[m[39;49m[K

%Cpu(s):(B[m[39;49m[1m 25.4 (B[m[39;49mus,(B[m[39;49m[1m  4.9 (B[m[39;49msy,(B[m[39;49m[1m  0.0 (B[m[39;49mni,(B[m[39;49m[1m 69.0 (B[m[39;49mid,(B[m[39;49m[1m  0.3 (B[m[39;49mwa,(B[m[39;49m[1m  0.0 (B[m[39;49mhi,(B[m[39;49m[1m  0.4 (B[m[39;49msi,(B[m[39;49m[1m  0.0 (B[m[39;49mst(B[m[39;49m(B[m[39;49m[K
KiB Mem :(B[m[39;49m[1m 12185136 (B[m[39;49mtotal,(B[m[39;49m[1m  7671544 (B[m[39;49mfree,(B[m[39;49m[1m  2136128 (B[m[39;49mused,(B[m[39;49m[1m  2377464 (B[m[39;49mbuff/cache(B[m[39;49m(B[m[39;49m[K
KiB Swap:(B[m[39;49m[1m        0 (B[m[39;49mtotal,(B[m[39;49m[1m        0 (B[m[39;49mfree,(B[m[39;49m[1m        0 (B[m[39;49mused.(B[m[39;49m[1m  9212824 (B[m[39;49mavail Mem (B[m[39;49m(B[m[39;49m[K
[K


[J[H(B[mtop - 15:43:22 up  3:18,  1 user,  load average: 2.87, 2.72, 1.92(B[m[39;49m(B[m[39;49m[K

%Cpu(s):(B[m[39;49m[1m 22.9 (B[m[39;49mus,(B[m[39;49m[1m  4.1 (B[m[39;49msy,(B[m[39;49m[1m  0.0 (B[m[39;49mni,(B[m[39;49m[1m 72.0 (B[m[39;49mid,(B[m[39;49m[1m  0.3 (B[m[39;49mwa,(B[m[39;49m[1m  0.0 (B[m[39;49mhi,(B[m[39;49m[1m  0.7 (B[m[39;49msi,(B[m[39;49m[1m  0.0 (B[m[39;49mst(B[m[39;49m(B[m[39;49m[K
KiB Mem :(B[m[39;49m[1m 12185136 (B[m[39;49mtotal,(B[m[39;49m[1m  7661376 (B[m[39;49mfree,(B[m[39;49m[1m  2144440 (B[m[39;49mused,(B[m[39;49m[1m  2379320 (B[m[39;49mbuff/cache(B[m[39;49m(B[m[39;49m[K
KiB Swap:(B[m[39;49m[1m        0 (B[m[39;49mtotal,(B[m[39;49m[1m        0 (B[m[39;49mfree,(B[m[39;49m[1m        0 (B[m[39;49mused.(B[m[39;49m[1m  9202868 (B[m[39;49mavail Mem (B[m[39;49m(B[m[39;49m[K
[K


[J[H(B[mtop - 15:43:25 up  3:18,  1 user,  load average: 2.87, 2.72, 1.92(B[m[39;49m(B[m[39;49m[K

%Cpu(s):(B[m[39;49m[1m 25.9 (B[m[39;49mus,(B[m[39;49m[1m  4.4 (B[m[39;49msy,(B[m[39;49m[1m  0.0 (B[m[39;49mni,(B[m[39;49m[1m 68.8 (B[m[39;49mid,(B[m[39;49m[1m  0.5 (B[m[39;49mwa,(B[m[39;49m[1m  0.0 (B[m[39;49mhi,(B[m[39;49m[1m  0.4 (B[m[39;49msi,(B[m[39;49m[1m  0.0 (B[m[39;49mst(B[m[39;49m(B[m[39;49m[K
KiB Mem :(B[m[39;49m[1m 12185136 (B[m[39;49mtotal,(B[m[39;49m[1m  7643304 (B[m[39;49mfree,(B[m[39;49m[1m  2162516 (B[m[39;49mused,(B[m[39;49m[1m  2379316 (B[m[39;49mbuff/cache(B[m[39;49m(B[m[39;49m[K
KiB Swap:(B[m[39;49m[1m        0 (B[m[39;49mtotal,(B[m[39;49m[1m        0 (B[m[39;49mfree,(B[m[39;49m[1m        0 (B[m[39;49mused.(B[m[39;49m[1m  9184804 (B[m[39;49mavail Mem (B[m[39;49m(B[m[39;49m[K
[K


[J[H(B[mtop - 15:43:28 up  3:18,  1 user,  load average: 2.88, 2.72, 1.93(B[m[39;49m(B[m[39;49m[K

%Cpu(s):(B[m[39;49m[1m 23.8 (B[m[39;49mus,(B[m[39;49m[1m  4.9 (B[m[39;49msy,(B[m[39;49m[1m  0.0 (B[m[39;49mni,(B[m[39;49m[1m 70.8 (B[m[39;49mid,(B[m[39;49m[1m  0.3 (B[m[39;49mwa,(B[m[39;49m[1m  0.0 (B[m[39;49mhi,(B[m[39;49m[1m  0.3 (B[m[39;49msi,(B[m[39;49m[1m  0.0 (B[m[39;49mst(B[m[39;49m(B[m[39;49m[K
KiB Mem :(B[m[39;49m[1m 12185136 (B[m[39;49mtotal,(B[m[39;49m[1m  7645288 (B[m[39;49mfree,(B[m[39;49m[1m  2160964 (B[m[39;49mused,(B[m[39;49m[1m  2378884 (B[m[39;49mbuff/cache(B[m[39;49m(B[m[39;49m[K
KiB Swap:(B[m[39;49m[1m        0 (B[m[39;49mtotal,(B[m[39;49m[1m        0 (B[m[39;49mfree,(B[m[39;49m[1m        0 (B[m[39;49mused.(B[m[39;49m[1m  9186800 (B[m[39;49mavail Mem (B[m[39;49m(B[m[39;49m[K
[K


[J[H(B[mtop - 15:43:31 up  3:18,  1 user,  load average: 2.88, 2.72, 1.93(B[m[39;49m(B[m[39;49m[K

%Cpu(s):(B[m[39;49m[1m 22.3 (B[m[39;49mus,(B[m[39;49m[1m  4.5 (B[m[39;49msy,(B[m[39;49m[1m  0.0 (B[m[39;49mni,(B[m[39;49m[1m 72.4 (B[m[39;49mid,(B[m[39;49m[1m  0.3 (B[m[39;49mwa,(B[m[39;49m[1m  0.0 (B[m[39;49mhi,(B[m[39;49m[1m  0.4 (B[m[39;49msi,(B[m[39;49m[1m  0.0 (B[m[39;49mst(B[m[39;49m(B[m[39;49m[K
KiB Mem :(B[m[39;49m[1m 12185136 (B[m[39;49mtotal,(B[m[39;49m[1m  7633616 (B[m[39;49mfree,(B[m[39;49m[1m  2172612 (B[m[39;49mused,(B[m[39;49m[1m  2378908 (B[m[39;49mbuff/cache(B[m[39;49m(B[m[39;49m[K
KiB Swap:(B[m[39;49m[1m        0 (B[m[39;49mtotal,(B[m[39;49m[1m        0 (B[m[39;49mfree,(B[m[39;49m[1m        0 (B[m[39;49mused.(B[m[39;49m[1m  9175152 (B[m[39;49mavail Mem (B[m[39;49m(B[m[39;49m[K
[K


[J[H(B[mtop - 15:43:34 up  3:18,  1 user,  load average: 2.81, 2.71, 1.93(B[m[39;49m(B[m[39;49m[K

%Cpu(s):(B[m[39;49m[1m 21.4 (B[m[39;49mus,(B[m[39;49m[1m  4.6 (B[m[39;49msy,(B[m[39;49m[1m  0.1 (B[m[39;49mni,(B[m[39;49m[1m 73.3 (B[m[39;49mid,(B[m[39;49m[1m  0.2 (B[m[39;49mwa,(B[m[39;49m[1m  0.0 (B[m[39;49mhi,(B[m[39;49m[1m  0.3 (B[m[39;49msi,(B[m[39;49m[1m  0.0 (B[m[39;49mst(B[m[39;49m(B[m[39;49m[K
KiB Mem :(B[m[39;49m[1m 12185136 (B[m[39;49mtotal,(B[m[39;49m[1m  7622688 (B[m[39;49mfree,(B[m[39;49m[1m  2183552 (B[m[39;49mused,(B[m[39;49m[1m  2378896 (B[m[39;49mbuff/cache(B[m[39;49m(B[m[39;49m[K
KiB Swap:(B[m[39;49m[1m        0 (B[m[39;49mtotal,(B[m[39;49m[1m        0 (B[m[39;49mfree,(B[m[39;49m[1m        0 (B[m[39;49mused.(B[m[39;49m[1m  9164260 (B[m[39;49mavail Mem (B[m[39;49m(B[m[39;49m[K
[K


[J[H(B[mtop - 15:43:37 up  3:18,  1 user,  load average: 2.82, 2.72, 1.93(B[m[39;49m(B[m[39;49m[K

%Cpu(s):(B[m[39;49m[1m 22.6 (B[m[39;49mus,(B[m[39;49m[1m  4.5 (B[m[39;49msy,(B[m[39;49m[1m  0.0 (B[m[39;49mni,(B[m[39;49m[1m 72.6 (B[m[39;49mid,(B[m[39;49m[1m  0.3 (B[m[39;49mwa,(B[m[39;49m[1m  0.0 (B[m[39;49mhi,(B[m[39;49m[1m  0.1 (B[m[39;49msi,(B[m[39;49m[1m  0.0 (B[m[39;49mst(B[m[39;49m(B[m[39;49m[K
KiB Mem :(B[m[39;49m[1m 12185136 (B[m[39;49mtotal,(B[m[39;49m[1m  7614844 (B[m[39;49mfree,(B[m[39;49m[1m  2191392 (B[m[39;49mused,(B[m[39;49m[1m  2378900 (B[m[39;49mbuff/cache(B[m[39;49m(B[m[39;49m[K
KiB Swap:(B[m[39;49m[1m        0 (B[m[39;49mtotal,(B[m[39;49m[1m        0 (B[m[39;49mfree,(B[m[39;49m[1m        0 (B[m[39;49mused.(B[m[39;49m[1m  9156472 (B[m[39;49mavail Mem (B[m[39;49m(B[m[39;49m[K
[K


[J[H(B[mtop - 15:43:40 up  3:18,  1 user,  load average: 2.82, 2.72, 1.93(B[m[39;49m(B[m[39;49m[K

%Cpu(s):(B[m[39;49m[1m 22.9 (B[m[39;49mus,(B[m[39;49m[1m  4.5 (B[m[39;49msy,(B[m[39;49m[1m  0.0 (B[m[39;49mni,(B[m[39;49m[1m 71.8 (B[m[39;49mid,(B[m[39;49m[1m  0.3 (B[m[39;49mwa,(B[m[39;49m[1m  0.0 (B[m[39;49mhi,(B[m[39;49m[1m  0.6 (B[m[39;49msi,(B[m[39;49m[1m  0.0 (B[m[39;49mst(B[m[39;49m(B[m[39;49m[K
KiB Mem :(B[m[39;49m[1m 12185136 (B[m[39;49mtotal,(B[m[39;49m[1m  7607776 (B[m[39;49mfree,(B[m[39;49m[1m  2198368 (B[m[39;49mused,(B[m[39;49m[1m  2378992 (B[m[39;49mbuff/cache(B[m[39;49m(B[m[39;49m[K
KiB Swap:(B[m[39;49m[1m        0 (B[m[39;49mtotal,(B[m[39;49m[1m        0 (B[m[39;49mfree,(B[m[39;49m[1m        0 (B[m[39;49mused.(B[m[39;49m[1m  9149408 (B[m[39;49mavail Mem (B[m[39;49m(B[m[39;49m[K
[K


[J[H(B[mtop - 15:43:43 up  3:18,  1 user,  load average: 3.00, 2.75, 1.95(B[m[39;49m(B[m[39;49m[K

%Cpu(s):(B[m[39;49m[1m 21.9 (B[m[39;49mus,(B[m[39;49m[1m  3.8 (B[m[39;49msy,(B[m[39;49m[1m  0.0 (B[m[39;49mni,(B[m[39;49m[1m 73.7 (B[m[39;49mid,(B[m[39;49m[1m  0.3 (B[m[39;49mwa,(B[m[39;49m[1m  0.0 (B[m[39;49mhi,(B[m[39;49m[1m  0.3 (B[m[39;49msi,(B[m[39;49m[1m  0.0 (B[m[39;49mst(B[m[39;49m(B[m[39;49m[K
KiB Mem :(B[m[39;49m[1m 12185136 (B[m[39;49mtotal,(B[m[39;49m[1m  7598724 (B[m[39;49mfree,(B[m[39;49m[1m  2208620 (B[m[39;49mused,(B[m[39;49m[1m  2377792 (B[m[39;49mbuff/cache(B[m[39;49m(B[m[39;49m[K
KiB Swap:(B[m[39;49m[1m        0 (B[m[39;49mtotal,(B[m[39;49m[1m        0 (B[m[39;49mfree,(B[m[39;49m[1m        0 (B[m[39;49mused.(B[m[39;49m[1m  9140372 (B[m[39;49mavail Mem (B[m[39;49m(B[m[39;49m[K
[K


[J[H(B[mtop - 15:43:46 up  3:18,  1 user,  load average: 3.00, 2.75, 1.95(B[m[39;49m(B[m[39;49m[K

%Cpu(s):(B[m[39;49m[1m 22.2 (B[m[39;49mus,(B[m[39;49m[1m  4.7 (B[m[39;49msy,(B[m[39;49m[1m  0.0 (B[m[39;49mni,(B[m[39;49m[1m 72.5 (B[m[39;49mid,(B[m[39;49m[1m  0.3 (B[m[39;49mwa,(B[m[39;49m[1m  0.0 (B[m[39;49mhi,(B[m[39;49m[1m  0.3 (B[m[39;49msi,(B[m[39;49m[1m  0.0 (B[m[39;49mst(B[m[39;49m(B[m[39;49m[K
KiB Mem :(B[m[39;49m[1m 12185136 (B[m[39;49mtotal,(B[m[39;49m[1m  7630096 (B[m[39;49mfree,(B[m[39;49m[1m  2177244 (B[m[39;49mused,(B[m[39;49m[1m  2377796 (B[m[39;49mbuff/cache(B[m[39;49m(B[m[39;49m[K
KiB Swap:(B[m[39;49m[1m        0 (B[m[39;49mtotal,(B[m[39;49m[1m        0 (B[m[39;49mfree,(B[m[39;49m[1m        0 (B[m[39;49mused.(B[m[39;49m[1m  9171752 (B[m[39;49mavail Mem (B[m[39;49m(B[m[39;49m[K
[K


[J[H(B[mtop - 15:43:49 up  3:18,  1 user,  load average: 3.00, 2.76, 1.95(B[m[39;49m(B[m[39;49m[K

%Cpu(s):(B[m[39;49m[1m 22.8 (B[m[39;49mus,(B[m[39;49m[1m  5.0 (B[m[39;49msy,(B[m[39;49m[1m  0.0 (B[m[39;49mni,(B[m[39;49m[1m 71.6 (B[m[39;49mid,(B[m[39;49m[1m  0.3 (B[m[39;49mwa,(B[m[39;49m[1m  0.0 (B[m[39;49mhi,(B[m[39;49m[1m  0.3 (B[m[39;49msi,(B[m[39;49m[1m  0.0 (B[m[39;49mst(B[m[39;49m(B[m[39;49m[K
KiB Mem :(B[m[39;49m[1m 12185136 (B[m[39;49mtotal,(B[m[39;49m[1m  7622780 (B[m[39;49mfree,(B[m[39;49m[1m  2184580 (B[m[39;49mused,(B[m[39;49m[1m  2377776 (B[m[39;49mbuff/cache(B[m[39;49m(B[m[39;49m[K
KiB Swap:(B[m[39;49m[1m        0 (B[m[39;49mtotal,(B[m[39;49m[1m        0 (B[m[39;49mfree,(B[m[39;49m[1m        0 (B[m[39;49mused.(B[m[39;49m[1m  9164452 (B[m[39;49mavail Mem (B[m[39;49m(B[m[39;49m[K
[K


[J[H(B[mtop - 15:43:52 up  3:19,  1 user,  load average: 3.00, 2.76, 1.96(B[m[39;49m(B[m[39;49m[K

%Cpu(s):(B[m[39;49m[1m 22.5 (B[m[39;49mus,(B[m[39;49m[1m  5.2 (B[m[39;49msy,(B[m[39;49m[1m  0.0 (B[m[39;49mni,(B[m[39;49m[1m 71.8 (B[m[39;49mid,(B[m[39;49m[1m  0.3 (B[m[39;49mwa,(B[m[39;49m[1m  0.0 (B[m[39;49mhi,(B[m[39;49m[1m  0.3 (B[m[39;49msi,(B[m[39;49m[1m  0.0 (B[m[39;49mst(B[m[39;49m(B[m[39;49m[K
KiB Mem :(B[m[39;49m[1m 12185136 (B[m[39;49mtotal,(B[m[39;49m[1m  7613456 (B[m[39;49mfree,(B[m[39;49m[1m  2194180 (B[m[39;49mused,(B[m[39;49m[1m  2377500 (B[m[39;49mbuff/cache(B[m[39;49m(B[m[39;49m[K
KiB Swap:(B[m[39;49m[1m        0 (B[m[39;49mtotal,(B[m[39;49m[1m        0 (B[m[39;49mfree,(B[m[39;49m[1m        0 (B[m[39;49mused.(B[m[39;49m[1m  9155024 (B[m[39;49mavail Mem (B[m[39;49m(B[m[39;49m[K
[K


[J[H(B[mtop - 15:43:55 up  3:19,  1 user,  load average: 3.00, 2.76, 1.96(B[m[39;49m(B[m[39;49m[K

%Cpu(s):(B[m[39;49m[1m 22.9 (B[m[39;49mus,(B[m[39;49m[1m  5.6 (B[m[39;49msy,(B[m[39;49m[1m  0.0 (B[m[39;49mni,(B[m[39;49m[1m 70.3 (B[m[39;49mid,(B[m[39;49m[1m  0.8 (B[m[39;49mwa,(B[m[39;49m[1m  0.0 (B[m[39;49mhi,(B[m[39;49m[1m  0.4 (B[m[39;49msi,(B[m[39;49m[1m  0.0 (B[m[39;49mst(B[m[39;49m(B[m[39;49m[K
KiB Mem :(B[m[39;49m[1m 12185136 (B[m[39;49mtotal,(B[m[39;49m[1m  7640084 (B[m[39;49mfree,(B[m[39;49m[1m  2167812 (B[m[39;49mused,(B[m[39;49m[1m  2377240 (B[m[39;49mbuff/cache(B[m[39;49m(B[m[39;49m[K
KiB Swap:(B[m[39;49m[1m        0 (B[m[39;49mtotal,(B[m[39;49m[1m        0 (B[m[39;49mfree,(B[m[39;49m[1m        0 (B[m[39;49mused.(B[m[39;49m[1m  9181660 (B[m[39;49mavail Mem (B[m[39;49m(B[m[39;49m[K
[K


[J[H(B[mtop - 15:43:58 up  3:19,  1 user,  load average: 3.00, 2.77, 1.97(B[m[39;49m(B[m[39;49m[K

%Cpu(s):(B[m[39;49m[1m 23.3 (B[m[39;49mus,(B[m[39;49m[1m  4.9 (B[m[39;49msy,(B[m[39;49m[1m  0.0 (B[m[39;49mni,(B[m[39;49m[1m 71.1 (B[m[39;49mid,(B[m[39;49m[1m  0.3 (B[m[39;49mwa,(B[m[39;49m[1m  0.0 (B[m[39;49mhi,(B[m[39;49m[1m  0.4 (B[m[39;49msi,(B[m[39;49m[1m  0.0 (B[m[39;49mst(B[m[39;49m(B[m[39;49m[K
KiB Mem :(B[m[39;49m[1m 12185136 (B[m[39;49mtotal,(B[m[39;49m[1m  7633060 (B[m[39;49mfree,(B[m[39;49m[1m  2174580 (B[m[39;49mused,(B[m[39;49m[1m  2377496 (B[m[39;49mbuff/cache(B[m[39;49m(B[m[39;49m[K
KiB Swap:(B[m[39;49m[1m        0 (B[m[39;49mtotal,(B[m[39;49m[1m        0 (B[m[39;49mfree,(B[m[39;49m[1m        0 (B[m[39;49mused.(B[m[39;49m[1m  9174668 (B[m[39;49mavail Mem (B[m[39;49m(B[m[39;49m[K
[K


[J[H(B[mtop - 15:44:01 up  3:19,  1 user,  load average: 3.00, 2.77, 1.97(B[m[39;49m(B[m[39;49m[K

%Cpu(s):(B[m[39;49m[1m 22.5 (B[m[39;49mus,(B[m[39;49m[1m  4.9 (B[m[39;49msy,(B[m[39;49m[1m  0.0 (B[m[39;49mni,(B[m[39;49m[1m 71.3 (B[m[39;49mid,(B[m[39;49m[1m  0.9 (B[m[39;49mwa,(B[m[39;49m[1m  0.0 (B[m[39;49mhi,(B[m[39;49m[1m  0.4 (B[m[39;49msi,(B[m[39;49m[1m  0.0 (B[m[39;49mst(B[m[39;49m(B[m[39;49m[K
KiB Mem :(B[m[39;49m[1m 12185136 (B[m[39;49mtotal,(B[m[39;49m[1m  7626240 (B[m[39;49mfree,(B[m[39;49m[1m  2181708 (B[m[39;49mused,(B[m[39;49m[1m  2377188 (B[m[39;49mbuff/cache(B[m[39;49m(B[m[39;49m[K
KiB Swap:(B[m[39;49m[1m        0 (B[m[39;49mtotal,(B[m[39;49m[1m        0 (B[m[39;49mfree,(B[m[39;49m[1m        0 (B[m[39;49mused.(B[m[39;49m[1m  9167940 (B[m[39;49mavail Mem (B[m[39;49m(B[m[39;49m[K
[K


[J[H(B[mtop - 15:44:04 up  3:19,  1 user,  load average: 2.92, 2.75, 1.97(B[m[39;49m(B[m[39;49m[K

%Cpu(s):(B[m[39;49m[1m 24.1 (B[m[39;49mus,(B[m[39;49m[1m  5.0 (B[m[39;49msy,(B[m[39;49m[1m  0.0 (B[m[39;49mni,(B[m[39;49m[1m 70.5 (B[m[39;49mid,(B[m[39;49m[1m  0.1 (B[m[39;49mwa,(B[m[39;49m[1m  0.0 (B[m[39;49mhi,(B[m[39;49m[1m  0.3 (B[m[39;49msi,(B[m[39;49m[1m  0.0 (B[m[39;49mst(B[m[39;49m(B[m[39;49m[K
KiB Mem :(B[m[39;49m[1m 12185136 (B[m[39;49mtotal,(B[m[39;49m[1m  7618304 (B[m[39;49mfree,(B[m[39;49m[1m  2189116 (B[m[39;49mused,(B[m[39;49m[1m  2377716 (B[m[39;49mbuff/cache(B[m[39;49m(B[m[39;49m[K
KiB Swap:(B[m[39;49m[1m        0 (B[m[39;49mtotal,(B[m[39;49m[1m        0 (B[m[39;49mfree,(B[m[39;49m[1m        0 (B[m[39;49mused.(B[m[39;49m[1m  9160020 (B[m[39;49mavail Mem (B[m[39;49m(B[m[39;49m[K
[K


[J[H(B[mtop - 15:44:07 up  3:19,  1 user,  load average: 2.84, 2.74, 1.97(B[m[39;49m(B[m[39;49m[K

%Cpu(s):(B[m[39;49m[1m 23.6 (B[m[39;49mus,(B[m[39;49m[1m  4.5 (B[m[39;49msy,(B[m[39;49m[1m  0.0 (B[m[39;49mni,(B[m[39;49m[1m 71.2 (B[m[39;49mid,(B[m[39;49m[1m  0.3 (B[m[39;49mwa,(B[m[39;49m[1m  0.0 (B[m[39;49mhi,(B[m[39;49m[1m  0.4 (B[m[39;49msi,(B[m[39;49m[1m  0.0 (B[m[39;49mst(B[m[39;49m(B[m[39;49m[K
KiB Mem :(B[m[39;49m[1m 12185136 (B[m[39;49mtotal,(B[m[39;49m[1m  7596356 (B[m[39;49mfree,(B[m[39;49m[1m  2210884 (B[m[39;49mused,(B[m[39;49m[1m  2377896 (B[m[39;49mbuff/cache(B[m[39;49m(B[m[39;49m[K
KiB Swap:(B[m[39;49m[1m        0 (B[m[39;49mtotal,(B[m[39;49m[1m        0 (B[m[39;49mfree,(B[m[39;49m[1m        0 (B[m[39;49mused.(B[m[39;49m[1m  9138080 (B[m[39;49mavail Mem (B[m[39;49m(B[m[39;49m[K
[K


[J[H(B[mtop - 15:44:10 up  3:19,  1 user,  load average: 2.84, 2.74, 1.97(B[m[39;49m(B[m[39;49m[K

%Cpu(s):(B[m[39;49m[1m 23.3 (B[m[39;49mus,(B[m[39;49m[1m  4.5 (B[m[39;49msy,(B[m[39;49m[1m  0.0 (B[m[39;49mni,(B[m[39;49m[1m 71.6 (B[m[39;49mid,(B[m[39;49m[1m  0.2 (B[m[39;49mwa,(B[m[39;49m[1m  0.0 (B[m[39;49mhi,(B[m[39;49m[1m  0.5 (B[m[39;49msi,(B[m[39;49m[1m  0.0 (B[m[39;49mst(B[m[39;49m(B[m[39;49m[K
KiB Mem :(B[m[39;49m[1m 12185136 (B[m[39;49mtotal,(B[m[39;49m[1m  7648436 (B[m[39;49mfree,(B[m[39;49m[1m  2159428 (B[m[39;49mused,(B[m[39;49m[1m  2377272 (B[m[39;49mbuff/cache(B[m[39;49m(B[m[39;49m[K
KiB Swap:(B[m[39;49m[1m        0 (B[m[39;49mtotal,(B[m[39;49m[1m        0 (B[m[39;49mfree,(B[m[39;49m[1m        0 (B[m[39;49mused.(B[m[39;49m[1m  9190168 (B[m[39;49mavail Mem (B[m[39;49m(B[m[39;49m[K
[K


[J[H(B[mtop - 15:44:14 up  3:19,  1 user,  load average: 2.78, 2.73, 1.97(B[m[39;49m(B[m[39;49m[K

%Cpu(s):(B[m[39;49m[1m 23.1 (B[m[39;49mus,(B[m[39;49m[1m  4.4 (B[m[39;49msy,(B[m[39;49m[1m  0.0 (B[m[39;49mni,(B[m[39;49m[1m 71.4 (B[m[39;49mid,(B[m[39;49m[1m  0.6 (B[m[39;49mwa,(B[m[39;49m[1m  0.0 (B[m[39;49mhi,(B[m[39;49m[1m  0.4 (B[m[39;49msi,(B[m[39;49m[1m  0.0 (B[m[39;49mst(B[m[39;49m(B[m[39;49m[K
KiB Mem :(B[m[39;49m[1m 12185136 (B[m[39;49mtotal,(B[m[39;49m[1m  7646204 (B[m[39;49mfree,(B[m[39;49m[1m  2161228 (B[m[39;49mused,(B[m[39;49m[1m  2377704 (B[m[39;49mbuff/cache(B[m[39;49m(B[m[39;49m[K
KiB Swap:(B[m[39;49m[1m        0 (B[m[39;49mtotal,(B[m[39;49m[1m        0 (B[m[39;49mfree,(B[m[39;49m[1m        0 (B[m[39;49mused.(B[m[39;49m[1m  9187960 (B[m[39;49mavail Mem (B[m[39;49m(B[m[39;49m[K
[K


[J[H(B[mtop - 15:44:17 up  3:19,  1 user,  load average: 2.78, 2.73, 1.97(B[m[39;49m(B[m[39;49m[K

%Cpu(s):(B[m[39;49m[1m 23.3 (B[m[39;49mus,(B[m[39;49m[1m  4.0 (B[m[39;49msy,(B[m[39;49m[1m  0.0 (B[m[39;49mni,(B[m[39;49m[1m 72.1 (B[m[39;49mid,(B[m[39;49m[1m  0.1 (B[m[39;49mwa,(B[m[39;49m[1m  0.0 (B[m[39;49mhi,(B[m[39;49m[1m  0.5 (B[m[39;49msi,(B[m[39;49m[1m  0.0 (B[m[39;49mst(B[m[39;49m(B[m[39;49m[K
KiB Mem :(B[m[39;49m[1m 12185136 (B[m[39;49mtotal,(B[m[39;49m[1m  7641748 (B[m[39;49mfree,(B[m[39;49m[1m  2165772 (B[m[39;49mused,(B[m[39;49m[1m  2377616 (B[m[39;49mbuff/cache(B[m[39;49m(B[m[39;49m[K
KiB Swap:(B[m[39;49m[1m        0 (B[m[39;49mtotal,(B[m[39;49m[1m        0 (B[m[39;49mfree,(B[m[39;49m[1m        0 (B[m[39;49mused.(B[m[39;49m[1m  9183504 (B[m[39;49mavail Mem (B[m[39;49m(B[m[39;49m[K
[K


[J[H(B[mtop - 15:44:20 up  3:19,  1 user,  load average: 2.79, 2.73, 1.97(B[m[39;49m(B[m[39;49m[K

%Cpu(s):(B[m[39;49m[1m 23.0 (B[m[39;49mus,(B[m[39;49m[1m  3.6 (B[m[39;49msy,(B[m[39;49m[1m  0.0 (B[m[39;49mni,(B[m[39;49m[1m 72.6 (B[m[39;49mid,(B[m[39;49m[1m  0.3 (B[m[39;49mwa,(B[m[39;49m[1m  0.0 (B[m[39;49mhi,(B[m[39;49m[1m  0.4 (B[m[39;49msi,(B[m[39;49m[1m  0.0 (B[m[39;49mst(B[m[39;49m(B[m[39;49m[K
KiB Mem :(B[m[39;49m[1m 12185136 (B[m[39;49mtotal,(B[m[39;49m[1m  7636036 (B[m[39;49mfree,(B[m[39;49m[1m  2171520 (B[m[39;49mused,(B[m[39;49m[1m  2377580 (B[m[39;49mbuff/cache(B[m[39;49m(B[m[39;49m[K
KiB Swap:(B[m[39;49m[1m        0 (B[m[39;49mtotal,(B[m[39;49m[1m        0 (B[m[39;49mfree,(B[m[39;49m[1m        0 (B[m[39;49mused.(B[m[39;49m[1m  9177812 (B[m[39;49mavail Mem (B[m[39;49m(B[m[39;49m[K
[K


[J[H(B[mtop - 15:44:23 up  3:19,  1 user,  load average: 2.81, 2.74, 1.98(B[m[39;49m(B[m[39;49m[K

%Cpu(s):(B[m[39;49m[1m 22.4 (B[m[39;49mus,(B[m[39;49m[1m  5.3 (B[m[39;49msy,(B[m[39;49m[1m  0.0 (B[m[39;49mni,(B[m[39;49m[1m 71.8 (B[m[39;49mid,(B[m[39;49m[1m  0.2 (B[m[39;49mwa,(B[m[39;49m[1m  0.0 (B[m[39;49mhi,(B[m[39;49m[1m  0.3 (B[m[39;49msi,(B[m[39;49m[1m  0.0 (B[m[39;49mst(B[m[39;49m(B[m[39;49m[K
KiB Mem :(B[m[39;49m[1m 12185136 (B[m[39;49mtotal,(B[m[39;49m[1m  7629092 (B[m[39;49mfree,(B[m[39;49m[1m  2177168 (B[m[39;49mused,(B[m[39;49m[1m  2378876 (B[m[39;49mbuff/cache(B[m[39;49m(B[m[39;49m[K
KiB Swap:(B[m[39;49m[1m        0 (B[m[39;49mtotal,(B[m[39;49m[1m        0 (B[m[39;49mfree,(B[m[39;49m[1m        0 (B[m[39;49mused.(B[m[39;49m[1m  9170868 (B[m[39;49mavail Mem (B[m[39;49m(B[m[39;49m[K
[K


[J[H(B[mtop - 15:44:26 up  3:19,  1 user,  load average: 2.81, 2.74, 1.98(B[m[39;49m(B[m[39;49m[K

%Cpu(s):(B[m[39;49m[1m 22.6 (B[m[39;49mus,(B[m[39;49m[1m  4.4 (B[m[39;49msy,(B[m[39;49m[1m  0.0 (B[m[39;49mni,(B[m[39;49m[1m 72.5 (B[m[39;49mid,(B[m[39;49m[1m  0.2 (B[m[39;49mwa,(B[m[39;49m[1m  0.0 (B[m[39;49mhi,(B[m[39;49m[1m  0.3 (B[m[39;49msi,(B[m[39;49m[1m  0.0 (B[m[39;49mst(B[m[39;49m(B[m[39;49m[K
KiB Mem :(B[m[39;49m[1m 12185136 (B[m[39;49mtotal,(B[m[39;49m[1m  7623760 (B[m[39;49mfree,(B[m[39;49m[1m  2184300 (B[m[39;49mused,(B[m[39;49m[1m  2377076 (B[m[39;49mbuff/cache(B[m[39;49m(B[m[39;49m[K
KiB Swap:(B[m[39;49m[1m        0 (B[m[39;49mtotal,(B[m[39;49m[1m        0 (B[m[39;49mfree,(B[m[39;49m[1m        0 (B[m[39;49mused.(B[m[39;49m[1m  9165544 (B[m[39;49mavail Mem (B[m[39;49m(B[m[39;49m[K
[K


[J[H(B[mtop - 15:44:29 up  3:19,  1 user,  load average: 2.75, 2.73, 1.98(B[m[39;49m(B[m[39;49m[K

%Cpu(s):(B[m[39;49m[1m 22.6 (B[m[39;49mus,(B[m[39;49m[1m  3.6 (B[m[39;49msy,(B[m[39;49m[1m  0.0 (B[m[39;49mni,(B[m[39;49m[1m 73.1 (B[m[39;49mid,(B[m[39;49m[1m  0.3 (B[m[39;49mwa,(B[m[39;49m[1m  0.0 (B[m[39;49mhi,(B[m[39;49m[1m  0.4 (B[m[39;49msi,(B[m[39;49m[1m  0.0 (B[m[39;49mst(B[m[39;49m(B[m[39;49m[K
KiB Mem :(B[m[39;49m[1m 12185136 (B[m[39;49mtotal,(B[m[39;49m[1m  7615524 (B[m[39;49mfree,(B[m[39;49m[1m  2191116 (B[m[39;49mused,(B[m[39;49m[1m  2378496 (B[m[39;49mbuff/cache(B[m[39;49m(B[m[39;49m[K
KiB Swap:(B[m[39;49m[1m        0 (B[m[39;49mtotal,(B[m[39;49m[1m        0 (B[m[39;49mfree,(B[m[39;49m[1m        0 (B[m[39;49mused.(B[m[39;49m[1m  9157320 (B[m[39;49mavail Mem (B[m[39;49m(B[m[39;49m[K
[K


[J[H(B[mtop - 15:44:32 up  3:19,  1 user,  load average: 2.75, 2.73, 1.98(B[m[39;49m(B[m[39;49m[K

%Cpu(s):(B[m[39;49m[1m 22.6 (B[m[39;49mus,(B[m[39;49m[1m  4.5 (B[m[39;49msy,(B[m[39;49m[1m  0.0 (B[m[39;49mni,(B[m[39;49m[1m 72.0 (B[m[39;49mid,(B[m[39;49m[1m  0.3 (B[m[39;49mwa,(B[m[39;49m[1m  0.0 (B[m[39;49mhi,(B[m[39;49m[1m  0.6 (B[m[39;49msi,(B[m[39;49m[1m  0.0 (B[m[39;49mst(B[m[39;49m(B[m[39;49m[K
KiB Mem :(B[m[39;49m[1m 12185136 (B[m[39;49mtotal,(B[m[39;49m[1m  7608756 (B[m[39;49mfree,(B[m[39;49m[1m  2198724 (B[m[39;49mused,(B[m[39;49m[1m  2377656 (B[m[39;49mbuff/cache(B[m[39;49m(B[m[39;49m[K
KiB Swap:(B[m[39;49m[1m        0 (B[m[39;49mtotal,(B[m[39;49m[1m        0 (B[m[39;49mfree,(B[m[39;49m[1m        0 (B[m[39;49mused.(B[m[39;49m[1m  9150560 (B[m[39;49mavail Mem (B[m[39;49m(B[m[39;49m[K
[K


[J[H(B[mtop - 15:44:35 up  3:19,  1 user,  load average: 2.77, 2.73, 1.99(B[m[39;49m(B[m[39;49m[K

%Cpu(s):(B[m[39;49m[1m 22.0 (B[m[39;49mus,(B[m[39;49m[1m  4.3 (B[m[39;49msy,(B[m[39;49m[1m  0.0 (B[m[39;49mni,(B[m[39;49m[1m 72.9 (B[m[39;49mid,(B[m[39;49m[1m  0.2 (B[m[39;49mwa,(B[m[39;49m[1m  0.0 (B[m[39;49mhi,(B[m[39;49m[1m  0.6 (B[m[39;49msi,(B[m[39;49m[1m  0.0 (B[m[39;49mst(B[m[39;49m(B[m[39;49m[K
KiB Mem :(B[m[39;49m[1m 12185136 (B[m[39;49mtotal,(B[m[39;49m[1m  7598836 (B[m[39;49mfree,(B[m[39;49m[1m  2208708 (B[m[39;49mused,(B[m[39;49m[1m  2377592 (B[m[39;49mbuff/cache(B[m[39;49m(B[m[39;49m[K
KiB Swap:(B[m[39;49m[1m        0 (B[m[39;49mtotal,(B[m[39;49m[1m        0 (B[m[39;49mfree,(B[m[39;49m[1m        0 (B[m[39;49mused.(B[m[39;49m[1m  9140644 (B[m[39;49mavail Mem (B[m[39;49m(B[m[39;49m[K
[K


[J[H(B[mtop - 15:44:38 up  3:19,  1 user,  load average: 2.79, 2.74, 1.99(B[m[39;49m(B[m[39;49m[K

%Cpu(s):(B[m[39;49m[1m 22.2 (B[m[39;49mus,(B[m[39;49m[1m  4.7 (B[m[39;49msy,(B[m[39;49m[1m  0.0 (B[m[39;49mni,(B[m[39;49m[1m 72.4 (B[m[39;49mid,(B[m[39;49m[1m  0.4 (B[m[39;49mwa,(B[m[39;49m[1m  0.0 (B[m[39;49mhi,(B[m[39;49m[1m  0.3 (B[m[39;49msi,(B[m[39;49m[1m  0.0 (B[m[39;49mst(B[m[39;49m(B[m[39;49m[K
KiB Mem :(B[m[39;49m[1m 12185136 (B[m[39;49mtotal,(B[m[39;49m[1m  7587436 (B[m[39;49mfree,(B[m[39;49m[1m  2218412 (B[m[39;49mused,(B[m[39;49m[1m  2379288 (B[m[39;49mbuff/cache(B[m[39;49m(B[m[39;49m[K
KiB Swap:(B[m[39;49m[1m        0 (B[m[39;49mtotal,(B[m[39;49m[1m        0 (B[m[39;49mfree,(B[m[39;49m[1m        0 (B[m[39;49mused.(B[m[39;49m[1m  9129264 (B[m[39;49mavail Mem (B[m[39;49m(B[m[39;49m[K
[K


[J[H(B[mtop - 15:44:41 up  3:19,  1 user,  load average: 2.79, 2.74, 1.99(B[m[39;49m(B[m[39;49m[K

%Cpu(s):(B[m[39;49m[1m 28.7 (B[m[39;49mus,(B[m[39;49m[1m  5.6 (B[m[39;49msy,(B[m[39;49m[1m  0.0 (B[m[39;49mni,(B[m[39;49m[1m 65.1 (B[m[39;49mid,(B[m[39;49m[1m  0.2 (B[m[39;49mwa,(B[m[39;49m[1m  0.0 (B[m[39;49mhi,(B[m[39;49m[1m  0.4 (B[m[39;49msi,(B[m[39;49m[1m  0.0 (B[m[39;49mst(B[m[39;49m(B[m[39;49m[K
KiB Mem :(B[m[39;49m[1m 12185136 (B[m[39;49mtotal,(B[m[39;49m[1m  7526408 (B[m[39;49mfree,(B[m[39;49m[1m  2231432 (B[m[39;49mused,(B[m[39;49m[1m  2427296 (B[m[39;49mbuff/cache(B[m[39;49m(B[m[39;49m[K
KiB Swap:(B[m[39;49m[1m        0 (B[m[39;49mtotal,(B[m[39;49m[1m        0 (B[m[39;49mfree,(B[m[39;49m[1m        0 (B[m[39;49mused.(B[m[39;49m[1m  9068044 (B[m[39;49mavail Mem (B[m[39;49m(B[m[39;49m[K
[K


[J[H(B[mtop - 15:44:44 up  3:19,  1 user,  load average: 2.88, 2.76, 2.00(B[m[39;49m(B[m[39;49m[K

%Cpu(s):(B[m[39;49m[1m 48.7 (B[m[39;49mus,(B[m[39;49m[1m 10.2 (B[m[39;49msy,(B[m[39;49m[1m  0.0 (B[m[39;49mni,(B[m[39;49m[1m 39.2 (B[m[39;49mid,(B[m[39;49m[1m  0.9 (B[m[39;49mwa,(B[m[39;49m[1m  0.0 (B[m[39;49mhi,(B[m[39;49m[1m  0.9 (B[m[39;49msi,(B[m[39;49m[1m  0.0 (B[m[39;49mst(B[m[39;49m(B[m[39;49m[K
KiB Mem :(B[m[39;49m[1m 12185136 (B[m[39;49mtotal,(B[m[39;49m[1m  7523352 (B[m[39;49mfree,(B[m[39;49m[1m  2245488 (B[m[39;49mused,(B[m[39;49m[1m  2416296 (B[m[39;49mbuff/cache(B[m[39;49m(B[m[39;49m[K
KiB Swap:(B[m[39;49m[1m        0 (B[m[39;49mtotal,(B[m[39;49m[1m        0 (B[m[39;49mfree,(B[m[39;49m[1m        0 (B[m[39;49mused.(B[m[39;49m[1m  9065160 (B[m[39;49mavail Mem (B[m[39;49m(B[m[39;49m[K
[K


[J[H(B[mtop - 15:44:47 up  3:19,  1 user,  load average: 2.88, 2.76, 2.00(B[m[39;49m(B[m[39;49m[K

%Cpu(s):(B[m[39;49m[1m 46.5 (B[m[39;49mus,(B[m[39;49m[1m  9.1 (B[m[39;49msy,(B[m[39;49m[1m  0.0 (B[m[39;49mni,(B[m[39;49m[1m 42.6 (B[m[39;49mid,(B[m[39;49m[1m  0.8 (B[m[39;49mwa,(B[m[39;49m[1m  0.0 (B[m[39;49mhi,(B[m[39;49m[1m  0.9 (B[m[39;49msi,(B[m[39;49m[1m  0.0 (B[m[39;49mst(B[m[39;49m(B[m[39;49m[K
KiB Mem :(B[m[39;49m[1m 12185136 (B[m[39;49mtotal,(B[m[39;49m[1m  7557968 (B[m[39;49mfree,(B[m[39;49m[1m  2214052 (B[m[39;49mused,(B[m[39;49m[1m  2413116 (B[m[39;49mbuff/cache(B[m[39;49m(B[m[39;49m[K
KiB Swap:(B[m[39;49m[1m        0 (B[m[39;49mtotal,(B[m[39;49m[1m        0 (B[m[39;49mfree,(B[m[39;49m[1m        0 (B[m[39;49mused.(B[m[39;49m[1m  9099796 (B[m[39;49mavail Mem (B[m[39;49m(B[m[39;49m[K
[K


[J[H(B[mtop - 15:44:50 up  3:19,  1 user,  load average: 2.81, 2.74, 2.00(B[m[39;49m(B[m[39;49m[K

%Cpu(s):(B[m[39;49m[1m 47.1 (B[m[39;49mus,(B[m[39;49m[1m  9.0 (B[m[39;49msy,(B[m[39;49m[1m  0.0 (B[m[39;49mni,(B[m[39;49m[1m 41.2 (B[m[39;49mid,(B[m[39;49m[1m  1.4 (B[m[39;49mwa,(B[m[39;49m[1m  0.0 (B[m[39;49mhi,(B[m[39;49m[1m  1.2 (B[m[39;49msi,(B[m[39;49m[1m  0.0 (B[m[39;49mst(B[m[39;49m(B[m[39;49m[K
KiB Mem :(B[m[39;49m[1m 12185136 (B[m[39;49mtotal,(B[m[39;49m[1m  7553536 (B[m[39;49mfree,(B[m[39;49m[1m  2217916 (B[m[39;49mused,(B[m[39;49m[1m  2413684 (B[m[39;49mbuff/cache(B[m[39;49m(B[m[39;49m[K
KiB Swap:(B[m[39;49m[1m        0 (B[m[39;49mtotal,(B[m[39;49m[1m        0 (B[m[39;49mfree,(B[m[39;49m[1m        0 (B[m[39;49mused.(B[m[39;49m[1m  9095376 (B[m[39;49mavail Mem (B[m[39;49m(B[m[39;49m[K
[K


[J[H(B[mtop - 15:44:53 up  3:20,  1 user,  load average: 2.99, 2.78, 2.02(B[m[39;49m(B[m[39;49m[K

%Cpu(s):(B[m[39;49m[1m 44.4 (B[m[39;49mus,(B[m[39;49m[1m 10.7 (B[m[39;49msy,(B[m[39;49m[1m  0.0 (B[m[39;49mni,(B[m[39;49m[1m 43.5 (B[m[39;49mid,(B[m[39;49m[1m  0.6 (B[m[39;49mwa,(B[m[39;49m[1m  0.0 (B[m[39;49mhi,(B[m[39;49m[1m  0.8 (B[m[39;49msi,(B[m[39;49m[1m  0.0 (B[m[39;49mst(B[m[39;49m(B[m[39;49m[K
KiB Mem :(B[m[39;49m[1m 12185136 (B[m[39;49mtotal,(B[m[39;49m[1m  7532148 (B[m[39;49mfree,(B[m[39;49m[1m  2222368 (B[m[39;49mused,(B[m[39;49m[1m  2430620 (B[m[39;49mbuff/cache(B[m[39;49m(B[m[39;49m[K
KiB Swap:(B[m[39;49m[1m        0 (B[m[39;49mtotal,(B[m[39;49m[1m        0 (B[m[39;49mfree,(B[m[39;49m[1m        0 (B[m[39;49mused.(B[m[39;49m[1m  9073988 (B[m[39;49mavail Mem (B[m[39;49m(B[m[39;49m[K
[K


[J[H(B[mtop - 15:44:56 up  3:20,  1 user,  load average: 2.99, 2.78, 2.02(B[m[39;49m(B[m[39;49m[K
Tasks:(B[m[39;49m[1m   0 (B[m[39;49mtotal,(B[m[39;49m[1m   0 (B[m[39;49mrunning,(B[m[39;49m[1m   0 (B[m[39;49msleeping,(B[m[39;49m[1m   0 (B[m[39;49mstopped,(B[m[39;49m[1m   0 (B[m[39;49mzombie(B[m[39;49m(B[m[39;49m[K
%Cpu(s):(B[m[39;49m[1m 23.5 (B[m[39;49mus,(B[m[39;49m[1m  5.3 (B[m[39;49msy,(B[m[39;49m[1m  0.0 (B[m[39;49mni,(B[m[39;49m[1m 70.5 (B[m[39;49mid,(B[m[39;49m[1m  0.3 (B[m[39;49mwa,(B[m[39;49m[1m  0.0 (B[m[39;49mhi,(B[m[39;49m[1m  0.4 (B[m[39;49msi,(B[m[39;49m[1m  0.0 (B[m[39;49mst(B[m[39;49m(B[m[39;49m[K
KiB Mem :(B[m[39;49m[1m 12185136 (B[m[39;49mtotal,(B[m[39;49m[1m  7667904 (B[m[39;49mfree,(B[m[39;49m[1m  2152848 (B[m[39;49mused,(B[m[39;49m[1m  2364384 (B[m[39;49mbuff/cache(B[m[39;49m(B[m[39;49m[K
KiB Swap:(B[m[39;49m[1m        0 (B[m[39;49mtotal,(B[m[39;49m[1m        0 (B[m[39;49mfree,(B[m[39;49m[1m        0 (B[m[39;49mused.(B[m[39;49m[1m  9209740 (B[m[39;49mavail Mem (B[m[39;49m(B[m[39;49m[K
[K

[J[H(B[mtop - 15:44:59 up  3:20,  1 user,  load average: 2.99, 2.79, 2.02(B[m[39;49m(B[m[39;49m[K

%Cpu(s):(B[m[39;49m[1m 25.1 (B[m[39;49mus,(B[m[39;49m[1m  6.0 (B[m[39;49msy,(B[m[39;49m[1m  0.0 (B[m[39;49mni,(B[m[39;49m[1m 68.4 (B[m[39;49mid,(B[m[39;49m[1m  0.3 (B[m[39;49mwa,(B[m[39;49m[1m  0.0 (B[m[39;49mhi,(B[m[39;49m[1m  0.3 (B[m[39;49msi,(B[m[39;49m[1m  0.0 (B[m[39;49mst(B[m[39;49m(B[m[39;49m[K
KiB Mem :(B[m[39;49m[1m 12185136 (B[m[39;49mtotal,(B[m[39;49m[1m  7666548 (B[m[39;49mfree,(B[m[39;49m[1m  2158164 (B[m[39;49mused,(B[m[39;49m[1m  2360424 (B[m[39;49mbuff/cache(B[m[39;49m(B[m[39;49m[K
KiB Swap:(B[m[39;49m[1m        0 (B[m[39;49mtotal,(B[m[39;49m[1m        0 (B[m[39;49mfree,(B[m[39;49m[1m        0 (B[m[39;49mused.(B[m[39;49m[1m  9208420 (B[m[39;49mavail Mem (B[m[39;49m(B[m[39;49m[K
[K

[J[H(B[mtop - 15:45:02 up  3:20,  1 user,  load average: 2.99, 2.79, 2.02(B[m[39;49m(B[m[39;49m[K

%Cpu(s):(B[m[39;49m[1m 24.1 (B[m[39;49mus,(B[m[39;49m[1m  4.3 (B[m[39;49msy,(B[m[39;49m[1m  0.0 (B[m[39;49mni,(B[m[39;49m[1m 71.1 (B[m[39;49mid,(B[m[39;49m[1m  0.3 (B[m[39;49mwa,(B[m[39;49m[1m  0.0 (B[m[39;49mhi,(B[m[39;49m[1m  0.3 (B[m[39;49msi,(B[m[39;49m[1m  0.0 (B[m[39;49mst(B[m[39;49m(B[m[39;49m[K
KiB Mem :(B[m[39;49m[1m 12185136 (B[m[39;49mtotal,(B[m[39;49m[1m  7723464 (B[m[39;49mfree,(B[m[39;49m[1m  2104840 (B[m[39;49mused,(B[m[39;49m[1m  2356832 (B[m[39;49mbuff/cache(B[m[39;49m(B[m[39;49m[K
KiB Swap:(B[m[39;49m[1m        0 (B[m[39;49mtotal,(B[m[39;49m[1m        0 (B[m[39;49mfree,(B[m[39;49m[1m        0 (B[m[39;49mused.(B[m[39;49m[1m  9265344 (B[m[39;49mavail Mem (B[m[39;49m(B[m[39;49m[K
[K

[J[?25l[H(B[mtop - 15:45:02 up  3:20,  1 user,  load average: 2.91, 2.77, 2.02(B[m[39;49m(B[m[39;49m[K

%Cpu(s):(B[m[39;49m[1m 23.0 (B[m[39;49mus,(B[m[39;49m[1m  3.9 (B[m[39;49msy,(B[m[39;49m[1m  0.0 (B[m[39;49mni,(B[m[39;49m[1m 72.6 (B[m[39;49mid,(B[m[39;49m[1m  0.0 (B[m[39;49mwa,(B[m[39;49m[1m  0.0 (B[m[39;49mhi,(B[m[39;49m[1m  0.4 (B[m[39;49msi,(B[m[39;49m[1m  0.0 (B[m[39;49mst(B[m[39;49m(B[m[39;49m[K
[?1l>[25;1H
[?12l[?25h[K